[2024-09-08T09:00:28.648+0000] {processor.py:186} INFO - Started process (PID=38) to work on /opt/airflow/dags/example_bash_operator.py
[2024-09-08T09:00:29.058+0000] {processor.py:914} INFO - Processing file /opt/airflow/dags/example_bash_operator.py for tasks to queue
[2024-09-08T09:00:30.309+0000] {logging_mixin.py:190} INFO - [2024-09-08T09:00:29.997+0000] {dagbag.py:587} INFO - Filling up the DagBag from /opt/airflow/dags/example_bash_operator.py
[2024-09-08T09:00:36.444+0000] {processor.py:925} INFO - DAG(s) 'example_bash_operator' retrieved from /opt/airflow/dags/example_bash_operator.py
[2024-09-08T09:00:57.661+0000] {logging_mixin.py:190} INFO - [2024-09-08T09:00:57.527+0000] {override.py:1858} INFO - Created Permission View: can edit on DAG:example_bash_operator
[2024-09-08T09:00:57.783+0000] {logging_mixin.py:190} INFO - [2024-09-08T09:00:57.782+0000] {override.py:1858} INFO - Created Permission View: can delete on DAG:example_bash_operator
[2024-09-08T09:00:57.850+0000] {logging_mixin.py:190} INFO - [2024-09-08T09:00:57.849+0000] {override.py:1858} INFO - Created Permission View: can read on DAG:example_bash_operator
[2024-09-08T09:00:57.878+0000] {logging_mixin.py:190} INFO - [2024-09-08T09:00:57.872+0000] {dag.py:3211} INFO - Sync 1 DAGs
[2024-09-08T09:00:58.642+0000] {logging_mixin.py:190} INFO - [2024-09-08T09:00:58.641+0000] {dag.py:3234} INFO - Creating ORM DAG for example_bash_operator
[2024-09-08T09:00:59.607+0000] {logging_mixin.py:190} INFO - [2024-09-08T09:00:59.604+0000] {dag.py:4138} INFO - Setting next_dagrun for example_bash_operator to 2024-09-07 00:00:00+00:00, run_after=2024-09-08 00:00:00+00:00
[2024-09-08T09:01:17.160+0000] {processor.py:208} INFO - Processing /opt/airflow/dags/example_bash_operator.py took 49.374 seconds
[2024-09-08T09:02:45.475+0000] {processor.py:186} INFO - Started process (PID=43) to work on /opt/airflow/dags/example_bash_operator.py
[2024-09-08T09:02:45.478+0000] {processor.py:914} INFO - Processing file /opt/airflow/dags/example_bash_operator.py for tasks to queue
[2024-09-08T09:02:45.482+0000] {logging_mixin.py:190} INFO - [2024-09-08T09:02:45.481+0000] {dagbag.py:587} INFO - Filling up the DagBag from /opt/airflow/dags/example_bash_operator.py
[2024-09-08T09:02:45.525+0000] {processor.py:925} INFO - DAG(s) 'example_bash_operator' retrieved from /opt/airflow/dags/example_bash_operator.py
[2024-09-08T09:02:45.598+0000] {logging_mixin.py:190} INFO - [2024-09-08T09:02:45.598+0000] {dag.py:3211} INFO - Sync 1 DAGs
[2024-09-08T09:02:45.671+0000] {logging_mixin.py:190} INFO - [2024-09-08T09:02:45.671+0000] {dag.py:4138} INFO - Setting next_dagrun for example_bash_operator to 2024-09-07 00:00:00+00:00, run_after=2024-09-08 00:00:00+00:00
[2024-09-08T09:02:45.782+0000] {processor.py:208} INFO - Processing /opt/airflow/dags/example_bash_operator.py took 0.319 seconds
[2024-09-08T09:05:16.927+0000] {processor.py:186} INFO - Started process (PID=48) to work on /opt/airflow/dags/example_bash_operator.py
[2024-09-08T09:05:16.983+0000] {processor.py:914} INFO - Processing file /opt/airflow/dags/example_bash_operator.py for tasks to queue
[2024-09-08T09:05:17.370+0000] {logging_mixin.py:190} INFO - [2024-09-08T09:05:17.280+0000] {dagbag.py:587} INFO - Filling up the DagBag from /opt/airflow/dags/example_bash_operator.py
[2024-09-08T09:05:21.202+0000] {processor.py:925} INFO - DAG(s) 'example_bash_operator' retrieved from /opt/airflow/dags/example_bash_operator.py
[2024-09-08T09:05:24.509+0000] {logging_mixin.py:190} INFO - [2024-09-08T09:05:24.487+0000] {dag.py:3211} INFO - Sync 1 DAGs
[2024-09-08T09:05:25.292+0000] {logging_mixin.py:190} INFO - [2024-09-08T09:05:25.291+0000] {dag.py:4138} INFO - Setting next_dagrun for example_bash_operator to 2024-09-07 00:00:00+00:00, run_after=2024-09-08 00:00:00+00:00
[2024-09-08T09:05:25.947+0000] {processor.py:208} INFO - Processing /opt/airflow/dags/example_bash_operator.py took 9.838 seconds
[2024-09-08T09:06:46.876+0000] {processor.py:186} INFO - Started process (PID=53) to work on /opt/airflow/dags/example_bash_operator.py
[2024-09-08T09:06:46.904+0000] {processor.py:914} INFO - Processing file /opt/airflow/dags/example_bash_operator.py for tasks to queue
[2024-09-08T09:06:47.043+0000] {logging_mixin.py:190} INFO - [2024-09-08T09:06:47.004+0000] {dagbag.py:587} INFO - Filling up the DagBag from /opt/airflow/dags/example_bash_operator.py
[2024-09-08T09:06:48.960+0000] {processor.py:925} INFO - DAG(s) 'example_bash_operator' retrieved from /opt/airflow/dags/example_bash_operator.py
[2024-09-08T09:06:50.523+0000] {logging_mixin.py:190} INFO - [2024-09-08T09:06:50.517+0000] {dag.py:3211} INFO - Sync 1 DAGs
[2024-09-08T09:06:51.911+0000] {logging_mixin.py:190} INFO - [2024-09-08T09:06:51.910+0000] {dag.py:4138} INFO - Setting next_dagrun for example_bash_operator to 2024-09-07 00:00:00+00:00, run_after=2024-09-08 00:00:00+00:00
[2024-09-08T09:06:53.831+0000] {processor.py:208} INFO - Processing /opt/airflow/dags/example_bash_operator.py took 7.306 seconds
[2024-09-08T09:09:23.290+0000] {processor.py:186} INFO - Started process (PID=57) to work on /opt/airflow/dags/example_bash_operator.py
[2024-09-08T09:09:23.305+0000] {processor.py:914} INFO - Processing file /opt/airflow/dags/example_bash_operator.py for tasks to queue
[2024-09-08T09:09:23.435+0000] {logging_mixin.py:190} INFO - [2024-09-08T09:09:23.417+0000] {dagbag.py:587} INFO - Filling up the DagBag from /opt/airflow/dags/example_bash_operator.py
[2024-09-08T09:09:24.788+0000] {processor.py:925} INFO - DAG(s) 'example_bash_operator' retrieved from /opt/airflow/dags/example_bash_operator.py
[2024-09-08T09:09:26.157+0000] {logging_mixin.py:190} INFO - [2024-09-08T09:09:26.156+0000] {dag.py:3211} INFO - Sync 1 DAGs
[2024-09-08T09:09:26.624+0000] {logging_mixin.py:190} INFO - [2024-09-08T09:09:26.623+0000] {dag.py:4138} INFO - Setting next_dagrun for example_bash_operator to 2024-09-07 00:00:00+00:00, run_after=2024-09-08 00:00:00+00:00
[2024-09-08T09:09:26.879+0000] {processor.py:208} INFO - Processing /opt/airflow/dags/example_bash_operator.py took 3.830 seconds
[2024-09-08T09:12:03.055+0000] {processor.py:186} INFO - Started process (PID=62) to work on /opt/airflow/dags/example_bash_operator.py
[2024-09-08T09:12:03.072+0000] {processor.py:914} INFO - Processing file /opt/airflow/dags/example_bash_operator.py for tasks to queue
[2024-09-08T09:12:03.179+0000] {logging_mixin.py:190} INFO - [2024-09-08T09:12:03.158+0000] {dagbag.py:587} INFO - Filling up the DagBag from /opt/airflow/dags/example_bash_operator.py
[2024-09-08T09:12:03.886+0000] {processor.py:925} INFO - DAG(s) 'example_bash_operator' retrieved from /opt/airflow/dags/example_bash_operator.py
[2024-09-08T09:12:04.372+0000] {logging_mixin.py:190} INFO - [2024-09-08T09:12:04.371+0000] {dag.py:3211} INFO - Sync 1 DAGs
[2024-09-08T09:12:04.720+0000] {logging_mixin.py:190} INFO - [2024-09-08T09:12:04.720+0000] {dag.py:4138} INFO - Setting next_dagrun for example_bash_operator to 2024-09-07 00:00:00+00:00, run_after=2024-09-08 00:00:00+00:00
[2024-09-08T09:12:04.893+0000] {processor.py:208} INFO - Processing /opt/airflow/dags/example_bash_operator.py took 2.003 seconds
[2024-09-08T09:12:36.952+0000] {processor.py:186} INFO - Started process (PID=67) to work on /opt/airflow/dags/example_bash_operator.py
[2024-09-08T09:12:36.975+0000] {processor.py:914} INFO - Processing file /opt/airflow/dags/example_bash_operator.py for tasks to queue
[2024-09-08T09:12:37.170+0000] {logging_mixin.py:190} INFO - [2024-09-08T09:12:37.139+0000] {dagbag.py:587} INFO - Filling up the DagBag from /opt/airflow/dags/example_bash_operator.py
[2024-09-08T09:12:39.119+0000] {processor.py:925} INFO - DAG(s) 'example_bash_operator' retrieved from /opt/airflow/dags/example_bash_operator.py
[2024-09-08T09:12:41.080+0000] {logging_mixin.py:190} INFO - [2024-09-08T09:12:40.995+0000] {dag.py:3211} INFO - Sync 1 DAGs
[2024-09-08T09:12:43.272+0000] {logging_mixin.py:190} INFO - [2024-09-08T09:12:43.265+0000] {dag.py:4138} INFO - Setting next_dagrun for example_bash_operator to 2024-09-07 00:00:00+00:00, run_after=2024-09-08 00:00:00+00:00
[2024-09-08T09:12:46.539+0000] {processor.py:208} INFO - Processing /opt/airflow/dags/example_bash_operator.py took 9.854 seconds
[2024-09-08T09:13:35.789+0000] {processor.py:186} INFO - Started process (PID=72) to work on /opt/airflow/dags/example_bash_operator.py
[2024-09-08T09:13:35.815+0000] {processor.py:914} INFO - Processing file /opt/airflow/dags/example_bash_operator.py for tasks to queue
[2024-09-08T09:13:35.990+0000] {logging_mixin.py:190} INFO - [2024-09-08T09:13:35.959+0000] {dagbag.py:587} INFO - Filling up the DagBag from /opt/airflow/dags/example_bash_operator.py
[2024-09-08T09:13:36.992+0000] {processor.py:925} INFO - DAG(s) 'example_bash_operator' retrieved from /opt/airflow/dags/example_bash_operator.py
[2024-09-08T09:13:38.412+0000] {logging_mixin.py:190} INFO - [2024-09-08T09:13:38.411+0000] {dag.py:3211} INFO - Sync 1 DAGs
[2024-09-08T09:13:41.299+0000] {logging_mixin.py:190} INFO - [2024-09-08T09:13:41.297+0000] {dag.py:4138} INFO - Setting next_dagrun for example_bash_operator to 2024-09-07 00:00:00+00:00, run_after=2024-09-08 00:00:00+00:00
[2024-09-08T09:13:42.027+0000] {processor.py:208} INFO - Processing /opt/airflow/dags/example_bash_operator.py took 6.593 seconds
[2024-09-08T09:14:21.357+0000] {processor.py:186} INFO - Started process (PID=77) to work on /opt/airflow/dags/example_bash_operator.py
[2024-09-08T09:14:21.362+0000] {processor.py:914} INFO - Processing file /opt/airflow/dags/example_bash_operator.py for tasks to queue
[2024-09-08T09:14:21.420+0000] {logging_mixin.py:190} INFO - [2024-09-08T09:14:21.409+0000] {dagbag.py:587} INFO - Filling up the DagBag from /opt/airflow/dags/example_bash_operator.py
[2024-09-08T09:14:21.643+0000] {processor.py:925} INFO - DAG(s) 'example_bash_operator' retrieved from /opt/airflow/dags/example_bash_operator.py
[2024-09-08T09:14:21.785+0000] {logging_mixin.py:190} INFO - [2024-09-08T09:14:21.784+0000] {dag.py:3211} INFO - Sync 1 DAGs
[2024-09-08T09:14:21.870+0000] {logging_mixin.py:190} INFO - [2024-09-08T09:14:21.869+0000] {dag.py:4138} INFO - Setting next_dagrun for example_bash_operator to 2024-09-07 00:00:00+00:00, run_after=2024-09-08 00:00:00+00:00
[2024-09-08T09:14:21.994+0000] {processor.py:208} INFO - Processing /opt/airflow/dags/example_bash_operator.py took 0.770 seconds
[2024-09-08T09:15:20.075+0000] {processor.py:186} INFO - Started process (PID=82) to work on /opt/airflow/dags/example_bash_operator.py
[2024-09-08T09:15:20.160+0000] {processor.py:914} INFO - Processing file /opt/airflow/dags/example_bash_operator.py for tasks to queue
[2024-09-08T09:15:20.403+0000] {logging_mixin.py:190} INFO - [2024-09-08T09:15:20.368+0000] {dagbag.py:587} INFO - Filling up the DagBag from /opt/airflow/dags/example_bash_operator.py
[2024-09-08T09:15:22.482+0000] {processor.py:925} INFO - DAG(s) 'example_bash_operator' retrieved from /opt/airflow/dags/example_bash_operator.py
[2024-09-08T09:15:23.879+0000] {logging_mixin.py:190} INFO - [2024-09-08T09:15:23.871+0000] {dag.py:3211} INFO - Sync 1 DAGs
[2024-09-08T09:15:26.476+0000] {logging_mixin.py:190} INFO - [2024-09-08T09:15:26.474+0000] {dag.py:4138} INFO - Setting next_dagrun for example_bash_operator to 2024-09-07 00:00:00+00:00, run_after=2024-09-08 00:00:00+00:00
[2024-09-08T09:15:26.940+0000] {processor.py:208} INFO - Processing /opt/airflow/dags/example_bash_operator.py took 7.766 seconds
[2024-09-08T09:16:07.548+0000] {processor.py:186} INFO - Started process (PID=87) to work on /opt/airflow/dags/example_bash_operator.py
[2024-09-08T09:16:07.556+0000] {processor.py:914} INFO - Processing file /opt/airflow/dags/example_bash_operator.py for tasks to queue
[2024-09-08T09:16:07.568+0000] {logging_mixin.py:190} INFO - [2024-09-08T09:16:07.566+0000] {dagbag.py:587} INFO - Filling up the DagBag from /opt/airflow/dags/example_bash_operator.py
[2024-09-08T09:16:07.720+0000] {processor.py:925} INFO - DAG(s) 'example_bash_operator' retrieved from /opt/airflow/dags/example_bash_operator.py
[2024-09-08T09:16:07.862+0000] {logging_mixin.py:190} INFO - [2024-09-08T09:16:07.862+0000] {dag.py:3211} INFO - Sync 1 DAGs
[2024-09-08T09:16:07.965+0000] {logging_mixin.py:190} INFO - [2024-09-08T09:16:07.965+0000] {dag.py:4138} INFO - Setting next_dagrun for example_bash_operator to 2024-09-07 00:00:00+00:00, run_after=2024-09-08 00:00:00+00:00
[2024-09-08T09:16:08.150+0000] {processor.py:208} INFO - Processing /opt/airflow/dags/example_bash_operator.py took 0.619 seconds
[2024-09-08T09:18:30.253+0000] {processor.py:186} INFO - Started process (PID=92) to work on /opt/airflow/dags/example_bash_operator.py
[2024-09-08T09:18:30.306+0000] {processor.py:914} INFO - Processing file /opt/airflow/dags/example_bash_operator.py for tasks to queue
[2024-09-08T09:18:30.649+0000] {logging_mixin.py:190} INFO - [2024-09-08T09:18:30.596+0000] {dagbag.py:587} INFO - Filling up the DagBag from /opt/airflow/dags/example_bash_operator.py
[2024-09-08T09:18:32.413+0000] {processor.py:925} INFO - DAG(s) 'example_bash_operator' retrieved from /opt/airflow/dags/example_bash_operator.py
[2024-09-08T09:18:34.281+0000] {logging_mixin.py:190} INFO - [2024-09-08T09:18:34.232+0000] {dag.py:3211} INFO - Sync 1 DAGs
[2024-09-08T09:18:38.160+0000] {logging_mixin.py:190} INFO - [2024-09-08T09:18:38.127+0000] {dag.py:4138} INFO - Setting next_dagrun for example_bash_operator to 2024-09-07 00:00:00+00:00, run_after=2024-09-08 00:00:00+00:00
[2024-09-08T09:18:38.980+0000] {processor.py:208} INFO - Processing /opt/airflow/dags/example_bash_operator.py took 9.302 seconds
[2024-09-08T09:19:34.243+0000] {processor.py:186} INFO - Started process (PID=97) to work on /opt/airflow/dags/example_bash_operator.py
[2024-09-08T09:19:34.253+0000] {processor.py:914} INFO - Processing file /opt/airflow/dags/example_bash_operator.py for tasks to queue
[2024-09-08T09:19:34.421+0000] {logging_mixin.py:190} INFO - [2024-09-08T09:19:34.405+0000] {dagbag.py:587} INFO - Filling up the DagBag from /opt/airflow/dags/example_bash_operator.py
[2024-09-08T09:19:35.044+0000] {processor.py:925} INFO - DAG(s) 'example_bash_operator' retrieved from /opt/airflow/dags/example_bash_operator.py
[2024-09-08T09:19:36.197+0000] {logging_mixin.py:190} INFO - [2024-09-08T09:19:36.191+0000] {dag.py:3211} INFO - Sync 1 DAGs
[2024-09-08T09:19:36.582+0000] {logging_mixin.py:190} INFO - [2024-09-08T09:19:36.581+0000] {dag.py:4138} INFO - Setting next_dagrun for example_bash_operator to 2024-09-07 00:00:00+00:00, run_after=2024-09-08 00:00:00+00:00
[2024-09-08T09:19:36.921+0000] {processor.py:208} INFO - Processing /opt/airflow/dags/example_bash_operator.py took 2.821 seconds
[2024-09-08T09:21:01.991+0000] {processor.py:186} INFO - Started process (PID=102) to work on /opt/airflow/dags/example_bash_operator.py
[2024-09-08T09:21:02.001+0000] {processor.py:914} INFO - Processing file /opt/airflow/dags/example_bash_operator.py for tasks to queue
[2024-09-08T09:21:02.110+0000] {logging_mixin.py:190} INFO - [2024-09-08T09:21:02.094+0000] {dagbag.py:587} INFO - Filling up the DagBag from /opt/airflow/dags/example_bash_operator.py
[2024-09-08T09:21:02.798+0000] {processor.py:925} INFO - DAG(s) 'example_bash_operator' retrieved from /opt/airflow/dags/example_bash_operator.py
[2024-09-08T09:21:03.619+0000] {logging_mixin.py:190} INFO - [2024-09-08T09:21:03.616+0000] {dag.py:3211} INFO - Sync 1 DAGs
[2024-09-08T09:21:04.218+0000] {logging_mixin.py:190} INFO - [2024-09-08T09:21:04.218+0000] {dag.py:4138} INFO - Setting next_dagrun for example_bash_operator to 2024-09-07 00:00:00+00:00, run_after=2024-09-08 00:00:00+00:00
[2024-09-08T09:21:04.545+0000] {processor.py:208} INFO - Processing /opt/airflow/dags/example_bash_operator.py took 2.788 seconds
[2024-09-08T09:23:32.843+0000] {processor.py:186} INFO - Started process (PID=107) to work on /opt/airflow/dags/example_bash_operator.py
[2024-09-08T09:23:32.850+0000] {processor.py:914} INFO - Processing file /opt/airflow/dags/example_bash_operator.py for tasks to queue
[2024-09-08T09:23:33.032+0000] {logging_mixin.py:190} INFO - [2024-09-08T09:23:33.008+0000] {dagbag.py:587} INFO - Filling up the DagBag from /opt/airflow/dags/example_bash_operator.py
[2024-09-08T09:23:33.776+0000] {processor.py:925} INFO - DAG(s) 'example_bash_operator' retrieved from /opt/airflow/dags/example_bash_operator.py
[2024-09-08T09:23:34.133+0000] {logging_mixin.py:190} INFO - [2024-09-08T09:23:34.132+0000] {dag.py:3211} INFO - Sync 1 DAGs
[2024-09-08T09:23:34.382+0000] {logging_mixin.py:190} INFO - [2024-09-08T09:23:34.381+0000] {dag.py:4138} INFO - Setting next_dagrun for example_bash_operator to 2024-09-07 00:00:00+00:00, run_after=2024-09-08 00:00:00+00:00
[2024-09-08T09:23:34.539+0000] {processor.py:208} INFO - Processing /opt/airflow/dags/example_bash_operator.py took 1.881 seconds
[2024-09-08T09:25:34.744+0000] {processor.py:186} INFO - Started process (PID=112) to work on /opt/airflow/dags/example_bash_operator.py
[2024-09-08T09:25:34.797+0000] {processor.py:914} INFO - Processing file /opt/airflow/dags/example_bash_operator.py for tasks to queue
[2024-09-08T09:25:35.127+0000] {logging_mixin.py:190} INFO - [2024-09-08T09:25:35.097+0000] {dagbag.py:587} INFO - Filling up the DagBag from /opt/airflow/dags/example_bash_operator.py
[2024-09-08T09:25:38.379+0000] {processor.py:925} INFO - DAG(s) 'example_bash_operator' retrieved from /opt/airflow/dags/example_bash_operator.py
[2024-09-08T09:25:39.163+0000] {logging_mixin.py:190} INFO - [2024-09-08T09:25:39.162+0000] {dag.py:3211} INFO - Sync 1 DAGs
[2024-09-08T09:25:39.809+0000] {logging_mixin.py:190} INFO - [2024-09-08T09:25:39.806+0000] {dag.py:4138} INFO - Setting next_dagrun for example_bash_operator to 2024-09-07 00:00:00+00:00, run_after=2024-09-08 00:00:00+00:00
[2024-09-08T09:25:40.196+0000] {processor.py:208} INFO - Processing /opt/airflow/dags/example_bash_operator.py took 6.064 seconds
[2024-09-08T09:26:59.267+0000] {processor.py:186} INFO - Started process (PID=117) to work on /opt/airflow/dags/example_bash_operator.py
[2024-09-08T09:26:59.289+0000] {processor.py:914} INFO - Processing file /opt/airflow/dags/example_bash_operator.py for tasks to queue
[2024-09-08T09:26:59.489+0000] {logging_mixin.py:190} INFO - [2024-09-08T09:26:59.465+0000] {dagbag.py:587} INFO - Filling up the DagBag from /opt/airflow/dags/example_bash_operator.py
[2024-09-08T09:27:01.207+0000] {processor.py:925} INFO - DAG(s) 'example_bash_operator' retrieved from /opt/airflow/dags/example_bash_operator.py
[2024-09-08T09:27:03.038+0000] {logging_mixin.py:190} INFO - [2024-09-08T09:27:03.026+0000] {dag.py:3211} INFO - Sync 1 DAGs
[2024-09-08T09:27:04.405+0000] {logging_mixin.py:190} INFO - [2024-09-08T09:27:04.401+0000] {dag.py:4138} INFO - Setting next_dagrun for example_bash_operator to 2024-09-07 00:00:00+00:00, run_after=2024-09-08 00:00:00+00:00
[2024-09-08T09:27:05.472+0000] {processor.py:208} INFO - Processing /opt/airflow/dags/example_bash_operator.py took 6.566 seconds
[2024-09-08T09:28:23.874+0000] {processor.py:186} INFO - Started process (PID=122) to work on /opt/airflow/dags/example_bash_operator.py
[2024-09-08T09:28:24.174+0000] {processor.py:914} INFO - Processing file /opt/airflow/dags/example_bash_operator.py for tasks to queue
[2024-09-08T09:28:24.909+0000] {logging_mixin.py:190} INFO - [2024-09-08T09:28:24.881+0000] {dagbag.py:587} INFO - Filling up the DagBag from /opt/airflow/dags/example_bash_operator.py
[2024-09-08T09:28:25.992+0000] {processor.py:925} INFO - DAG(s) 'example_bash_operator' retrieved from /opt/airflow/dags/example_bash_operator.py
[2024-09-08T09:28:26.900+0000] {logging_mixin.py:190} INFO - [2024-09-08T09:28:26.898+0000] {dag.py:3211} INFO - Sync 1 DAGs
[2024-09-08T09:28:27.364+0000] {logging_mixin.py:190} INFO - [2024-09-08T09:28:27.363+0000] {dag.py:4138} INFO - Setting next_dagrun for example_bash_operator to 2024-09-07 00:00:00+00:00, run_after=2024-09-08 00:00:00+00:00
[2024-09-08T09:28:27.769+0000] {processor.py:208} INFO - Processing /opt/airflow/dags/example_bash_operator.py took 4.414 seconds
[2024-09-08T11:04:45.141+0000] {processor.py:186} INFO - Started process (PID=38) to work on /opt/airflow/dags/example_bash_operator.py
[2024-09-08T11:04:45.147+0000] {processor.py:914} INFO - Processing file /opt/airflow/dags/example_bash_operator.py for tasks to queue
[2024-09-08T11:04:45.161+0000] {logging_mixin.py:190} INFO - [2024-09-08T11:04:45.158+0000] {dagbag.py:587} INFO - Filling up the DagBag from /opt/airflow/dags/example_bash_operator.py
[2024-09-08T11:04:45.265+0000] {processor.py:925} INFO - DAG(s) 'example_bash_operator' retrieved from /opt/airflow/dags/example_bash_operator.py
[2024-09-08T11:04:45.412+0000] {logging_mixin.py:190} INFO - [2024-09-08T11:04:45.412+0000] {dag.py:3211} INFO - Sync 1 DAGs
[2024-09-08T11:04:45.500+0000] {logging_mixin.py:190} INFO - [2024-09-08T11:04:45.500+0000] {dag.py:4138} INFO - Setting next_dagrun for example_bash_operator to 2024-09-07 00:00:00+00:00, run_after=2024-09-08 00:00:00+00:00
[2024-09-08T11:04:45.560+0000] {processor.py:208} INFO - Processing /opt/airflow/dags/example_bash_operator.py took 0.453 seconds
[2024-09-08T11:06:05.541+0000] {processor.py:186} INFO - Started process (PID=43) to work on /opt/airflow/dags/example_bash_operator.py
[2024-09-08T11:06:05.545+0000] {processor.py:914} INFO - Processing file /opt/airflow/dags/example_bash_operator.py for tasks to queue
[2024-09-08T11:06:05.584+0000] {logging_mixin.py:190} INFO - [2024-09-08T11:06:05.578+0000] {dagbag.py:587} INFO - Filling up the DagBag from /opt/airflow/dags/example_bash_operator.py
[2024-09-08T11:06:06.338+0000] {processor.py:925} INFO - DAG(s) 'example_bash_operator' retrieved from /opt/airflow/dags/example_bash_operator.py
[2024-09-08T11:06:06.647+0000] {logging_mixin.py:190} INFO - [2024-09-08T11:06:06.646+0000] {dag.py:3211} INFO - Sync 1 DAGs
[2024-09-08T11:06:06.749+0000] {logging_mixin.py:190} INFO - [2024-09-08T11:06:06.748+0000] {dag.py:4138} INFO - Setting next_dagrun for example_bash_operator to 2024-09-07 00:00:00+00:00, run_after=2024-09-08 00:00:00+00:00
[2024-09-08T11:06:06.833+0000] {processor.py:208} INFO - Processing /opt/airflow/dags/example_bash_operator.py took 1.364 seconds
[2024-09-08T11:06:58.988+0000] {processor.py:186} INFO - Started process (PID=48) to work on /opt/airflow/dags/example_bash_operator.py
[2024-09-08T11:06:59.009+0000] {processor.py:914} INFO - Processing file /opt/airflow/dags/example_bash_operator.py for tasks to queue
[2024-09-08T11:06:59.105+0000] {logging_mixin.py:190} INFO - [2024-09-08T11:06:59.100+0000] {dagbag.py:587} INFO - Filling up the DagBag from /opt/airflow/dags/example_bash_operator.py
[2024-09-08T11:07:00.046+0000] {processor.py:925} INFO - DAG(s) 'example_bash_operator' retrieved from /opt/airflow/dags/example_bash_operator.py
[2024-09-08T11:07:00.388+0000] {logging_mixin.py:190} INFO - [2024-09-08T11:07:00.387+0000] {dag.py:3211} INFO - Sync 1 DAGs
[2024-09-08T11:07:00.626+0000] {logging_mixin.py:190} INFO - [2024-09-08T11:07:00.625+0000] {dag.py:4138} INFO - Setting next_dagrun for example_bash_operator to 2024-09-07 00:00:00+00:00, run_after=2024-09-08 00:00:00+00:00
[2024-09-08T11:07:00.764+0000] {processor.py:208} INFO - Processing /opt/airflow/dags/example_bash_operator.py took 2.003 seconds
[2024-09-08T11:07:55.168+0000] {processor.py:186} INFO - Started process (PID=53) to work on /opt/airflow/dags/example_bash_operator.py
[2024-09-08T11:07:55.223+0000] {processor.py:914} INFO - Processing file /opt/airflow/dags/example_bash_operator.py for tasks to queue
[2024-09-08T11:07:55.612+0000] {logging_mixin.py:190} INFO - [2024-09-08T11:07:55.565+0000] {dagbag.py:587} INFO - Filling up the DagBag from /opt/airflow/dags/example_bash_operator.py
[2024-09-08T11:07:56.808+0000] {processor.py:925} INFO - DAG(s) 'example_bash_operator' retrieved from /opt/airflow/dags/example_bash_operator.py
[2024-09-08T11:07:59.940+0000] {logging_mixin.py:190} INFO - [2024-09-08T11:07:59.936+0000] {dag.py:3211} INFO - Sync 1 DAGs
[2024-09-08T11:08:02.500+0000] {logging_mixin.py:190} INFO - [2024-09-08T11:08:02.499+0000] {dag.py:4138} INFO - Setting next_dagrun for example_bash_operator to 2024-09-07 00:00:00+00:00, run_after=2024-09-08 00:00:00+00:00
[2024-09-08T11:08:03.002+0000] {processor.py:208} INFO - Processing /opt/airflow/dags/example_bash_operator.py took 8.551 seconds
[2024-09-08T11:08:56.341+0000] {processor.py:186} INFO - Started process (PID=58) to work on /opt/airflow/dags/example_bash_operator.py
[2024-09-08T11:08:56.351+0000] {processor.py:914} INFO - Processing file /opt/airflow/dags/example_bash_operator.py for tasks to queue
[2024-09-08T11:08:56.466+0000] {logging_mixin.py:190} INFO - [2024-09-08T11:08:56.455+0000] {dagbag.py:587} INFO - Filling up the DagBag from /opt/airflow/dags/example_bash_operator.py
[2024-09-08T11:08:57.300+0000] {processor.py:925} INFO - DAG(s) 'example_bash_operator' retrieved from /opt/airflow/dags/example_bash_operator.py
[2024-09-08T11:08:57.735+0000] {logging_mixin.py:190} INFO - [2024-09-08T11:08:57.732+0000] {dag.py:3211} INFO - Sync 1 DAGs
[2024-09-08T11:08:58.006+0000] {logging_mixin.py:190} INFO - [2024-09-08T11:08:58.006+0000] {dag.py:4138} INFO - Setting next_dagrun for example_bash_operator to 2024-09-07 00:00:00+00:00, run_after=2024-09-08 00:00:00+00:00
[2024-09-08T11:08:58.463+0000] {processor.py:208} INFO - Processing /opt/airflow/dags/example_bash_operator.py took 2.360 seconds
[2024-09-08T11:09:41.204+0000] {processor.py:186} INFO - Started process (PID=63) to work on /opt/airflow/dags/example_bash_operator.py
[2024-09-08T11:09:41.207+0000] {processor.py:914} INFO - Processing file /opt/airflow/dags/example_bash_operator.py for tasks to queue
[2024-09-08T11:09:41.220+0000] {logging_mixin.py:190} INFO - [2024-09-08T11:09:41.217+0000] {dagbag.py:587} INFO - Filling up the DagBag from /opt/airflow/dags/example_bash_operator.py
[2024-09-08T11:09:41.358+0000] {processor.py:925} INFO - DAG(s) 'example_bash_operator' retrieved from /opt/airflow/dags/example_bash_operator.py
[2024-09-08T11:09:41.527+0000] {logging_mixin.py:190} INFO - [2024-09-08T11:09:41.526+0000] {dag.py:3211} INFO - Sync 1 DAGs
[2024-09-08T11:09:41.572+0000] {logging_mixin.py:190} INFO - [2024-09-08T11:09:41.572+0000] {dag.py:4138} INFO - Setting next_dagrun for example_bash_operator to 2024-09-07 00:00:00+00:00, run_after=2024-09-08 00:00:00+00:00
[2024-09-08T11:09:41.661+0000] {processor.py:208} INFO - Processing /opt/airflow/dags/example_bash_operator.py took 0.481 seconds
[2024-09-08T11:10:15.449+0000] {processor.py:186} INFO - Started process (PID=68) to work on /opt/airflow/dags/example_bash_operator.py
[2024-09-08T11:10:15.452+0000] {processor.py:914} INFO - Processing file /opt/airflow/dags/example_bash_operator.py for tasks to queue
[2024-09-08T11:10:15.530+0000] {logging_mixin.py:190} INFO - [2024-09-08T11:10:15.530+0000] {dagbag.py:587} INFO - Filling up the DagBag from /opt/airflow/dags/example_bash_operator.py
[2024-09-08T11:10:15.613+0000] {processor.py:925} INFO - DAG(s) 'example_bash_operator' retrieved from /opt/airflow/dags/example_bash_operator.py
[2024-09-08T11:10:15.666+0000] {logging_mixin.py:190} INFO - [2024-09-08T11:10:15.665+0000] {dag.py:3211} INFO - Sync 1 DAGs
[2024-09-08T11:10:15.737+0000] {logging_mixin.py:190} INFO - [2024-09-08T11:10:15.737+0000] {dag.py:4138} INFO - Setting next_dagrun for example_bash_operator to 2024-09-07 00:00:00+00:00, run_after=2024-09-08 00:00:00+00:00
[2024-09-08T11:10:15.786+0000] {processor.py:208} INFO - Processing /opt/airflow/dags/example_bash_operator.py took 0.459 seconds
[2024-09-08T11:11:07.456+0000] {processor.py:186} INFO - Started process (PID=73) to work on /opt/airflow/dags/example_bash_operator.py
[2024-09-08T11:11:07.461+0000] {processor.py:914} INFO - Processing file /opt/airflow/dags/example_bash_operator.py for tasks to queue
[2024-09-08T11:11:07.511+0000] {logging_mixin.py:190} INFO - [2024-09-08T11:11:07.508+0000] {dagbag.py:587} INFO - Filling up the DagBag from /opt/airflow/dags/example_bash_operator.py
[2024-09-08T11:11:07.707+0000] {processor.py:925} INFO - DAG(s) 'example_bash_operator' retrieved from /opt/airflow/dags/example_bash_operator.py
[2024-09-08T11:11:07.836+0000] {logging_mixin.py:190} INFO - [2024-09-08T11:11:07.835+0000] {dag.py:3211} INFO - Sync 1 DAGs
[2024-09-08T11:11:07.903+0000] {logging_mixin.py:190} INFO - [2024-09-08T11:11:07.903+0000] {dag.py:4138} INFO - Setting next_dagrun for example_bash_operator to 2024-09-07 00:00:00+00:00, run_after=2024-09-08 00:00:00+00:00
[2024-09-08T11:11:07.983+0000] {processor.py:208} INFO - Processing /opt/airflow/dags/example_bash_operator.py took 0.599 seconds
[2024-09-08T11:12:40.852+0000] {processor.py:186} INFO - Started process (PID=78) to work on /opt/airflow/dags/example_bash_operator.py
[2024-09-08T11:12:40.901+0000] {processor.py:914} INFO - Processing file /opt/airflow/dags/example_bash_operator.py for tasks to queue
[2024-09-08T11:12:41.164+0000] {logging_mixin.py:190} INFO - [2024-09-08T11:12:41.109+0000] {dagbag.py:587} INFO - Filling up the DagBag from /opt/airflow/dags/example_bash_operator.py
[2024-09-08T11:12:42.180+0000] {processor.py:925} INFO - DAG(s) 'example_bash_operator' retrieved from /opt/airflow/dags/example_bash_operator.py
[2024-09-08T11:12:43.247+0000] {logging_mixin.py:190} INFO - [2024-09-08T11:12:43.245+0000] {dag.py:3211} INFO - Sync 1 DAGs
[2024-09-08T11:12:43.879+0000] {logging_mixin.py:190} INFO - [2024-09-08T11:12:43.878+0000] {dag.py:4138} INFO - Setting next_dagrun for example_bash_operator to 2024-09-07 00:00:00+00:00, run_after=2024-09-08 00:00:00+00:00
[2024-09-08T11:12:44.433+0000] {processor.py:208} INFO - Processing /opt/airflow/dags/example_bash_operator.py took 3.970 seconds
[2024-09-08T11:13:31.510+0000] {processor.py:186} INFO - Started process (PID=83) to work on /opt/airflow/dags/example_bash_operator.py
[2024-09-08T11:13:31.513+0000] {processor.py:914} INFO - Processing file /opt/airflow/dags/example_bash_operator.py for tasks to queue
[2024-09-08T11:13:31.528+0000] {logging_mixin.py:190} INFO - [2024-09-08T11:13:31.526+0000] {dagbag.py:587} INFO - Filling up the DagBag from /opt/airflow/dags/example_bash_operator.py
[2024-09-08T11:13:31.615+0000] {processor.py:925} INFO - DAG(s) 'example_bash_operator' retrieved from /opt/airflow/dags/example_bash_operator.py
[2024-09-08T11:13:31.678+0000] {logging_mixin.py:190} INFO - [2024-09-08T11:13:31.678+0000] {dag.py:3211} INFO - Sync 1 DAGs
[2024-09-08T11:13:31.711+0000] {logging_mixin.py:190} INFO - [2024-09-08T11:13:31.710+0000] {dag.py:4138} INFO - Setting next_dagrun for example_bash_operator to 2024-09-07 00:00:00+00:00, run_after=2024-09-08 00:00:00+00:00
[2024-09-08T11:13:32.359+0000] {processor.py:208} INFO - Processing /opt/airflow/dags/example_bash_operator.py took 0.877 seconds
[2024-09-08T11:14:08.223+0000] {processor.py:186} INFO - Started process (PID=88) to work on /opt/airflow/dags/example_bash_operator.py
[2024-09-08T11:14:08.225+0000] {processor.py:914} INFO - Processing file /opt/airflow/dags/example_bash_operator.py for tasks to queue
[2024-09-08T11:14:08.235+0000] {logging_mixin.py:190} INFO - [2024-09-08T11:14:08.234+0000] {dagbag.py:587} INFO - Filling up the DagBag from /opt/airflow/dags/example_bash_operator.py
[2024-09-08T11:14:08.340+0000] {processor.py:925} INFO - DAG(s) 'example_bash_operator' retrieved from /opt/airflow/dags/example_bash_operator.py
[2024-09-08T11:14:08.444+0000] {logging_mixin.py:190} INFO - [2024-09-08T11:14:08.442+0000] {dag.py:3211} INFO - Sync 1 DAGs
[2024-09-08T11:14:08.502+0000] {logging_mixin.py:190} INFO - [2024-09-08T11:14:08.502+0000] {dag.py:4138} INFO - Setting next_dagrun for example_bash_operator to 2024-09-07 00:00:00+00:00, run_after=2024-09-08 00:00:00+00:00
[2024-09-08T11:14:09.099+0000] {processor.py:208} INFO - Processing /opt/airflow/dags/example_bash_operator.py took 0.889 seconds
[2024-09-08T11:14:43.903+0000] {processor.py:186} INFO - Started process (PID=93) to work on /opt/airflow/dags/example_bash_operator.py
[2024-09-08T11:14:43.905+0000] {processor.py:914} INFO - Processing file /opt/airflow/dags/example_bash_operator.py for tasks to queue
[2024-09-08T11:14:43.910+0000] {logging_mixin.py:190} INFO - [2024-09-08T11:14:43.909+0000] {dagbag.py:587} INFO - Filling up the DagBag from /opt/airflow/dags/example_bash_operator.py
[2024-09-08T11:14:43.955+0000] {processor.py:925} INFO - DAG(s) 'example_bash_operator' retrieved from /opt/airflow/dags/example_bash_operator.py
[2024-09-08T11:14:43.995+0000] {logging_mixin.py:190} INFO - [2024-09-08T11:14:43.995+0000] {dag.py:3211} INFO - Sync 1 DAGs
[2024-09-08T11:14:44.214+0000] {logging_mixin.py:190} INFO - [2024-09-08T11:14:44.213+0000] {dag.py:4138} INFO - Setting next_dagrun for example_bash_operator to 2024-09-07 00:00:00+00:00, run_after=2024-09-08 00:00:00+00:00
[2024-09-08T11:14:44.255+0000] {processor.py:208} INFO - Processing /opt/airflow/dags/example_bash_operator.py took 0.359 seconds
[2024-09-08T11:15:17.847+0000] {processor.py:186} INFO - Started process (PID=98) to work on /opt/airflow/dags/example_bash_operator.py
[2024-09-08T11:15:17.849+0000] {processor.py:914} INFO - Processing file /opt/airflow/dags/example_bash_operator.py for tasks to queue
[2024-09-08T11:15:17.852+0000] {logging_mixin.py:190} INFO - [2024-09-08T11:15:17.852+0000] {dagbag.py:587} INFO - Filling up the DagBag from /opt/airflow/dags/example_bash_operator.py
[2024-09-08T11:15:17.915+0000] {processor.py:925} INFO - DAG(s) 'example_bash_operator' retrieved from /opt/airflow/dags/example_bash_operator.py
[2024-09-08T11:15:17.955+0000] {logging_mixin.py:190} INFO - [2024-09-08T11:15:17.955+0000] {dag.py:3211} INFO - Sync 1 DAGs
[2024-09-08T11:15:18.684+0000] {logging_mixin.py:190} INFO - [2024-09-08T11:15:18.684+0000] {dag.py:4138} INFO - Setting next_dagrun for example_bash_operator to 2024-09-07 00:00:00+00:00, run_after=2024-09-08 00:00:00+00:00
[2024-09-08T11:15:18.732+0000] {processor.py:208} INFO - Processing /opt/airflow/dags/example_bash_operator.py took 0.892 seconds
[2024-09-08T11:15:49.084+0000] {processor.py:186} INFO - Started process (PID=103) to work on /opt/airflow/dags/example_bash_operator.py
[2024-09-08T11:15:49.104+0000] {processor.py:914} INFO - Processing file /opt/airflow/dags/example_bash_operator.py for tasks to queue
[2024-09-08T11:15:49.111+0000] {logging_mixin.py:190} INFO - [2024-09-08T11:15:49.111+0000] {dagbag.py:587} INFO - Filling up the DagBag from /opt/airflow/dags/example_bash_operator.py
[2024-09-08T11:15:49.235+0000] {processor.py:925} INFO - DAG(s) 'example_bash_operator' retrieved from /opt/airflow/dags/example_bash_operator.py
[2024-09-08T11:15:49.332+0000] {logging_mixin.py:190} INFO - [2024-09-08T11:15:49.332+0000] {dag.py:3211} INFO - Sync 1 DAGs
[2024-09-08T11:15:49.531+0000] {logging_mixin.py:190} INFO - [2024-09-08T11:15:49.531+0000] {dag.py:4138} INFO - Setting next_dagrun for example_bash_operator to 2024-09-07 00:00:00+00:00, run_after=2024-09-08 00:00:00+00:00
[2024-09-08T11:15:49.587+0000] {processor.py:208} INFO - Processing /opt/airflow/dags/example_bash_operator.py took 0.522 seconds
[2024-09-08T11:16:19.990+0000] {processor.py:186} INFO - Started process (PID=108) to work on /opt/airflow/dags/example_bash_operator.py
[2024-09-08T11:16:19.992+0000] {processor.py:914} INFO - Processing file /opt/airflow/dags/example_bash_operator.py for tasks to queue
[2024-09-08T11:16:19.996+0000] {logging_mixin.py:190} INFO - [2024-09-08T11:16:19.995+0000] {dagbag.py:587} INFO - Filling up the DagBag from /opt/airflow/dags/example_bash_operator.py
[2024-09-08T11:16:20.049+0000] {processor.py:925} INFO - DAG(s) 'example_bash_operator' retrieved from /opt/airflow/dags/example_bash_operator.py
[2024-09-08T11:16:20.254+0000] {logging_mixin.py:190} INFO - [2024-09-08T11:16:20.253+0000] {dag.py:3211} INFO - Sync 1 DAGs
[2024-09-08T11:16:20.277+0000] {logging_mixin.py:190} INFO - [2024-09-08T11:16:20.277+0000] {dag.py:4138} INFO - Setting next_dagrun for example_bash_operator to 2024-09-07 00:00:00+00:00, run_after=2024-09-08 00:00:00+00:00
[2024-09-08T11:16:20.305+0000] {processor.py:208} INFO - Processing /opt/airflow/dags/example_bash_operator.py took 0.323 seconds
[2024-09-08T11:17:00.664+0000] {processor.py:186} INFO - Started process (PID=113) to work on /opt/airflow/dags/example_bash_operator.py
[2024-09-08T11:17:00.692+0000] {processor.py:914} INFO - Processing file /opt/airflow/dags/example_bash_operator.py for tasks to queue
[2024-09-08T11:17:00.810+0000] {logging_mixin.py:190} INFO - [2024-09-08T11:17:00.786+0000] {dagbag.py:587} INFO - Filling up the DagBag from /opt/airflow/dags/example_bash_operator.py
[2024-09-08T11:17:02.771+0000] {processor.py:925} INFO - DAG(s) 'example_bash_operator' retrieved from /opt/airflow/dags/example_bash_operator.py
[2024-09-08T11:17:02.888+0000] {logging_mixin.py:190} INFO - [2024-09-08T11:17:02.887+0000] {dag.py:3211} INFO - Sync 1 DAGs
[2024-09-08T11:17:03.009+0000] {logging_mixin.py:190} INFO - [2024-09-08T11:17:03.008+0000] {dag.py:4138} INFO - Setting next_dagrun for example_bash_operator to 2024-09-07 00:00:00+00:00, run_after=2024-09-08 00:00:00+00:00
[2024-09-08T11:17:03.175+0000] {processor.py:208} INFO - Processing /opt/airflow/dags/example_bash_operator.py took 2.567 seconds
[2024-09-08T11:17:33.941+0000] {processor.py:186} INFO - Started process (PID=118) to work on /opt/airflow/dags/example_bash_operator.py
[2024-09-08T11:17:33.943+0000] {processor.py:914} INFO - Processing file /opt/airflow/dags/example_bash_operator.py for tasks to queue
[2024-09-08T11:17:34.794+0000] {logging_mixin.py:190} INFO - [2024-09-08T11:17:34.794+0000] {dagbag.py:587} INFO - Filling up the DagBag from /opt/airflow/dags/example_bash_operator.py
[2024-09-08T11:17:34.843+0000] {processor.py:925} INFO - DAG(s) 'example_bash_operator' retrieved from /opt/airflow/dags/example_bash_operator.py
[2024-09-08T11:17:34.918+0000] {logging_mixin.py:190} INFO - [2024-09-08T11:17:34.918+0000] {dag.py:3211} INFO - Sync 1 DAGs
[2024-09-08T11:17:34.949+0000] {logging_mixin.py:190} INFO - [2024-09-08T11:17:34.949+0000] {dag.py:4138} INFO - Setting next_dagrun for example_bash_operator to 2024-09-07 00:00:00+00:00, run_after=2024-09-08 00:00:00+00:00
[2024-09-08T11:17:34.999+0000] {processor.py:208} INFO - Processing /opt/airflow/dags/example_bash_operator.py took 1.065 seconds
[2024-09-08T11:18:05.241+0000] {processor.py:186} INFO - Started process (PID=123) to work on /opt/airflow/dags/example_bash_operator.py
[2024-09-08T11:18:05.297+0000] {processor.py:914} INFO - Processing file /opt/airflow/dags/example_bash_operator.py for tasks to queue
[2024-09-08T11:18:05.339+0000] {logging_mixin.py:190} INFO - [2024-09-08T11:18:05.337+0000] {dagbag.py:587} INFO - Filling up the DagBag from /opt/airflow/dags/example_bash_operator.py
[2024-09-08T11:18:05.514+0000] {processor.py:925} INFO - DAG(s) 'example_bash_operator' retrieved from /opt/airflow/dags/example_bash_operator.py
[2024-09-08T11:18:05.640+0000] {logging_mixin.py:190} INFO - [2024-09-08T11:18:05.640+0000] {dag.py:3211} INFO - Sync 1 DAGs
[2024-09-08T11:18:05.675+0000] {logging_mixin.py:190} INFO - [2024-09-08T11:18:05.675+0000] {dag.py:4138} INFO - Setting next_dagrun for example_bash_operator to 2024-09-07 00:00:00+00:00, run_after=2024-09-08 00:00:00+00:00
[2024-09-08T11:18:05.719+0000] {processor.py:208} INFO - Processing /opt/airflow/dags/example_bash_operator.py took 0.531 seconds
[2024-09-08T11:18:37.458+0000] {processor.py:186} INFO - Started process (PID=128) to work on /opt/airflow/dags/example_bash_operator.py
[2024-09-08T11:18:37.460+0000] {processor.py:914} INFO - Processing file /opt/airflow/dags/example_bash_operator.py for tasks to queue
[2024-09-08T11:18:37.463+0000] {logging_mixin.py:190} INFO - [2024-09-08T11:18:37.463+0000] {dagbag.py:587} INFO - Filling up the DagBag from /opt/airflow/dags/example_bash_operator.py
[2024-09-08T11:18:37.499+0000] {processor.py:925} INFO - DAG(s) 'example_bash_operator' retrieved from /opt/airflow/dags/example_bash_operator.py
[2024-09-08T11:18:37.534+0000] {logging_mixin.py:190} INFO - [2024-09-08T11:18:37.533+0000] {dag.py:3211} INFO - Sync 1 DAGs
[2024-09-08T11:18:37.561+0000] {logging_mixin.py:190} INFO - [2024-09-08T11:18:37.560+0000] {dag.py:4138} INFO - Setting next_dagrun for example_bash_operator to 2024-09-07 00:00:00+00:00, run_after=2024-09-08 00:00:00+00:00
[2024-09-08T11:18:37.604+0000] {processor.py:208} INFO - Processing /opt/airflow/dags/example_bash_operator.py took 0.153 seconds
[2024-09-08T11:19:10.617+0000] {processor.py:186} INFO - Started process (PID=133) to work on /opt/airflow/dags/example_bash_operator.py
[2024-09-08T11:19:10.621+0000] {processor.py:914} INFO - Processing file /opt/airflow/dags/example_bash_operator.py for tasks to queue
[2024-09-08T11:19:10.624+0000] {logging_mixin.py:190} INFO - [2024-09-08T11:19:10.624+0000] {dagbag.py:587} INFO - Filling up the DagBag from /opt/airflow/dags/example_bash_operator.py
[2024-09-08T11:19:10.668+0000] {processor.py:925} INFO - DAG(s) 'example_bash_operator' retrieved from /opt/airflow/dags/example_bash_operator.py
[2024-09-08T11:19:10.709+0000] {logging_mixin.py:190} INFO - [2024-09-08T11:19:10.709+0000] {dag.py:3211} INFO - Sync 1 DAGs
[2024-09-08T11:19:10.735+0000] {logging_mixin.py:190} INFO - [2024-09-08T11:19:10.735+0000] {dag.py:4138} INFO - Setting next_dagrun for example_bash_operator to 2024-09-07 00:00:00+00:00, run_after=2024-09-08 00:00:00+00:00
[2024-09-08T11:19:10.777+0000] {processor.py:208} INFO - Processing /opt/airflow/dags/example_bash_operator.py took 0.167 seconds
[2024-09-08T11:19:41.444+0000] {processor.py:186} INFO - Started process (PID=138) to work on /opt/airflow/dags/example_bash_operator.py
[2024-09-08T11:19:41.446+0000] {processor.py:914} INFO - Processing file /opt/airflow/dags/example_bash_operator.py for tasks to queue
[2024-09-08T11:19:41.450+0000] {logging_mixin.py:190} INFO - [2024-09-08T11:19:41.449+0000] {dagbag.py:587} INFO - Filling up the DagBag from /opt/airflow/dags/example_bash_operator.py
[2024-09-08T11:19:41.498+0000] {processor.py:925} INFO - DAG(s) 'example_bash_operator' retrieved from /opt/airflow/dags/example_bash_operator.py
[2024-09-08T11:19:41.554+0000] {logging_mixin.py:190} INFO - [2024-09-08T11:19:41.554+0000] {dag.py:3211} INFO - Sync 1 DAGs
[2024-09-08T11:19:41.581+0000] {logging_mixin.py:190} INFO - [2024-09-08T11:19:41.581+0000] {dag.py:4138} INFO - Setting next_dagrun for example_bash_operator to 2024-09-07 00:00:00+00:00, run_after=2024-09-08 00:00:00+00:00
[2024-09-08T11:19:41.623+0000] {processor.py:208} INFO - Processing /opt/airflow/dags/example_bash_operator.py took 0.186 seconds
[2024-09-08T11:20:12.442+0000] {processor.py:186} INFO - Started process (PID=143) to work on /opt/airflow/dags/example_bash_operator.py
[2024-09-08T11:20:12.459+0000] {processor.py:914} INFO - Processing file /opt/airflow/dags/example_bash_operator.py for tasks to queue
[2024-09-08T11:20:12.670+0000] {logging_mixin.py:190} INFO - [2024-09-08T11:20:12.643+0000] {dagbag.py:587} INFO - Filling up the DagBag from /opt/airflow/dags/example_bash_operator.py
[2024-09-08T11:20:13.075+0000] {processor.py:925} INFO - DAG(s) 'example_bash_operator' retrieved from /opt/airflow/dags/example_bash_operator.py
[2024-09-08T11:20:13.151+0000] {logging_mixin.py:190} INFO - [2024-09-08T11:20:13.151+0000] {dag.py:3211} INFO - Sync 1 DAGs
[2024-09-08T11:20:13.178+0000] {logging_mixin.py:190} INFO - [2024-09-08T11:20:13.178+0000] {dag.py:4138} INFO - Setting next_dagrun for example_bash_operator to 2024-09-07 00:00:00+00:00, run_after=2024-09-08 00:00:00+00:00
[2024-09-08T11:20:13.227+0000] {processor.py:208} INFO - Processing /opt/airflow/dags/example_bash_operator.py took 0.792 seconds
[2024-09-08T11:20:43.924+0000] {processor.py:186} INFO - Started process (PID=148) to work on /opt/airflow/dags/example_bash_operator.py
[2024-09-08T11:20:43.926+0000] {processor.py:914} INFO - Processing file /opt/airflow/dags/example_bash_operator.py for tasks to queue
[2024-09-08T11:20:43.930+0000] {logging_mixin.py:190} INFO - [2024-09-08T11:20:43.930+0000] {dagbag.py:587} INFO - Filling up the DagBag from /opt/airflow/dags/example_bash_operator.py
[2024-09-08T11:20:43.970+0000] {processor.py:925} INFO - DAG(s) 'example_bash_operator' retrieved from /opt/airflow/dags/example_bash_operator.py
[2024-09-08T11:20:44.007+0000] {logging_mixin.py:190} INFO - [2024-09-08T11:20:44.007+0000] {dag.py:3211} INFO - Sync 1 DAGs
[2024-09-08T11:20:44.036+0000] {logging_mixin.py:190} INFO - [2024-09-08T11:20:44.036+0000] {dag.py:4138} INFO - Setting next_dagrun for example_bash_operator to 2024-09-07 00:00:00+00:00, run_after=2024-09-08 00:00:00+00:00
[2024-09-08T11:20:44.079+0000] {processor.py:208} INFO - Processing /opt/airflow/dags/example_bash_operator.py took 0.162 seconds
[2024-09-08T11:21:14.923+0000] {processor.py:186} INFO - Started process (PID=153) to work on /opt/airflow/dags/example_bash_operator.py
[2024-09-08T11:21:14.925+0000] {processor.py:914} INFO - Processing file /opt/airflow/dags/example_bash_operator.py for tasks to queue
[2024-09-08T11:21:14.928+0000] {logging_mixin.py:190} INFO - [2024-09-08T11:21:14.928+0000] {dagbag.py:587} INFO - Filling up the DagBag from /opt/airflow/dags/example_bash_operator.py
[2024-09-08T11:21:14.965+0000] {processor.py:925} INFO - DAG(s) 'example_bash_operator' retrieved from /opt/airflow/dags/example_bash_operator.py
[2024-09-08T11:21:15.018+0000] {logging_mixin.py:190} INFO - [2024-09-08T11:21:15.018+0000] {dag.py:3211} INFO - Sync 1 DAGs
[2024-09-08T11:21:15.045+0000] {logging_mixin.py:190} INFO - [2024-09-08T11:21:15.045+0000] {dag.py:4138} INFO - Setting next_dagrun for example_bash_operator to 2024-09-07 00:00:00+00:00, run_after=2024-09-08 00:00:00+00:00
[2024-09-08T11:21:15.086+0000] {processor.py:208} INFO - Processing /opt/airflow/dags/example_bash_operator.py took 0.170 seconds
[2024-09-08T11:21:45.775+0000] {processor.py:186} INFO - Started process (PID=158) to work on /opt/airflow/dags/example_bash_operator.py
[2024-09-08T11:21:45.776+0000] {processor.py:914} INFO - Processing file /opt/airflow/dags/example_bash_operator.py for tasks to queue
[2024-09-08T11:21:45.780+0000] {logging_mixin.py:190} INFO - [2024-09-08T11:21:45.780+0000] {dagbag.py:587} INFO - Filling up the DagBag from /opt/airflow/dags/example_bash_operator.py
[2024-09-08T11:21:45.821+0000] {processor.py:925} INFO - DAG(s) 'example_bash_operator' retrieved from /opt/airflow/dags/example_bash_operator.py
[2024-09-08T11:21:45.859+0000] {logging_mixin.py:190} INFO - [2024-09-08T11:21:45.859+0000] {dag.py:3211} INFO - Sync 1 DAGs
[2024-09-08T11:21:45.887+0000] {logging_mixin.py:190} INFO - [2024-09-08T11:21:45.887+0000] {dag.py:4138} INFO - Setting next_dagrun for example_bash_operator to 2024-09-07 00:00:00+00:00, run_after=2024-09-08 00:00:00+00:00
[2024-09-08T11:21:45.926+0000] {processor.py:208} INFO - Processing /opt/airflow/dags/example_bash_operator.py took 0.158 seconds
[2024-09-08T11:22:16.497+0000] {processor.py:186} INFO - Started process (PID=163) to work on /opt/airflow/dags/example_bash_operator.py
[2024-09-08T11:22:16.499+0000] {processor.py:914} INFO - Processing file /opt/airflow/dags/example_bash_operator.py for tasks to queue
[2024-09-08T11:22:16.502+0000] {logging_mixin.py:190} INFO - [2024-09-08T11:22:16.501+0000] {dagbag.py:587} INFO - Filling up the DagBag from /opt/airflow/dags/example_bash_operator.py
[2024-09-08T11:22:16.571+0000] {processor.py:925} INFO - DAG(s) 'example_bash_operator' retrieved from /opt/airflow/dags/example_bash_operator.py
[2024-09-08T11:22:16.619+0000] {logging_mixin.py:190} INFO - [2024-09-08T11:22:16.619+0000] {dag.py:3211} INFO - Sync 1 DAGs
[2024-09-08T11:22:16.656+0000] {logging_mixin.py:190} INFO - [2024-09-08T11:22:16.656+0000] {dag.py:4138} INFO - Setting next_dagrun for example_bash_operator to 2024-09-07 00:00:00+00:00, run_after=2024-09-08 00:00:00+00:00
[2024-09-08T11:22:16.703+0000] {processor.py:208} INFO - Processing /opt/airflow/dags/example_bash_operator.py took 0.212 seconds
[2024-09-08T11:22:47.329+0000] {processor.py:186} INFO - Started process (PID=168) to work on /opt/airflow/dags/example_bash_operator.py
[2024-09-08T11:22:47.330+0000] {processor.py:914} INFO - Processing file /opt/airflow/dags/example_bash_operator.py for tasks to queue
[2024-09-08T11:22:47.334+0000] {logging_mixin.py:190} INFO - [2024-09-08T11:22:47.334+0000] {dagbag.py:587} INFO - Filling up the DagBag from /opt/airflow/dags/example_bash_operator.py
[2024-09-08T11:22:47.369+0000] {processor.py:925} INFO - DAG(s) 'example_bash_operator' retrieved from /opt/airflow/dags/example_bash_operator.py
[2024-09-08T11:22:47.416+0000] {logging_mixin.py:190} INFO - [2024-09-08T11:22:47.415+0000] {dag.py:3211} INFO - Sync 1 DAGs
[2024-09-08T11:22:47.444+0000] {logging_mixin.py:190} INFO - [2024-09-08T11:22:47.444+0000] {dag.py:4138} INFO - Setting next_dagrun for example_bash_operator to 2024-09-07 00:00:00+00:00, run_after=2024-09-08 00:00:00+00:00
[2024-09-08T11:22:47.493+0000] {processor.py:208} INFO - Processing /opt/airflow/dags/example_bash_operator.py took 0.172 seconds
[2024-09-08T11:23:18.127+0000] {processor.py:186} INFO - Started process (PID=173) to work on /opt/airflow/dags/example_bash_operator.py
[2024-09-08T11:23:18.129+0000] {processor.py:914} INFO - Processing file /opt/airflow/dags/example_bash_operator.py for tasks to queue
[2024-09-08T11:23:18.131+0000] {logging_mixin.py:190} INFO - [2024-09-08T11:23:18.131+0000] {dagbag.py:587} INFO - Filling up the DagBag from /opt/airflow/dags/example_bash_operator.py
[2024-09-08T11:23:18.165+0000] {processor.py:925} INFO - DAG(s) 'example_bash_operator' retrieved from /opt/airflow/dags/example_bash_operator.py
[2024-09-08T11:23:18.201+0000] {logging_mixin.py:190} INFO - [2024-09-08T11:23:18.201+0000] {dag.py:3211} INFO - Sync 1 DAGs
[2024-09-08T11:23:18.228+0000] {logging_mixin.py:190} INFO - [2024-09-08T11:23:18.228+0000] {dag.py:4138} INFO - Setting next_dagrun for example_bash_operator to 2024-09-07 00:00:00+00:00, run_after=2024-09-08 00:00:00+00:00
[2024-09-08T11:23:18.270+0000] {processor.py:208} INFO - Processing /opt/airflow/dags/example_bash_operator.py took 0.153 seconds
[2024-09-08T11:23:48.759+0000] {processor.py:186} INFO - Started process (PID=178) to work on /opt/airflow/dags/example_bash_operator.py
[2024-09-08T11:23:48.761+0000] {processor.py:914} INFO - Processing file /opt/airflow/dags/example_bash_operator.py for tasks to queue
[2024-09-08T11:23:48.764+0000] {logging_mixin.py:190} INFO - [2024-09-08T11:23:48.764+0000] {dagbag.py:587} INFO - Filling up the DagBag from /opt/airflow/dags/example_bash_operator.py
[2024-09-08T11:23:48.799+0000] {processor.py:925} INFO - DAG(s) 'example_bash_operator' retrieved from /opt/airflow/dags/example_bash_operator.py
[2024-09-08T11:23:48.834+0000] {logging_mixin.py:190} INFO - [2024-09-08T11:23:48.834+0000] {dag.py:3211} INFO - Sync 1 DAGs
[2024-09-08T11:23:48.860+0000] {logging_mixin.py:190} INFO - [2024-09-08T11:23:48.859+0000] {dag.py:4138} INFO - Setting next_dagrun for example_bash_operator to 2024-09-07 00:00:00+00:00, run_after=2024-09-08 00:00:00+00:00
[2024-09-08T11:23:48.901+0000] {processor.py:208} INFO - Processing /opt/airflow/dags/example_bash_operator.py took 0.149 seconds
[2024-09-08T11:24:19.688+0000] {processor.py:186} INFO - Started process (PID=183) to work on /opt/airflow/dags/example_bash_operator.py
[2024-09-08T11:24:19.689+0000] {processor.py:914} INFO - Processing file /opt/airflow/dags/example_bash_operator.py for tasks to queue
[2024-09-08T11:24:19.692+0000] {logging_mixin.py:190} INFO - [2024-09-08T11:24:19.692+0000] {dagbag.py:587} INFO - Filling up the DagBag from /opt/airflow/dags/example_bash_operator.py
[2024-09-08T11:24:19.775+0000] {processor.py:925} INFO - DAG(s) 'example_bash_operator' retrieved from /opt/airflow/dags/example_bash_operator.py
[2024-09-08T11:24:20.590+0000] {logging_mixin.py:190} INFO - [2024-09-08T11:24:20.590+0000] {dag.py:3211} INFO - Sync 1 DAGs
[2024-09-08T11:24:20.617+0000] {logging_mixin.py:190} INFO - [2024-09-08T11:24:20.617+0000] {dag.py:4138} INFO - Setting next_dagrun for example_bash_operator to 2024-09-07 00:00:00+00:00, run_after=2024-09-08 00:00:00+00:00
[2024-09-08T11:24:20.686+0000] {processor.py:208} INFO - Processing /opt/airflow/dags/example_bash_operator.py took 1.004 seconds
[2024-09-08T11:24:51.466+0000] {processor.py:186} INFO - Started process (PID=188) to work on /opt/airflow/dags/example_bash_operator.py
[2024-09-08T11:24:51.468+0000] {processor.py:914} INFO - Processing file /opt/airflow/dags/example_bash_operator.py for tasks to queue
[2024-09-08T11:24:51.471+0000] {logging_mixin.py:190} INFO - [2024-09-08T11:24:51.470+0000] {dagbag.py:587} INFO - Filling up the DagBag from /opt/airflow/dags/example_bash_operator.py
[2024-09-08T11:24:51.511+0000] {processor.py:925} INFO - DAG(s) 'example_bash_operator' retrieved from /opt/airflow/dags/example_bash_operator.py
[2024-09-08T11:24:51.575+0000] {logging_mixin.py:190} INFO - [2024-09-08T11:24:51.574+0000] {dag.py:3211} INFO - Sync 1 DAGs
[2024-09-08T11:24:51.640+0000] {logging_mixin.py:190} INFO - [2024-09-08T11:24:51.639+0000] {dag.py:4138} INFO - Setting next_dagrun for example_bash_operator to 2024-09-07 00:00:00+00:00, run_after=2024-09-08 00:00:00+00:00
[2024-09-08T11:24:51.693+0000] {processor.py:208} INFO - Processing /opt/airflow/dags/example_bash_operator.py took 0.233 seconds
[2024-09-08T11:25:22.216+0000] {processor.py:186} INFO - Started process (PID=193) to work on /opt/airflow/dags/example_bash_operator.py
[2024-09-08T11:25:22.217+0000] {processor.py:914} INFO - Processing file /opt/airflow/dags/example_bash_operator.py for tasks to queue
[2024-09-08T11:25:22.221+0000] {logging_mixin.py:190} INFO - [2024-09-08T11:25:22.220+0000] {dagbag.py:587} INFO - Filling up the DagBag from /opt/airflow/dags/example_bash_operator.py
[2024-09-08T11:25:22.253+0000] {processor.py:925} INFO - DAG(s) 'example_bash_operator' retrieved from /opt/airflow/dags/example_bash_operator.py
[2024-09-08T11:25:22.305+0000] {logging_mixin.py:190} INFO - [2024-09-08T11:25:22.305+0000] {dag.py:3211} INFO - Sync 1 DAGs
[2024-09-08T11:25:22.361+0000] {logging_mixin.py:190} INFO - [2024-09-08T11:25:22.360+0000] {dag.py:4138} INFO - Setting next_dagrun for example_bash_operator to 2024-09-07 00:00:00+00:00, run_after=2024-09-08 00:00:00+00:00
[2024-09-08T11:25:22.422+0000] {processor.py:208} INFO - Processing /opt/airflow/dags/example_bash_operator.py took 0.213 seconds
[2024-09-08T11:25:53.342+0000] {processor.py:186} INFO - Started process (PID=198) to work on /opt/airflow/dags/example_bash_operator.py
[2024-09-08T11:25:53.343+0000] {processor.py:914} INFO - Processing file /opt/airflow/dags/example_bash_operator.py for tasks to queue
[2024-09-08T11:25:53.347+0000] {logging_mixin.py:190} INFO - [2024-09-08T11:25:53.346+0000] {dagbag.py:587} INFO - Filling up the DagBag from /opt/airflow/dags/example_bash_operator.py
[2024-09-08T11:25:53.799+0000] {processor.py:925} INFO - DAG(s) 'example_bash_operator' retrieved from /opt/airflow/dags/example_bash_operator.py
[2024-09-08T11:25:53.983+0000] {logging_mixin.py:190} INFO - [2024-09-08T11:25:53.982+0000] {dag.py:3211} INFO - Sync 1 DAGs
[2024-09-08T11:25:54.019+0000] {logging_mixin.py:190} INFO - [2024-09-08T11:25:54.018+0000] {dag.py:4138} INFO - Setting next_dagrun for example_bash_operator to 2024-09-07 00:00:00+00:00, run_after=2024-09-08 00:00:00+00:00
[2024-09-08T11:25:54.192+0000] {processor.py:208} INFO - Processing /opt/airflow/dags/example_bash_operator.py took 0.857 seconds
[2024-09-08T11:26:25.060+0000] {processor.py:186} INFO - Started process (PID=203) to work on /opt/airflow/dags/example_bash_operator.py
[2024-09-08T11:26:25.061+0000] {processor.py:914} INFO - Processing file /opt/airflow/dags/example_bash_operator.py for tasks to queue
[2024-09-08T11:26:25.065+0000] {logging_mixin.py:190} INFO - [2024-09-08T11:26:25.065+0000] {dagbag.py:587} INFO - Filling up the DagBag from /opt/airflow/dags/example_bash_operator.py
[2024-09-08T11:26:25.100+0000] {processor.py:925} INFO - DAG(s) 'example_bash_operator' retrieved from /opt/airflow/dags/example_bash_operator.py
[2024-09-08T11:26:25.135+0000] {logging_mixin.py:190} INFO - [2024-09-08T11:26:25.134+0000] {dag.py:3211} INFO - Sync 1 DAGs
[2024-09-08T11:26:25.160+0000] {logging_mixin.py:190} INFO - [2024-09-08T11:26:25.159+0000] {dag.py:4138} INFO - Setting next_dagrun for example_bash_operator to 2024-09-07 00:00:00+00:00, run_after=2024-09-08 00:00:00+00:00
[2024-09-08T11:26:25.201+0000] {processor.py:208} INFO - Processing /opt/airflow/dags/example_bash_operator.py took 0.148 seconds
[2024-09-08T11:26:55.483+0000] {processor.py:186} INFO - Started process (PID=208) to work on /opt/airflow/dags/example_bash_operator.py
[2024-09-08T11:26:55.486+0000] {processor.py:914} INFO - Processing file /opt/airflow/dags/example_bash_operator.py for tasks to queue
[2024-09-08T11:26:55.490+0000] {logging_mixin.py:190} INFO - [2024-09-08T11:26:55.490+0000] {dagbag.py:587} INFO - Filling up the DagBag from /opt/airflow/dags/example_bash_operator.py
[2024-09-08T11:26:55.533+0000] {processor.py:925} INFO - DAG(s) 'example_bash_operator' retrieved from /opt/airflow/dags/example_bash_operator.py
[2024-09-08T11:26:55.584+0000] {logging_mixin.py:190} INFO - [2024-09-08T11:26:55.583+0000] {dag.py:3211} INFO - Sync 1 DAGs
[2024-09-08T11:26:55.634+0000] {logging_mixin.py:190} INFO - [2024-09-08T11:26:55.633+0000] {dag.py:4138} INFO - Setting next_dagrun for example_bash_operator to 2024-09-07 00:00:00+00:00, run_after=2024-09-08 00:00:00+00:00
[2024-09-08T11:26:56.186+0000] {processor.py:208} INFO - Processing /opt/airflow/dags/example_bash_operator.py took 0.713 seconds
[2024-09-08T11:27:26.438+0000] {processor.py:186} INFO - Started process (PID=213) to work on /opt/airflow/dags/example_bash_operator.py
[2024-09-08T11:27:26.440+0000] {processor.py:914} INFO - Processing file /opt/airflow/dags/example_bash_operator.py for tasks to queue
[2024-09-08T11:27:26.443+0000] {logging_mixin.py:190} INFO - [2024-09-08T11:27:26.442+0000] {dagbag.py:587} INFO - Filling up the DagBag from /opt/airflow/dags/example_bash_operator.py
[2024-09-08T11:27:26.558+0000] {processor.py:925} INFO - DAG(s) 'example_bash_operator' retrieved from /opt/airflow/dags/example_bash_operator.py
[2024-09-08T11:27:26.610+0000] {logging_mixin.py:190} INFO - [2024-09-08T11:27:26.609+0000] {dag.py:3211} INFO - Sync 1 DAGs
[2024-09-08T11:27:26.645+0000] {logging_mixin.py:190} INFO - [2024-09-08T11:27:26.645+0000] {dag.py:4138} INFO - Setting next_dagrun for example_bash_operator to 2024-09-07 00:00:00+00:00, run_after=2024-09-08 00:00:00+00:00
[2024-09-08T11:27:26.689+0000] {processor.py:208} INFO - Processing /opt/airflow/dags/example_bash_operator.py took 0.258 seconds
[2024-09-08T11:27:57.167+0000] {processor.py:186} INFO - Started process (PID=218) to work on /opt/airflow/dags/example_bash_operator.py
[2024-09-08T11:27:57.169+0000] {processor.py:914} INFO - Processing file /opt/airflow/dags/example_bash_operator.py for tasks to queue
[2024-09-08T11:27:57.172+0000] {logging_mixin.py:190} INFO - [2024-09-08T11:27:57.171+0000] {dagbag.py:587} INFO - Filling up the DagBag from /opt/airflow/dags/example_bash_operator.py
[2024-09-08T11:27:57.208+0000] {processor.py:925} INFO - DAG(s) 'example_bash_operator' retrieved from /opt/airflow/dags/example_bash_operator.py
[2024-09-08T11:27:57.243+0000] {logging_mixin.py:190} INFO - [2024-09-08T11:27:57.243+0000] {dag.py:3211} INFO - Sync 1 DAGs
[2024-09-08T11:27:57.269+0000] {logging_mixin.py:190} INFO - [2024-09-08T11:27:57.269+0000] {dag.py:4138} INFO - Setting next_dagrun for example_bash_operator to 2024-09-07 00:00:00+00:00, run_after=2024-09-08 00:00:00+00:00
[2024-09-08T11:27:57.310+0000] {processor.py:208} INFO - Processing /opt/airflow/dags/example_bash_operator.py took 0.149 seconds
[2024-09-08T11:28:27.892+0000] {processor.py:186} INFO - Started process (PID=223) to work on /opt/airflow/dags/example_bash_operator.py
[2024-09-08T11:28:27.894+0000] {processor.py:914} INFO - Processing file /opt/airflow/dags/example_bash_operator.py for tasks to queue
[2024-09-08T11:28:27.897+0000] {logging_mixin.py:190} INFO - [2024-09-08T11:28:27.896+0000] {dagbag.py:587} INFO - Filling up the DagBag from /opt/airflow/dags/example_bash_operator.py
[2024-09-08T11:28:27.932+0000] {processor.py:925} INFO - DAG(s) 'example_bash_operator' retrieved from /opt/airflow/dags/example_bash_operator.py
[2024-09-08T11:28:27.966+0000] {logging_mixin.py:190} INFO - [2024-09-08T11:28:27.966+0000] {dag.py:3211} INFO - Sync 1 DAGs
[2024-09-08T11:28:27.992+0000] {logging_mixin.py:190} INFO - [2024-09-08T11:28:27.992+0000] {dag.py:4138} INFO - Setting next_dagrun for example_bash_operator to 2024-09-07 00:00:00+00:00, run_after=2024-09-08 00:00:00+00:00
[2024-09-08T11:28:28.033+0000] {processor.py:208} INFO - Processing /opt/airflow/dags/example_bash_operator.py took 0.147 seconds
[2024-09-08T11:28:58.673+0000] {processor.py:186} INFO - Started process (PID=228) to work on /opt/airflow/dags/example_bash_operator.py
[2024-09-08T11:28:58.674+0000] {processor.py:914} INFO - Processing file /opt/airflow/dags/example_bash_operator.py for tasks to queue
[2024-09-08T11:28:58.677+0000] {logging_mixin.py:190} INFO - [2024-09-08T11:28:58.677+0000] {dagbag.py:587} INFO - Filling up the DagBag from /opt/airflow/dags/example_bash_operator.py
[2024-09-08T11:28:58.713+0000] {processor.py:925} INFO - DAG(s) 'example_bash_operator' retrieved from /opt/airflow/dags/example_bash_operator.py
[2024-09-08T11:28:58.748+0000] {logging_mixin.py:190} INFO - [2024-09-08T11:28:58.747+0000] {dag.py:3211} INFO - Sync 1 DAGs
[2024-09-08T11:28:58.773+0000] {logging_mixin.py:190} INFO - [2024-09-08T11:28:58.773+0000] {dag.py:4138} INFO - Setting next_dagrun for example_bash_operator to 2024-09-07 00:00:00+00:00, run_after=2024-09-08 00:00:00+00:00
[2024-09-08T11:28:58.826+0000] {processor.py:208} INFO - Processing /opt/airflow/dags/example_bash_operator.py took 0.168 seconds
[2024-09-08T11:29:29.280+0000] {processor.py:186} INFO - Started process (PID=233) to work on /opt/airflow/dags/example_bash_operator.py
[2024-09-08T11:29:29.282+0000] {processor.py:914} INFO - Processing file /opt/airflow/dags/example_bash_operator.py for tasks to queue
[2024-09-08T11:29:29.286+0000] {logging_mixin.py:190} INFO - [2024-09-08T11:29:29.285+0000] {dagbag.py:587} INFO - Filling up the DagBag from /opt/airflow/dags/example_bash_operator.py
[2024-09-08T11:29:29.328+0000] {processor.py:925} INFO - DAG(s) 'example_bash_operator' retrieved from /opt/airflow/dags/example_bash_operator.py
[2024-09-08T11:29:29.362+0000] {logging_mixin.py:190} INFO - [2024-09-08T11:29:29.362+0000] {dag.py:3211} INFO - Sync 1 DAGs
[2024-09-08T11:29:29.387+0000] {logging_mixin.py:190} INFO - [2024-09-08T11:29:29.386+0000] {dag.py:4138} INFO - Setting next_dagrun for example_bash_operator to 2024-09-07 00:00:00+00:00, run_after=2024-09-08 00:00:00+00:00
[2024-09-08T11:29:29.432+0000] {processor.py:208} INFO - Processing /opt/airflow/dags/example_bash_operator.py took 0.160 seconds
[2024-09-08T11:30:00.081+0000] {processor.py:186} INFO - Started process (PID=238) to work on /opt/airflow/dags/example_bash_operator.py
[2024-09-08T11:30:00.082+0000] {processor.py:914} INFO - Processing file /opt/airflow/dags/example_bash_operator.py for tasks to queue
[2024-09-08T11:30:00.085+0000] {logging_mixin.py:190} INFO - [2024-09-08T11:30:00.085+0000] {dagbag.py:587} INFO - Filling up the DagBag from /opt/airflow/dags/example_bash_operator.py
[2024-09-08T11:30:00.401+0000] {processor.py:925} INFO - DAG(s) 'example_bash_operator' retrieved from /opt/airflow/dags/example_bash_operator.py
[2024-09-08T11:30:00.440+0000] {logging_mixin.py:190} INFO - [2024-09-08T11:30:00.439+0000] {dag.py:3211} INFO - Sync 1 DAGs
[2024-09-08T11:30:00.520+0000] {logging_mixin.py:190} INFO - [2024-09-08T11:30:00.520+0000] {dag.py:4138} INFO - Setting next_dagrun for example_bash_operator to 2024-09-07 00:00:00+00:00, run_after=2024-09-08 00:00:00+00:00
[2024-09-08T11:30:00.566+0000] {processor.py:208} INFO - Processing /opt/airflow/dags/example_bash_operator.py took 0.492 seconds
[2024-09-08T11:30:30.789+0000] {processor.py:186} INFO - Started process (PID=243) to work on /opt/airflow/dags/example_bash_operator.py
[2024-09-08T11:30:30.791+0000] {processor.py:914} INFO - Processing file /opt/airflow/dags/example_bash_operator.py for tasks to queue
[2024-09-08T11:30:30.795+0000] {logging_mixin.py:190} INFO - [2024-09-08T11:30:30.794+0000] {dagbag.py:587} INFO - Filling up the DagBag from /opt/airflow/dags/example_bash_operator.py
[2024-09-08T11:30:30.829+0000] {processor.py:925} INFO - DAG(s) 'example_bash_operator' retrieved from /opt/airflow/dags/example_bash_operator.py
[2024-09-08T11:30:30.865+0000] {logging_mixin.py:190} INFO - [2024-09-08T11:30:30.865+0000] {dag.py:3211} INFO - Sync 1 DAGs
[2024-09-08T11:30:30.891+0000] {logging_mixin.py:190} INFO - [2024-09-08T11:30:30.890+0000] {dag.py:4138} INFO - Setting next_dagrun for example_bash_operator to 2024-09-07 00:00:00+00:00, run_after=2024-09-08 00:00:00+00:00
[2024-09-08T11:30:30.936+0000] {processor.py:208} INFO - Processing /opt/airflow/dags/example_bash_operator.py took 0.154 seconds
[2024-09-08T11:31:01.459+0000] {processor.py:186} INFO - Started process (PID=248) to work on /opt/airflow/dags/example_bash_operator.py
[2024-09-08T11:31:01.460+0000] {processor.py:914} INFO - Processing file /opt/airflow/dags/example_bash_operator.py for tasks to queue
[2024-09-08T11:31:01.463+0000] {logging_mixin.py:190} INFO - [2024-09-08T11:31:01.463+0000] {dagbag.py:587} INFO - Filling up the DagBag from /opt/airflow/dags/example_bash_operator.py
[2024-09-08T11:31:01.498+0000] {processor.py:925} INFO - DAG(s) 'example_bash_operator' retrieved from /opt/airflow/dags/example_bash_operator.py
[2024-09-08T11:31:01.533+0000] {logging_mixin.py:190} INFO - [2024-09-08T11:31:01.533+0000] {dag.py:3211} INFO - Sync 1 DAGs
[2024-09-08T11:31:01.559+0000] {logging_mixin.py:190} INFO - [2024-09-08T11:31:01.559+0000] {dag.py:4138} INFO - Setting next_dagrun for example_bash_operator to 2024-09-07 00:00:00+00:00, run_after=2024-09-08 00:00:00+00:00
[2024-09-08T11:31:01.594+0000] {processor.py:208} INFO - Processing /opt/airflow/dags/example_bash_operator.py took 0.142 seconds
[2024-09-08T11:31:32.430+0000] {processor.py:186} INFO - Started process (PID=253) to work on /opt/airflow/dags/example_bash_operator.py
[2024-09-08T11:31:32.431+0000] {processor.py:914} INFO - Processing file /opt/airflow/dags/example_bash_operator.py for tasks to queue
[2024-09-08T11:31:32.509+0000] {logging_mixin.py:190} INFO - [2024-09-08T11:31:32.485+0000] {dagbag.py:587} INFO - Filling up the DagBag from /opt/airflow/dags/example_bash_operator.py
[2024-09-08T11:31:32.646+0000] {processor.py:925} INFO - DAG(s) 'example_bash_operator' retrieved from /opt/airflow/dags/example_bash_operator.py
[2024-09-08T11:31:32.935+0000] {logging_mixin.py:190} INFO - [2024-09-08T11:31:32.935+0000] {dag.py:3211} INFO - Sync 1 DAGs
[2024-09-08T11:31:32.991+0000] {logging_mixin.py:190} INFO - [2024-09-08T11:31:32.990+0000] {dag.py:4138} INFO - Setting next_dagrun for example_bash_operator to 2024-09-07 00:00:00+00:00, run_after=2024-09-08 00:00:00+00:00
[2024-09-08T11:31:33.091+0000] {processor.py:208} INFO - Processing /opt/airflow/dags/example_bash_operator.py took 0.668 seconds
[2024-09-08T11:32:04.767+0000] {processor.py:186} INFO - Started process (PID=258) to work on /opt/airflow/dags/example_bash_operator.py
[2024-09-08T11:32:04.769+0000] {processor.py:914} INFO - Processing file /opt/airflow/dags/example_bash_operator.py for tasks to queue
[2024-09-08T11:32:04.772+0000] {logging_mixin.py:190} INFO - [2024-09-08T11:32:04.772+0000] {dagbag.py:587} INFO - Filling up the DagBag from /opt/airflow/dags/example_bash_operator.py
[2024-09-08T11:32:04.808+0000] {processor.py:925} INFO - DAG(s) 'example_bash_operator' retrieved from /opt/airflow/dags/example_bash_operator.py
[2024-09-08T11:32:04.846+0000] {logging_mixin.py:190} INFO - [2024-09-08T11:32:04.846+0000] {dag.py:3211} INFO - Sync 1 DAGs
[2024-09-08T11:32:04.875+0000] {logging_mixin.py:190} INFO - [2024-09-08T11:32:04.875+0000] {dag.py:4138} INFO - Setting next_dagrun for example_bash_operator to 2024-09-07 00:00:00+00:00, run_after=2024-09-08 00:00:00+00:00
[2024-09-08T11:32:04.916+0000] {processor.py:208} INFO - Processing /opt/airflow/dags/example_bash_operator.py took 0.156 seconds
[2024-09-08T11:32:36.949+0000] {processor.py:186} INFO - Started process (PID=263) to work on /opt/airflow/dags/example_bash_operator.py
[2024-09-08T11:32:36.951+0000] {processor.py:914} INFO - Processing file /opt/airflow/dags/example_bash_operator.py for tasks to queue
[2024-09-08T11:32:36.955+0000] {logging_mixin.py:190} INFO - [2024-09-08T11:32:36.954+0000] {dagbag.py:587} INFO - Filling up the DagBag from /opt/airflow/dags/example_bash_operator.py
[2024-09-08T11:32:36.990+0000] {processor.py:925} INFO - DAG(s) 'example_bash_operator' retrieved from /opt/airflow/dags/example_bash_operator.py
[2024-09-08T11:32:37.026+0000] {logging_mixin.py:190} INFO - [2024-09-08T11:32:37.026+0000] {dag.py:3211} INFO - Sync 1 DAGs
[2024-09-08T11:32:37.051+0000] {logging_mixin.py:190} INFO - [2024-09-08T11:32:37.051+0000] {dag.py:4138} INFO - Setting next_dagrun for example_bash_operator to 2024-09-07 00:00:00+00:00, run_after=2024-09-08 00:00:00+00:00
[2024-09-08T11:32:37.097+0000] {processor.py:208} INFO - Processing /opt/airflow/dags/example_bash_operator.py took 0.153 seconds
[2024-09-08T11:33:08.306+0000] {processor.py:186} INFO - Started process (PID=268) to work on /opt/airflow/dags/example_bash_operator.py
[2024-09-08T11:33:08.308+0000] {processor.py:914} INFO - Processing file /opt/airflow/dags/example_bash_operator.py for tasks to queue
[2024-09-08T11:33:08.311+0000] {logging_mixin.py:190} INFO - [2024-09-08T11:33:08.310+0000] {dagbag.py:587} INFO - Filling up the DagBag from /opt/airflow/dags/example_bash_operator.py
[2024-09-08T11:33:08.346+0000] {processor.py:925} INFO - DAG(s) 'example_bash_operator' retrieved from /opt/airflow/dags/example_bash_operator.py
[2024-09-08T11:33:08.388+0000] {logging_mixin.py:190} INFO - [2024-09-08T11:33:08.387+0000] {dag.py:3211} INFO - Sync 1 DAGs
[2024-09-08T11:33:08.412+0000] {logging_mixin.py:190} INFO - [2024-09-08T11:33:08.412+0000] {dag.py:4138} INFO - Setting next_dagrun for example_bash_operator to 2024-09-07 00:00:00+00:00, run_after=2024-09-08 00:00:00+00:00
[2024-09-08T11:33:08.476+0000] {processor.py:208} INFO - Processing /opt/airflow/dags/example_bash_operator.py took 0.176 seconds
