[2024-09-08T09:01:27.034+0000] {processor.py:186} INFO - Started process (PID=39) to work on /opt/airflow/dags/sample_dag.py
[2024-09-08T09:01:27.045+0000] {processor.py:914} INFO - Processing file /opt/airflow/dags/sample_dag.py for tasks to queue
[2024-09-08T09:01:27.256+0000] {logging_mixin.py:190} INFO - [2024-09-08T09:01:27.221+0000] {dagbag.py:587} INFO - Filling up the DagBag from /opt/airflow/dags/sample_dag.py
[2024-09-08T09:01:29.592+0000] {processor.py:925} INFO - DAG(s) 'first_sample_dag' retrieved from /opt/airflow/dags/sample_dag.py
[2024-09-08T09:01:31.350+0000] {logging_mixin.py:190} INFO - [2024-09-08T09:01:31.346+0000] {override.py:1858} INFO - Created Permission View: can edit on DAG:first_sample_dag
[2024-09-08T09:01:31.439+0000] {logging_mixin.py:190} INFO - [2024-09-08T09:01:31.439+0000] {override.py:1858} INFO - Created Permission View: can delete on DAG:first_sample_dag
[2024-09-08T09:01:31.480+0000] {logging_mixin.py:190} INFO - [2024-09-08T09:01:31.478+0000] {override.py:1858} INFO - Created Permission View: can read on DAG:first_sample_dag
[2024-09-08T09:01:31.484+0000] {logging_mixin.py:190} INFO - [2024-09-08T09:01:31.482+0000] {dag.py:3211} INFO - Sync 1 DAGs
[2024-09-08T09:01:31.603+0000] {logging_mixin.py:190} INFO - [2024-09-08T09:01:31.603+0000] {dag.py:3234} INFO - Creating ORM DAG for first_sample_dag
[2024-09-08T09:01:31.779+0000] {logging_mixin.py:190} INFO - [2024-09-08T09:01:31.777+0000] {dag.py:4138} INFO - Setting next_dagrun for first_sample_dag to 2024-09-06 23:00:00+00:00, run_after=2024-09-07 23:00:00+00:00
[2024-09-08T09:01:47.878+0000] {processor.py:208} INFO - Processing /opt/airflow/dags/sample_dag.py took 21.018 seconds
[2024-09-08T09:02:46.999+0000] {processor.py:186} INFO - Started process (PID=44) to work on /opt/airflow/dags/sample_dag.py
[2024-09-08T09:02:47.001+0000] {processor.py:914} INFO - Processing file /opt/airflow/dags/sample_dag.py for tasks to queue
[2024-09-08T09:02:47.004+0000] {logging_mixin.py:190} INFO - [2024-09-08T09:02:47.004+0000] {dagbag.py:587} INFO - Filling up the DagBag from /opt/airflow/dags/sample_dag.py
[2024-09-08T09:02:47.050+0000] {processor.py:925} INFO - DAG(s) 'first_sample_dag' retrieved from /opt/airflow/dags/sample_dag.py
[2024-09-08T09:02:47.094+0000] {logging_mixin.py:190} INFO - [2024-09-08T09:02:47.094+0000] {dag.py:3211} INFO - Sync 1 DAGs
[2024-09-08T09:02:47.136+0000] {logging_mixin.py:190} INFO - [2024-09-08T09:02:47.136+0000] {dag.py:4138} INFO - Setting next_dagrun for first_sample_dag to 2024-09-06 23:00:00+00:00, run_after=2024-09-07 23:00:00+00:00
[2024-09-08T09:02:47.192+0000] {processor.py:208} INFO - Processing /opt/airflow/dags/sample_dag.py took 0.201 seconds
[2024-09-08T09:05:31.678+0000] {processor.py:186} INFO - Started process (PID=49) to work on /opt/airflow/dags/sample_dag.py
[2024-09-08T09:05:31.705+0000] {processor.py:914} INFO - Processing file /opt/airflow/dags/sample_dag.py for tasks to queue
[2024-09-08T09:05:31.818+0000] {logging_mixin.py:190} INFO - [2024-09-08T09:05:31.781+0000] {dagbag.py:587} INFO - Filling up the DagBag from /opt/airflow/dags/sample_dag.py
[2024-09-08T09:05:32.577+0000] {processor.py:925} INFO - DAG(s) 'first_sample_dag' retrieved from /opt/airflow/dags/sample_dag.py
[2024-09-08T09:05:32.874+0000] {logging_mixin.py:190} INFO - [2024-09-08T09:05:32.873+0000] {dag.py:3211} INFO - Sync 1 DAGs
[2024-09-08T09:05:33.258+0000] {logging_mixin.py:190} INFO - [2024-09-08T09:05:33.258+0000] {dag.py:4138} INFO - Setting next_dagrun for first_sample_dag to 2024-09-06 23:00:00+00:00, run_after=2024-09-07 23:00:00+00:00
[2024-09-08T09:05:33.734+0000] {processor.py:208} INFO - Processing /opt/airflow/dags/sample_dag.py took 2.376 seconds
[2024-09-08T09:06:57.375+0000] {processor.py:186} INFO - Started process (PID=54) to work on /opt/airflow/dags/sample_dag.py
[2024-09-08T09:06:57.422+0000] {processor.py:914} INFO - Processing file /opt/airflow/dags/sample_dag.py for tasks to queue
[2024-09-08T09:06:57.674+0000] {logging_mixin.py:190} INFO - [2024-09-08T09:06:57.615+0000] {dagbag.py:587} INFO - Filling up the DagBag from /opt/airflow/dags/sample_dag.py
[2024-09-08T09:07:04.711+0000] {processor.py:925} INFO - DAG(s) 'first_sample_dag' retrieved from /opt/airflow/dags/sample_dag.py
[2024-09-08T09:07:09.794+0000] {logging_mixin.py:190} INFO - [2024-09-08T09:07:09.791+0000] {dag.py:3211} INFO - Sync 1 DAGs
[2024-09-08T09:07:10.338+0000] {logging_mixin.py:190} INFO - [2024-09-08T09:07:10.338+0000] {dag.py:4138} INFO - Setting next_dagrun for first_sample_dag to 2024-09-06 23:00:00+00:00, run_after=2024-09-07 23:00:00+00:00
[2024-09-08T09:07:10.586+0000] {processor.py:208} INFO - Processing /opt/airflow/dags/sample_dag.py took 13.571 seconds
[2024-09-08T09:09:28.148+0000] {processor.py:186} INFO - Started process (PID=58) to work on /opt/airflow/dags/sample_dag.py
[2024-09-08T09:09:28.155+0000] {processor.py:914} INFO - Processing file /opt/airflow/dags/sample_dag.py for tasks to queue
[2024-09-08T09:09:28.165+0000] {logging_mixin.py:190} INFO - [2024-09-08T09:09:28.162+0000] {dagbag.py:587} INFO - Filling up the DagBag from /opt/airflow/dags/sample_dag.py
[2024-09-08T09:09:28.650+0000] {processor.py:925} INFO - DAG(s) 'first_sample_dag' retrieved from /opt/airflow/dags/sample_dag.py
[2024-09-08T09:09:30.967+0000] {logging_mixin.py:190} INFO - [2024-09-08T09:09:30.965+0000] {dag.py:3211} INFO - Sync 1 DAGs
[2024-09-08T09:09:31.371+0000] {logging_mixin.py:190} INFO - [2024-09-08T09:09:31.370+0000] {dag.py:4138} INFO - Setting next_dagrun for first_sample_dag to 2024-09-06 23:00:00+00:00, run_after=2024-09-07 23:00:00+00:00
[2024-09-08T09:09:31.551+0000] {processor.py:208} INFO - Processing /opt/airflow/dags/sample_dag.py took 3.431 seconds
[2024-09-08T09:12:05.858+0000] {processor.py:186} INFO - Started process (PID=63) to work on /opt/airflow/dags/sample_dag.py
[2024-09-08T09:12:05.861+0000] {processor.py:914} INFO - Processing file /opt/airflow/dags/sample_dag.py for tasks to queue
[2024-09-08T09:12:05.880+0000] {logging_mixin.py:190} INFO - [2024-09-08T09:12:05.876+0000] {dagbag.py:587} INFO - Filling up the DagBag from /opt/airflow/dags/sample_dag.py
[2024-09-08T09:12:05.997+0000] {processor.py:925} INFO - DAG(s) 'first_sample_dag' retrieved from /opt/airflow/dags/sample_dag.py
[2024-09-08T09:12:06.064+0000] {logging_mixin.py:190} INFO - [2024-09-08T09:12:06.064+0000] {dag.py:3211} INFO - Sync 1 DAGs
[2024-09-08T09:12:06.124+0000] {logging_mixin.py:190} INFO - [2024-09-08T09:12:06.124+0000] {dag.py:4138} INFO - Setting next_dagrun for first_sample_dag to 2024-09-06 23:00:00+00:00, run_after=2024-09-07 23:00:00+00:00
[2024-09-08T09:12:06.200+0000] {processor.py:208} INFO - Processing /opt/airflow/dags/sample_dag.py took 0.351 seconds
[2024-09-08T09:12:51.035+0000] {processor.py:186} INFO - Started process (PID=68) to work on /opt/airflow/dags/sample_dag.py
[2024-09-08T09:12:51.110+0000] {processor.py:914} INFO - Processing file /opt/airflow/dags/sample_dag.py for tasks to queue
[2024-09-08T09:12:51.369+0000] {logging_mixin.py:190} INFO - [2024-09-08T09:12:51.302+0000] {dagbag.py:587} INFO - Filling up the DagBag from /opt/airflow/dags/sample_dag.py
[2024-09-08T09:12:56.194+0000] {processor.py:925} INFO - DAG(s) 'first_sample_dag' retrieved from /opt/airflow/dags/sample_dag.py
[2024-09-08T09:12:57.648+0000] {logging_mixin.py:190} INFO - [2024-09-08T09:12:57.647+0000] {dag.py:3211} INFO - Sync 1 DAGs
[2024-09-08T09:12:58.141+0000] {logging_mixin.py:190} INFO - [2024-09-08T09:12:58.140+0000] {dag.py:4138} INFO - Setting next_dagrun for first_sample_dag to 2024-09-06 23:00:00+00:00, run_after=2024-09-07 23:00:00+00:00
[2024-09-08T09:12:58.653+0000] {processor.py:208} INFO - Processing /opt/airflow/dags/sample_dag.py took 8.111 seconds
[2024-09-08T09:13:46.495+0000] {processor.py:186} INFO - Started process (PID=73) to work on /opt/airflow/dags/sample_dag.py
[2024-09-08T09:13:46.548+0000] {processor.py:914} INFO - Processing file /opt/airflow/dags/sample_dag.py for tasks to queue
[2024-09-08T09:13:46.666+0000] {logging_mixin.py:190} INFO - [2024-09-08T09:13:46.651+0000] {dagbag.py:587} INFO - Filling up the DagBag from /opt/airflow/dags/sample_dag.py
[2024-09-08T09:13:47.397+0000] {processor.py:925} INFO - DAG(s) 'first_sample_dag' retrieved from /opt/airflow/dags/sample_dag.py
[2024-09-08T09:13:48.360+0000] {logging_mixin.py:190} INFO - [2024-09-08T09:13:48.358+0000] {dag.py:3211} INFO - Sync 1 DAGs
[2024-09-08T09:13:48.866+0000] {logging_mixin.py:190} INFO - [2024-09-08T09:13:48.865+0000] {dag.py:4138} INFO - Setting next_dagrun for first_sample_dag to 2024-09-06 23:00:00+00:00, run_after=2024-09-07 23:00:00+00:00
[2024-09-08T09:13:49.156+0000] {processor.py:208} INFO - Processing /opt/airflow/dags/sample_dag.py took 4.201 seconds
[2024-09-08T09:14:23.202+0000] {processor.py:186} INFO - Started process (PID=78) to work on /opt/airflow/dags/sample_dag.py
[2024-09-08T09:14:23.204+0000] {processor.py:914} INFO - Processing file /opt/airflow/dags/sample_dag.py for tasks to queue
[2024-09-08T09:14:23.208+0000] {logging_mixin.py:190} INFO - [2024-09-08T09:14:23.208+0000] {dagbag.py:587} INFO - Filling up the DagBag from /opt/airflow/dags/sample_dag.py
[2024-09-08T09:14:23.256+0000] {processor.py:925} INFO - DAG(s) 'first_sample_dag' retrieved from /opt/airflow/dags/sample_dag.py
[2024-09-08T09:14:23.298+0000] {logging_mixin.py:190} INFO - [2024-09-08T09:14:23.298+0000] {dag.py:3211} INFO - Sync 1 DAGs
[2024-09-08T09:14:23.342+0000] {logging_mixin.py:190} INFO - [2024-09-08T09:14:23.341+0000] {dag.py:4138} INFO - Setting next_dagrun for first_sample_dag to 2024-09-06 23:00:00+00:00, run_after=2024-09-07 23:00:00+00:00
[2024-09-08T09:14:23.404+0000] {processor.py:208} INFO - Processing /opt/airflow/dags/sample_dag.py took 0.211 seconds
[2024-09-08T09:15:30.021+0000] {processor.py:186} INFO - Started process (PID=83) to work on /opt/airflow/dags/sample_dag.py
[2024-09-08T09:15:30.088+0000] {processor.py:914} INFO - Processing file /opt/airflow/dags/sample_dag.py for tasks to queue
[2024-09-08T09:15:30.292+0000] {logging_mixin.py:190} INFO - [2024-09-08T09:15:30.266+0000] {dagbag.py:587} INFO - Filling up the DagBag from /opt/airflow/dags/sample_dag.py
[2024-09-08T09:15:31.646+0000] {processor.py:925} INFO - DAG(s) 'first_sample_dag' retrieved from /opt/airflow/dags/sample_dag.py
[2024-09-08T09:15:32.563+0000] {logging_mixin.py:190} INFO - [2024-09-08T09:15:32.559+0000] {dag.py:3211} INFO - Sync 1 DAGs
[2024-09-08T09:15:33.104+0000] {logging_mixin.py:190} INFO - [2024-09-08T09:15:33.102+0000] {dag.py:4138} INFO - Setting next_dagrun for first_sample_dag to 2024-09-06 23:00:00+00:00, run_after=2024-09-07 23:00:00+00:00
[2024-09-08T09:15:33.541+0000] {processor.py:208} INFO - Processing /opt/airflow/dags/sample_dag.py took 3.822 seconds
[2024-09-08T09:16:09.592+0000] {processor.py:186} INFO - Started process (PID=88) to work on /opt/airflow/dags/sample_dag.py
[2024-09-08T09:16:09.598+0000] {processor.py:914} INFO - Processing file /opt/airflow/dags/sample_dag.py for tasks to queue
[2024-09-08T09:16:09.617+0000] {logging_mixin.py:190} INFO - [2024-09-08T09:16:09.610+0000] {dagbag.py:587} INFO - Filling up the DagBag from /opt/airflow/dags/sample_dag.py
[2024-09-08T09:16:09.746+0000] {processor.py:925} INFO - DAG(s) 'first_sample_dag' retrieved from /opt/airflow/dags/sample_dag.py
[2024-09-08T09:16:09.891+0000] {logging_mixin.py:190} INFO - [2024-09-08T09:16:09.890+0000] {dag.py:3211} INFO - Sync 1 DAGs
[2024-09-08T09:16:10.017+0000] {logging_mixin.py:190} INFO - [2024-09-08T09:16:10.017+0000] {dag.py:4138} INFO - Setting next_dagrun for first_sample_dag to 2024-09-06 23:00:00+00:00, run_after=2024-09-07 23:00:00+00:00
[2024-09-08T09:16:10.129+0000] {processor.py:208} INFO - Processing /opt/airflow/dags/sample_dag.py took 0.569 seconds
[2024-09-08T09:18:45.349+0000] {processor.py:186} INFO - Started process (PID=93) to work on /opt/airflow/dags/sample_dag.py
[2024-09-08T09:18:45.675+0000] {processor.py:914} INFO - Processing file /opt/airflow/dags/sample_dag.py for tasks to queue
[2024-09-08T09:18:45.954+0000] {logging_mixin.py:190} INFO - [2024-09-08T09:18:45.900+0000] {dagbag.py:587} INFO - Filling up the DagBag from /opt/airflow/dags/sample_dag.py
[2024-09-08T09:18:46.843+0000] {processor.py:925} INFO - DAG(s) 'first_sample_dag' retrieved from /opt/airflow/dags/sample_dag.py
[2024-09-08T09:18:47.709+0000] {logging_mixin.py:190} INFO - [2024-09-08T09:18:47.705+0000] {dag.py:3211} INFO - Sync 1 DAGs
[2024-09-08T09:18:48.602+0000] {logging_mixin.py:190} INFO - [2024-09-08T09:18:48.600+0000] {dag.py:4138} INFO - Setting next_dagrun for first_sample_dag to 2024-09-06 23:00:00+00:00, run_after=2024-09-07 23:00:00+00:00
[2024-09-08T09:18:49.376+0000] {processor.py:208} INFO - Processing /opt/airflow/dags/sample_dag.py took 6.311 seconds
[2024-09-08T09:19:37.367+0000] {processor.py:186} INFO - Started process (PID=98) to work on /opt/airflow/dags/sample_dag.py
[2024-09-08T09:19:37.370+0000] {processor.py:914} INFO - Processing file /opt/airflow/dags/sample_dag.py for tasks to queue
[2024-09-08T09:19:37.375+0000] {logging_mixin.py:190} INFO - [2024-09-08T09:19:37.375+0000] {dagbag.py:587} INFO - Filling up the DagBag from /opt/airflow/dags/sample_dag.py
[2024-09-08T09:19:37.437+0000] {processor.py:925} INFO - DAG(s) 'first_sample_dag' retrieved from /opt/airflow/dags/sample_dag.py
[2024-09-08T09:19:37.518+0000] {logging_mixin.py:190} INFO - [2024-09-08T09:19:37.517+0000] {dag.py:3211} INFO - Sync 1 DAGs
[2024-09-08T09:19:37.613+0000] {logging_mixin.py:190} INFO - [2024-09-08T09:19:37.611+0000] {dag.py:4138} INFO - Setting next_dagrun for first_sample_dag to 2024-09-06 23:00:00+00:00, run_after=2024-09-07 23:00:00+00:00
[2024-09-08T09:19:37.712+0000] {processor.py:208} INFO - Processing /opt/airflow/dags/sample_dag.py took 0.361 seconds
[2024-09-08T09:21:06.123+0000] {processor.py:186} INFO - Started process (PID=103) to work on /opt/airflow/dags/sample_dag.py
[2024-09-08T09:21:06.152+0000] {processor.py:914} INFO - Processing file /opt/airflow/dags/sample_dag.py for tasks to queue
[2024-09-08T09:21:06.158+0000] {logging_mixin.py:190} INFO - [2024-09-08T09:21:06.156+0000] {dagbag.py:587} INFO - Filling up the DagBag from /opt/airflow/dags/sample_dag.py
[2024-09-08T09:21:06.298+0000] {processor.py:925} INFO - DAG(s) 'first_sample_dag' retrieved from /opt/airflow/dags/sample_dag.py
[2024-09-08T09:21:06.407+0000] {logging_mixin.py:190} INFO - [2024-09-08T09:21:06.407+0000] {dag.py:3211} INFO - Sync 1 DAGs
[2024-09-08T09:21:06.669+0000] {logging_mixin.py:190} INFO - [2024-09-08T09:21:06.669+0000] {dag.py:4138} INFO - Setting next_dagrun for first_sample_dag to 2024-09-06 23:00:00+00:00, run_after=2024-09-07 23:00:00+00:00
[2024-09-08T09:21:06.829+0000] {processor.py:208} INFO - Processing /opt/airflow/dags/sample_dag.py took 0.719 seconds
[2024-09-08T09:23:35.282+0000] {processor.py:186} INFO - Started process (PID=108) to work on /opt/airflow/dags/sample_dag.py
[2024-09-08T09:23:35.284+0000] {processor.py:914} INFO - Processing file /opt/airflow/dags/sample_dag.py for tasks to queue
[2024-09-08T09:23:35.290+0000] {logging_mixin.py:190} INFO - [2024-09-08T09:23:35.289+0000] {dagbag.py:587} INFO - Filling up the DagBag from /opt/airflow/dags/sample_dag.py
[2024-09-08T09:23:35.337+0000] {processor.py:925} INFO - DAG(s) 'first_sample_dag' retrieved from /opt/airflow/dags/sample_dag.py
[2024-09-08T09:23:35.409+0000] {logging_mixin.py:190} INFO - [2024-09-08T09:23:35.408+0000] {dag.py:3211} INFO - Sync 1 DAGs
[2024-09-08T09:23:35.541+0000] {logging_mixin.py:190} INFO - [2024-09-08T09:23:35.540+0000] {dag.py:4138} INFO - Setting next_dagrun for first_sample_dag to 2024-09-06 23:00:00+00:00, run_after=2024-09-07 23:00:00+00:00
[2024-09-08T09:23:35.838+0000] {processor.py:208} INFO - Processing /opt/airflow/dags/sample_dag.py took 0.567 seconds
[2024-09-08T09:25:40.846+0000] {processor.py:186} INFO - Started process (PID=113) to work on /opt/airflow/dags/sample_dag.py
[2024-09-08T09:25:40.849+0000] {processor.py:914} INFO - Processing file /opt/airflow/dags/sample_dag.py for tasks to queue
[2024-09-08T09:25:40.860+0000] {logging_mixin.py:190} INFO - [2024-09-08T09:25:40.858+0000] {dagbag.py:587} INFO - Filling up the DagBag from /opt/airflow/dags/sample_dag.py
[2024-09-08T09:25:40.971+0000] {processor.py:925} INFO - DAG(s) 'first_sample_dag' retrieved from /opt/airflow/dags/sample_dag.py
[2024-09-08T09:25:41.160+0000] {logging_mixin.py:190} INFO - [2024-09-08T09:25:41.159+0000] {dag.py:3211} INFO - Sync 1 DAGs
[2024-09-08T09:25:41.704+0000] {logging_mixin.py:190} INFO - [2024-09-08T09:25:41.701+0000] {dag.py:4138} INFO - Setting next_dagrun for first_sample_dag to 2024-09-06 23:00:00+00:00, run_after=2024-09-07 23:00:00+00:00
[2024-09-08T09:25:42.179+0000] {processor.py:208} INFO - Processing /opt/airflow/dags/sample_dag.py took 1.351 seconds
[2024-09-08T09:27:13.347+0000] {processor.py:186} INFO - Started process (PID=118) to work on /opt/airflow/dags/sample_dag.py
[2024-09-08T09:27:13.448+0000] {processor.py:914} INFO - Processing file /opt/airflow/dags/sample_dag.py for tasks to queue
[2024-09-08T09:27:13.725+0000] {logging_mixin.py:190} INFO - [2024-09-08T09:27:13.679+0000] {dagbag.py:587} INFO - Filling up the DagBag from /opt/airflow/dags/sample_dag.py
[2024-09-08T09:27:14.870+0000] {processor.py:925} INFO - DAG(s) 'first_sample_dag' retrieved from /opt/airflow/dags/sample_dag.py
[2024-09-08T09:27:16.689+0000] {logging_mixin.py:190} INFO - [2024-09-08T09:27:16.650+0000] {dag.py:3211} INFO - Sync 1 DAGs
[2024-09-08T09:27:18.548+0000] {logging_mixin.py:190} INFO - [2024-09-08T09:27:18.546+0000] {dag.py:4138} INFO - Setting next_dagrun for first_sample_dag to 2024-09-06 23:00:00+00:00, run_after=2024-09-07 23:00:00+00:00
[2024-09-08T09:27:19.364+0000] {processor.py:208} INFO - Processing /opt/airflow/dags/sample_dag.py took 6.452 seconds
[2024-09-08T09:28:31.901+0000] {processor.py:186} INFO - Started process (PID=123) to work on /opt/airflow/dags/sample_dag.py
[2024-09-08T09:28:32.218+0000] {processor.py:914} INFO - Processing file /opt/airflow/dags/sample_dag.py for tasks to queue
[2024-09-08T09:28:33.127+0000] {logging_mixin.py:190} INFO - [2024-09-08T09:28:33.043+0000] {dagbag.py:587} INFO - Filling up the DagBag from /opt/airflow/dags/sample_dag.py
[2024-09-08T09:28:36.006+0000] {processor.py:925} INFO - DAG(s) 'first_sample_dag' retrieved from /opt/airflow/dags/sample_dag.py
[2024-09-08T09:28:38.112+0000] {logging_mixin.py:190} INFO - [2024-09-08T09:28:38.101+0000] {dag.py:3211} INFO - Sync 1 DAGs
[2024-09-08T09:28:39.218+0000] {logging_mixin.py:190} INFO - [2024-09-08T09:28:39.218+0000] {dag.py:4138} INFO - Setting next_dagrun for first_sample_dag to 2024-09-06 23:00:00+00:00, run_after=2024-09-07 23:00:00+00:00
[2024-09-08T09:28:39.706+0000] {processor.py:208} INFO - Processing /opt/airflow/dags/sample_dag.py took 8.783 seconds
[2024-09-08T11:04:46.703+0000] {processor.py:186} INFO - Started process (PID=39) to work on /opt/airflow/dags/sample_dag.py
[2024-09-08T11:04:46.723+0000] {processor.py:914} INFO - Processing file /opt/airflow/dags/sample_dag.py for tasks to queue
[2024-09-08T11:04:46.764+0000] {logging_mixin.py:190} INFO - [2024-09-08T11:04:46.763+0000] {dagbag.py:587} INFO - Filling up the DagBag from /opt/airflow/dags/sample_dag.py
[2024-09-08T11:04:46.805+0000] {processor.py:925} INFO - DAG(s) 'first_sample_dag' retrieved from /opt/airflow/dags/sample_dag.py
[2024-09-08T11:04:47.164+0000] {logging_mixin.py:190} INFO - [2024-09-08T11:04:47.164+0000] {dag.py:3211} INFO - Sync 1 DAGs
[2024-09-08T11:04:47.536+0000] {logging_mixin.py:190} INFO - [2024-09-08T11:04:47.533+0000] {dag.py:4138} INFO - Setting next_dagrun for first_sample_dag to 2024-09-06 23:00:00+00:00, run_after=2024-09-07 23:00:00+00:00
[2024-09-08T11:04:47.961+0000] {processor.py:208} INFO - Processing /opt/airflow/dags/sample_dag.py took 1.267 seconds
[2024-09-08T11:06:08.675+0000] {processor.py:186} INFO - Started process (PID=44) to work on /opt/airflow/dags/sample_dag.py
[2024-09-08T11:06:08.679+0000] {processor.py:914} INFO - Processing file /opt/airflow/dags/sample_dag.py for tasks to queue
[2024-09-08T11:06:08.687+0000] {logging_mixin.py:190} INFO - [2024-09-08T11:06:08.685+0000] {dagbag.py:587} INFO - Filling up the DagBag from /opt/airflow/dags/sample_dag.py
[2024-09-08T11:06:08.730+0000] {processor.py:925} INFO - DAG(s) 'first_sample_dag' retrieved from /opt/airflow/dags/sample_dag.py
[2024-09-08T11:06:08.766+0000] {logging_mixin.py:190} INFO - [2024-09-08T11:06:08.766+0000] {dag.py:3211} INFO - Sync 1 DAGs
[2024-09-08T11:06:08.798+0000] {logging_mixin.py:190} INFO - [2024-09-08T11:06:08.798+0000] {dag.py:4138} INFO - Setting next_dagrun for first_sample_dag to 2024-09-06 23:00:00+00:00, run_after=2024-09-07 23:00:00+00:00
[2024-09-08T11:06:08.871+0000] {processor.py:208} INFO - Processing /opt/airflow/dags/sample_dag.py took 0.213 seconds
[2024-09-08T11:07:02.034+0000] {processor.py:186} INFO - Started process (PID=49) to work on /opt/airflow/dags/sample_dag.py
[2024-09-08T11:07:02.040+0000] {processor.py:914} INFO - Processing file /opt/airflow/dags/sample_dag.py for tasks to queue
[2024-09-08T11:07:02.046+0000] {logging_mixin.py:190} INFO - [2024-09-08T11:07:02.045+0000] {dagbag.py:587} INFO - Filling up the DagBag from /opt/airflow/dags/sample_dag.py
[2024-09-08T11:07:02.169+0000] {processor.py:925} INFO - DAG(s) 'first_sample_dag' retrieved from /opt/airflow/dags/sample_dag.py
[2024-09-08T11:07:02.342+0000] {logging_mixin.py:190} INFO - [2024-09-08T11:07:02.341+0000] {dag.py:3211} INFO - Sync 1 DAGs
[2024-09-08T11:07:02.478+0000] {logging_mixin.py:190} INFO - [2024-09-08T11:07:02.477+0000] {dag.py:4138} INFO - Setting next_dagrun for first_sample_dag to 2024-09-06 23:00:00+00:00, run_after=2024-09-07 23:00:00+00:00
[2024-09-08T11:07:02.604+0000] {processor.py:208} INFO - Processing /opt/airflow/dags/sample_dag.py took 0.606 seconds
[2024-09-08T11:08:04.955+0000] {processor.py:186} INFO - Started process (PID=54) to work on /opt/airflow/dags/sample_dag.py
[2024-09-08T11:08:04.958+0000] {processor.py:914} INFO - Processing file /opt/airflow/dags/sample_dag.py for tasks to queue
[2024-09-08T11:08:04.978+0000] {logging_mixin.py:190} INFO - [2024-09-08T11:08:04.975+0000] {dagbag.py:587} INFO - Filling up the DagBag from /opt/airflow/dags/sample_dag.py
[2024-09-08T11:08:05.862+0000] {processor.py:925} INFO - DAG(s) 'first_sample_dag' retrieved from /opt/airflow/dags/sample_dag.py
[2024-09-08T11:08:06.806+0000] {logging_mixin.py:190} INFO - [2024-09-08T11:08:06.805+0000] {dag.py:3211} INFO - Sync 1 DAGs
[2024-09-08T11:08:07.410+0000] {logging_mixin.py:190} INFO - [2024-09-08T11:08:07.409+0000] {dag.py:4138} INFO - Setting next_dagrun for first_sample_dag to 2024-09-06 23:00:00+00:00, run_after=2024-09-07 23:00:00+00:00
[2024-09-08T11:08:07.858+0000] {processor.py:208} INFO - Processing /opt/airflow/dags/sample_dag.py took 2.929 seconds
[2024-09-08T11:08:59.227+0000] {processor.py:186} INFO - Started process (PID=59) to work on /opt/airflow/dags/sample_dag.py
[2024-09-08T11:08:59.230+0000] {processor.py:914} INFO - Processing file /opt/airflow/dags/sample_dag.py for tasks to queue
[2024-09-08T11:08:59.238+0000] {logging_mixin.py:190} INFO - [2024-09-08T11:08:59.237+0000] {dagbag.py:587} INFO - Filling up the DagBag from /opt/airflow/dags/sample_dag.py
[2024-09-08T11:08:59.292+0000] {processor.py:925} INFO - DAG(s) 'first_sample_dag' retrieved from /opt/airflow/dags/sample_dag.py
[2024-09-08T11:09:00.326+0000] {logging_mixin.py:190} INFO - [2024-09-08T11:09:00.325+0000] {dag.py:3211} INFO - Sync 1 DAGs
[2024-09-08T11:09:01.073+0000] {logging_mixin.py:190} INFO - [2024-09-08T11:09:01.072+0000] {dag.py:4138} INFO - Setting next_dagrun for first_sample_dag to 2024-09-06 23:00:00+00:00, run_after=2024-09-07 23:00:00+00:00
[2024-09-08T11:09:01.345+0000] {processor.py:208} INFO - Processing /opt/airflow/dags/sample_dag.py took 2.147 seconds
[2024-09-08T11:09:42.803+0000] {processor.py:186} INFO - Started process (PID=64) to work on /opt/airflow/dags/sample_dag.py
[2024-09-08T11:09:42.804+0000] {processor.py:914} INFO - Processing file /opt/airflow/dags/sample_dag.py for tasks to queue
[2024-09-08T11:09:42.808+0000] {logging_mixin.py:190} INFO - [2024-09-08T11:09:42.808+0000] {dagbag.py:587} INFO - Filling up the DagBag from /opt/airflow/dags/sample_dag.py
[2024-09-08T11:09:42.849+0000] {processor.py:925} INFO - DAG(s) 'first_sample_dag' retrieved from /opt/airflow/dags/sample_dag.py
[2024-09-08T11:09:42.879+0000] {logging_mixin.py:190} INFO - [2024-09-08T11:09:42.878+0000] {dag.py:3211} INFO - Sync 1 DAGs
[2024-09-08T11:09:42.908+0000] {logging_mixin.py:190} INFO - [2024-09-08T11:09:42.908+0000] {dag.py:4138} INFO - Setting next_dagrun for first_sample_dag to 2024-09-06 23:00:00+00:00, run_after=2024-09-07 23:00:00+00:00
[2024-09-08T11:09:42.955+0000] {processor.py:208} INFO - Processing /opt/airflow/dags/sample_dag.py took 0.159 seconds
[2024-09-08T11:10:17.129+0000] {processor.py:186} INFO - Started process (PID=69) to work on /opt/airflow/dags/sample_dag.py
[2024-09-08T11:10:17.140+0000] {processor.py:914} INFO - Processing file /opt/airflow/dags/sample_dag.py for tasks to queue
[2024-09-08T11:10:17.145+0000] {logging_mixin.py:190} INFO - [2024-09-08T11:10:17.144+0000] {dagbag.py:587} INFO - Filling up the DagBag from /opt/airflow/dags/sample_dag.py
[2024-09-08T11:10:17.206+0000] {processor.py:925} INFO - DAG(s) 'first_sample_dag' retrieved from /opt/airflow/dags/sample_dag.py
[2024-09-08T11:10:17.237+0000] {logging_mixin.py:190} INFO - [2024-09-08T11:10:17.237+0000] {dag.py:3211} INFO - Sync 1 DAGs
[2024-09-08T11:10:17.335+0000] {logging_mixin.py:190} INFO - [2024-09-08T11:10:17.334+0000] {dag.py:4138} INFO - Setting next_dagrun for first_sample_dag to 2024-09-06 23:00:00+00:00, run_after=2024-09-07 23:00:00+00:00
[2024-09-08T11:10:17.409+0000] {processor.py:208} INFO - Processing /opt/airflow/dags/sample_dag.py took 0.297 seconds
[2024-09-08T11:11:08.264+0000] {processor.py:186} INFO - Started process (PID=74) to work on /opt/airflow/dags/sample_dag.py
[2024-09-08T11:11:08.267+0000] {processor.py:914} INFO - Processing file /opt/airflow/dags/sample_dag.py for tasks to queue
[2024-09-08T11:11:08.273+0000] {logging_mixin.py:190} INFO - [2024-09-08T11:11:08.273+0000] {dagbag.py:587} INFO - Filling up the DagBag from /opt/airflow/dags/sample_dag.py
[2024-09-08T11:11:08.323+0000] {processor.py:925} INFO - DAG(s) 'first_sample_dag' retrieved from /opt/airflow/dags/sample_dag.py
[2024-09-08T11:11:08.371+0000] {logging_mixin.py:190} INFO - [2024-09-08T11:11:08.370+0000] {dag.py:3211} INFO - Sync 1 DAGs
[2024-09-08T11:11:08.473+0000] {logging_mixin.py:190} INFO - [2024-09-08T11:11:08.472+0000] {dag.py:4138} INFO - Setting next_dagrun for first_sample_dag to 2024-09-06 23:00:00+00:00, run_after=2024-09-07 23:00:00+00:00
[2024-09-08T11:11:08.814+0000] {processor.py:208} INFO - Processing /opt/airflow/dags/sample_dag.py took 0.560 seconds
[2024-09-08T11:12:45.621+0000] {processor.py:186} INFO - Started process (PID=79) to work on /opt/airflow/dags/sample_dag.py
[2024-09-08T11:12:45.623+0000] {processor.py:914} INFO - Processing file /opt/airflow/dags/sample_dag.py for tasks to queue
[2024-09-08T11:12:45.627+0000] {logging_mixin.py:190} INFO - [2024-09-08T11:12:45.626+0000] {dagbag.py:587} INFO - Filling up the DagBag from /opt/airflow/dags/sample_dag.py
[2024-09-08T11:12:45.799+0000] {processor.py:925} INFO - DAG(s) 'first_sample_dag' retrieved from /opt/airflow/dags/sample_dag.py
[2024-09-08T11:12:46.470+0000] {logging_mixin.py:190} INFO - [2024-09-08T11:12:46.469+0000] {dag.py:3211} INFO - Sync 1 DAGs
[2024-09-08T11:12:46.693+0000] {logging_mixin.py:190} INFO - [2024-09-08T11:12:46.693+0000] {dag.py:4138} INFO - Setting next_dagrun for first_sample_dag to 2024-09-06 23:00:00+00:00, run_after=2024-09-07 23:00:00+00:00
[2024-09-08T11:12:46.881+0000] {processor.py:208} INFO - Processing /opt/airflow/dags/sample_dag.py took 1.267 seconds
[2024-09-08T11:13:33.557+0000] {processor.py:186} INFO - Started process (PID=84) to work on /opt/airflow/dags/sample_dag.py
[2024-09-08T11:13:33.560+0000] {processor.py:914} INFO - Processing file /opt/airflow/dags/sample_dag.py for tasks to queue
[2024-09-08T11:13:33.565+0000] {logging_mixin.py:190} INFO - [2024-09-08T11:13:33.565+0000] {dagbag.py:587} INFO - Filling up the DagBag from /opt/airflow/dags/sample_dag.py
[2024-09-08T11:13:33.608+0000] {processor.py:925} INFO - DAG(s) 'first_sample_dag' retrieved from /opt/airflow/dags/sample_dag.py
[2024-09-08T11:13:33.661+0000] {logging_mixin.py:190} INFO - [2024-09-08T11:13:33.660+0000] {dag.py:3211} INFO - Sync 1 DAGs
[2024-09-08T11:13:33.706+0000] {logging_mixin.py:190} INFO - [2024-09-08T11:13:33.705+0000] {dag.py:4138} INFO - Setting next_dagrun for first_sample_dag to 2024-09-06 23:00:00+00:00, run_after=2024-09-07 23:00:00+00:00
[2024-09-08T11:13:33.960+0000] {processor.py:208} INFO - Processing /opt/airflow/dags/sample_dag.py took 0.415 seconds
[2024-09-08T11:14:10.271+0000] {processor.py:186} INFO - Started process (PID=89) to work on /opt/airflow/dags/sample_dag.py
[2024-09-08T11:14:10.272+0000] {processor.py:914} INFO - Processing file /opt/airflow/dags/sample_dag.py for tasks to queue
[2024-09-08T11:14:10.275+0000] {logging_mixin.py:190} INFO - [2024-09-08T11:14:10.275+0000] {dagbag.py:587} INFO - Filling up the DagBag from /opt/airflow/dags/sample_dag.py
[2024-09-08T11:14:10.312+0000] {processor.py:925} INFO - DAG(s) 'first_sample_dag' retrieved from /opt/airflow/dags/sample_dag.py
[2024-09-08T11:14:10.340+0000] {logging_mixin.py:190} INFO - [2024-09-08T11:14:10.340+0000] {dag.py:3211} INFO - Sync 1 DAGs
[2024-09-08T11:14:10.371+0000] {logging_mixin.py:190} INFO - [2024-09-08T11:14:10.371+0000] {dag.py:4138} INFO - Setting next_dagrun for first_sample_dag to 2024-09-06 23:00:00+00:00, run_after=2024-09-07 23:00:00+00:00
[2024-09-08T11:14:10.657+0000] {processor.py:208} INFO - Processing /opt/airflow/dags/sample_dag.py took 0.395 seconds
[2024-09-08T11:14:45.388+0000] {processor.py:186} INFO - Started process (PID=94) to work on /opt/airflow/dags/sample_dag.py
[2024-09-08T11:14:45.390+0000] {processor.py:914} INFO - Processing file /opt/airflow/dags/sample_dag.py for tasks to queue
[2024-09-08T11:14:45.394+0000] {logging_mixin.py:190} INFO - [2024-09-08T11:14:45.393+0000] {dagbag.py:587} INFO - Filling up the DagBag from /opt/airflow/dags/sample_dag.py
[2024-09-08T11:14:45.424+0000] {processor.py:925} INFO - DAG(s) 'first_sample_dag' retrieved from /opt/airflow/dags/sample_dag.py
[2024-09-08T11:14:45.455+0000] {logging_mixin.py:190} INFO - [2024-09-08T11:14:45.454+0000] {dag.py:3211} INFO - Sync 1 DAGs
[2024-09-08T11:14:45.646+0000] {logging_mixin.py:190} INFO - [2024-09-08T11:14:45.646+0000] {dag.py:4138} INFO - Setting next_dagrun for first_sample_dag to 2024-09-06 23:00:00+00:00, run_after=2024-09-07 23:00:00+00:00
[2024-09-08T11:14:45.689+0000] {processor.py:208} INFO - Processing /opt/airflow/dags/sample_dag.py took 0.329 seconds
[2024-09-08T11:15:19.915+0000] {processor.py:186} INFO - Started process (PID=99) to work on /opt/airflow/dags/sample_dag.py
[2024-09-08T11:15:19.917+0000] {processor.py:914} INFO - Processing file /opt/airflow/dags/sample_dag.py for tasks to queue
[2024-09-08T11:15:19.921+0000] {logging_mixin.py:190} INFO - [2024-09-08T11:15:19.921+0000] {dagbag.py:587} INFO - Filling up the DagBag from /opt/airflow/dags/sample_dag.py
[2024-09-08T11:15:19.971+0000] {processor.py:925} INFO - DAG(s) 'first_sample_dag' retrieved from /opt/airflow/dags/sample_dag.py
[2024-09-08T11:15:20.009+0000] {logging_mixin.py:190} INFO - [2024-09-08T11:15:20.009+0000] {dag.py:3211} INFO - Sync 1 DAGs
[2024-09-08T11:15:20.310+0000] {logging_mixin.py:190} INFO - [2024-09-08T11:15:20.310+0000] {dag.py:4138} INFO - Setting next_dagrun for first_sample_dag to 2024-09-06 23:00:00+00:00, run_after=2024-09-07 23:00:00+00:00
[2024-09-08T11:15:20.385+0000] {processor.py:208} INFO - Processing /opt/airflow/dags/sample_dag.py took 0.478 seconds
[2024-09-08T11:15:50.763+0000] {processor.py:186} INFO - Started process (PID=104) to work on /opt/airflow/dags/sample_dag.py
[2024-09-08T11:15:50.766+0000] {processor.py:914} INFO - Processing file /opt/airflow/dags/sample_dag.py for tasks to queue
[2024-09-08T11:15:50.769+0000] {logging_mixin.py:190} INFO - [2024-09-08T11:15:50.769+0000] {dagbag.py:587} INFO - Filling up the DagBag from /opt/airflow/dags/sample_dag.py
[2024-09-08T11:15:50.814+0000] {processor.py:925} INFO - DAG(s) 'first_sample_dag' retrieved from /opt/airflow/dags/sample_dag.py
[2024-09-08T11:15:50.853+0000] {logging_mixin.py:190} INFO - [2024-09-08T11:15:50.852+0000] {dag.py:3211} INFO - Sync 1 DAGs
[2024-09-08T11:15:51.071+0000] {logging_mixin.py:190} INFO - [2024-09-08T11:15:51.070+0000] {dag.py:4138} INFO - Setting next_dagrun for first_sample_dag to 2024-09-06 23:00:00+00:00, run_after=2024-09-07 23:00:00+00:00
[2024-09-08T11:15:51.114+0000] {processor.py:208} INFO - Processing /opt/airflow/dags/sample_dag.py took 0.362 seconds
[2024-09-08T11:16:21.461+0000] {processor.py:186} INFO - Started process (PID=109) to work on /opt/airflow/dags/sample_dag.py
[2024-09-08T11:16:21.463+0000] {processor.py:914} INFO - Processing file /opt/airflow/dags/sample_dag.py for tasks to queue
[2024-09-08T11:16:21.467+0000] {logging_mixin.py:190} INFO - [2024-09-08T11:16:21.466+0000] {dagbag.py:587} INFO - Filling up the DagBag from /opt/airflow/dags/sample_dag.py
[2024-09-08T11:16:21.504+0000] {processor.py:925} INFO - DAG(s) 'first_sample_dag' retrieved from /opt/airflow/dags/sample_dag.py
[2024-09-08T11:16:21.699+0000] {logging_mixin.py:190} INFO - [2024-09-08T11:16:21.698+0000] {dag.py:3211} INFO - Sync 1 DAGs
[2024-09-08T11:16:21.722+0000] {logging_mixin.py:190} INFO - [2024-09-08T11:16:21.722+0000] {dag.py:4138} INFO - Setting next_dagrun for first_sample_dag to 2024-09-06 23:00:00+00:00, run_after=2024-09-07 23:00:00+00:00
[2024-09-08T11:16:21.756+0000] {processor.py:208} INFO - Processing /opt/airflow/dags/sample_dag.py took 0.302 seconds
[2024-09-08T11:17:04.474+0000] {processor.py:186} INFO - Started process (PID=114) to work on /opt/airflow/dags/sample_dag.py
[2024-09-08T11:17:04.478+0000] {processor.py:914} INFO - Processing file /opt/airflow/dags/sample_dag.py for tasks to queue
[2024-09-08T11:17:04.486+0000] {logging_mixin.py:190} INFO - [2024-09-08T11:17:04.485+0000] {dagbag.py:587} INFO - Filling up the DagBag from /opt/airflow/dags/sample_dag.py
[2024-09-08T11:17:04.742+0000] {processor.py:925} INFO - DAG(s) 'first_sample_dag' retrieved from /opt/airflow/dags/sample_dag.py
[2024-09-08T11:17:05.492+0000] {logging_mixin.py:190} INFO - [2024-09-08T11:17:05.492+0000] {dag.py:3211} INFO - Sync 1 DAGs
[2024-09-08T11:17:05.519+0000] {logging_mixin.py:190} INFO - [2024-09-08T11:17:05.519+0000] {dag.py:4138} INFO - Setting next_dagrun for first_sample_dag to 2024-09-06 23:00:00+00:00, run_after=2024-09-07 23:00:00+00:00
[2024-09-08T11:17:05.562+0000] {processor.py:208} INFO - Processing /opt/airflow/dags/sample_dag.py took 1.114 seconds
[2024-09-08T11:17:36.132+0000] {processor.py:186} INFO - Started process (PID=119) to work on /opt/airflow/dags/sample_dag.py
[2024-09-08T11:17:36.136+0000] {processor.py:914} INFO - Processing file /opt/airflow/dags/sample_dag.py for tasks to queue
[2024-09-08T11:17:36.430+0000] {logging_mixin.py:190} INFO - [2024-09-08T11:17:36.429+0000] {dagbag.py:587} INFO - Filling up the DagBag from /opt/airflow/dags/sample_dag.py
[2024-09-08T11:17:36.457+0000] {processor.py:925} INFO - DAG(s) 'first_sample_dag' retrieved from /opt/airflow/dags/sample_dag.py
[2024-09-08T11:17:36.479+0000] {logging_mixin.py:190} INFO - [2024-09-08T11:17:36.478+0000] {dag.py:3211} INFO - Sync 1 DAGs
[2024-09-08T11:17:36.503+0000] {logging_mixin.py:190} INFO - [2024-09-08T11:17:36.503+0000] {dag.py:4138} INFO - Setting next_dagrun for first_sample_dag to 2024-09-06 23:00:00+00:00, run_after=2024-09-07 23:00:00+00:00
[2024-09-08T11:17:36.538+0000] {processor.py:208} INFO - Processing /opt/airflow/dags/sample_dag.py took 0.416 seconds
[2024-09-08T11:18:06.856+0000] {processor.py:186} INFO - Started process (PID=124) to work on /opt/airflow/dags/sample_dag.py
[2024-09-08T11:18:06.858+0000] {processor.py:914} INFO - Processing file /opt/airflow/dags/sample_dag.py for tasks to queue
[2024-09-08T11:18:06.861+0000] {logging_mixin.py:190} INFO - [2024-09-08T11:18:06.861+0000] {dagbag.py:587} INFO - Filling up the DagBag from /opt/airflow/dags/sample_dag.py
[2024-09-08T11:18:06.896+0000] {processor.py:925} INFO - DAG(s) 'first_sample_dag' retrieved from /opt/airflow/dags/sample_dag.py
[2024-09-08T11:18:06.922+0000] {logging_mixin.py:190} INFO - [2024-09-08T11:18:06.922+0000] {dag.py:3211} INFO - Sync 1 DAGs
[2024-09-08T11:18:06.948+0000] {logging_mixin.py:190} INFO - [2024-09-08T11:18:06.947+0000] {dag.py:4138} INFO - Setting next_dagrun for first_sample_dag to 2024-09-06 23:00:00+00:00, run_after=2024-09-07 23:00:00+00:00
[2024-09-08T11:18:06.991+0000] {processor.py:208} INFO - Processing /opt/airflow/dags/sample_dag.py took 0.141 seconds
[2024-09-08T11:18:38.719+0000] {processor.py:186} INFO - Started process (PID=129) to work on /opt/airflow/dags/sample_dag.py
[2024-09-08T11:18:38.721+0000] {processor.py:914} INFO - Processing file /opt/airflow/dags/sample_dag.py for tasks to queue
[2024-09-08T11:18:38.724+0000] {logging_mixin.py:190} INFO - [2024-09-08T11:18:38.724+0000] {dagbag.py:587} INFO - Filling up the DagBag from /opt/airflow/dags/sample_dag.py
[2024-09-08T11:18:38.757+0000] {processor.py:925} INFO - DAG(s) 'first_sample_dag' retrieved from /opt/airflow/dags/sample_dag.py
[2024-09-08T11:18:38.782+0000] {logging_mixin.py:190} INFO - [2024-09-08T11:18:38.782+0000] {dag.py:3211} INFO - Sync 1 DAGs
[2024-09-08T11:18:38.809+0000] {logging_mixin.py:190} INFO - [2024-09-08T11:18:38.808+0000] {dag.py:4138} INFO - Setting next_dagrun for first_sample_dag to 2024-09-06 23:00:00+00:00, run_after=2024-09-07 23:00:00+00:00
[2024-09-08T11:18:38.851+0000] {processor.py:208} INFO - Processing /opt/airflow/dags/sample_dag.py took 0.139 seconds
[2024-09-08T11:19:11.904+0000] {processor.py:186} INFO - Started process (PID=134) to work on /opt/airflow/dags/sample_dag.py
[2024-09-08T11:19:11.918+0000] {processor.py:914} INFO - Processing file /opt/airflow/dags/sample_dag.py for tasks to queue
[2024-09-08T11:19:11.922+0000] {logging_mixin.py:190} INFO - [2024-09-08T11:19:11.921+0000] {dagbag.py:587} INFO - Filling up the DagBag from /opt/airflow/dags/sample_dag.py
[2024-09-08T11:19:12.010+0000] {processor.py:925} INFO - DAG(s) 'first_sample_dag' retrieved from /opt/airflow/dags/sample_dag.py
[2024-09-08T11:19:12.037+0000] {logging_mixin.py:190} INFO - [2024-09-08T11:19:12.036+0000] {dag.py:3211} INFO - Sync 1 DAGs
[2024-09-08T11:19:12.063+0000] {logging_mixin.py:190} INFO - [2024-09-08T11:19:12.063+0000] {dag.py:4138} INFO - Setting next_dagrun for first_sample_dag to 2024-09-06 23:00:00+00:00, run_after=2024-09-07 23:00:00+00:00
[2024-09-08T11:19:12.108+0000] {processor.py:208} INFO - Processing /opt/airflow/dags/sample_dag.py took 0.210 seconds
[2024-09-08T11:19:42.532+0000] {processor.py:186} INFO - Started process (PID=139) to work on /opt/airflow/dags/sample_dag.py
[2024-09-08T11:19:42.534+0000] {processor.py:914} INFO - Processing file /opt/airflow/dags/sample_dag.py for tasks to queue
[2024-09-08T11:19:42.537+0000] {logging_mixin.py:190} INFO - [2024-09-08T11:19:42.537+0000] {dagbag.py:587} INFO - Filling up the DagBag from /opt/airflow/dags/sample_dag.py
[2024-09-08T11:19:42.573+0000] {processor.py:925} INFO - DAG(s) 'first_sample_dag' retrieved from /opt/airflow/dags/sample_dag.py
[2024-09-08T11:19:42.599+0000] {logging_mixin.py:190} INFO - [2024-09-08T11:19:42.599+0000] {dag.py:3211} INFO - Sync 1 DAGs
[2024-09-08T11:19:42.627+0000] {logging_mixin.py:190} INFO - [2024-09-08T11:19:42.627+0000] {dag.py:4138} INFO - Setting next_dagrun for first_sample_dag to 2024-09-06 23:00:00+00:00, run_after=2024-09-07 23:00:00+00:00
[2024-09-08T11:19:42.671+0000] {processor.py:208} INFO - Processing /opt/airflow/dags/sample_dag.py took 0.146 seconds
[2024-09-08T11:20:14.339+0000] {processor.py:186} INFO - Started process (PID=144) to work on /opt/airflow/dags/sample_dag.py
[2024-09-08T11:20:14.341+0000] {processor.py:914} INFO - Processing file /opt/airflow/dags/sample_dag.py for tasks to queue
[2024-09-08T11:20:14.345+0000] {logging_mixin.py:190} INFO - [2024-09-08T11:20:14.344+0000] {dagbag.py:587} INFO - Filling up the DagBag from /opt/airflow/dags/sample_dag.py
[2024-09-08T11:20:14.376+0000] {processor.py:925} INFO - DAG(s) 'first_sample_dag' retrieved from /opt/airflow/dags/sample_dag.py
[2024-09-08T11:20:14.403+0000] {logging_mixin.py:190} INFO - [2024-09-08T11:20:14.403+0000] {dag.py:3211} INFO - Sync 1 DAGs
[2024-09-08T11:20:14.431+0000] {logging_mixin.py:190} INFO - [2024-09-08T11:20:14.431+0000] {dag.py:4138} INFO - Setting next_dagrun for first_sample_dag to 2024-09-06 23:00:00+00:00, run_after=2024-09-07 23:00:00+00:00
[2024-09-08T11:20:14.473+0000] {processor.py:208} INFO - Processing /opt/airflow/dags/sample_dag.py took 0.141 seconds
[2024-09-08T11:20:45.192+0000] {processor.py:186} INFO - Started process (PID=149) to work on /opt/airflow/dags/sample_dag.py
[2024-09-08T11:20:45.193+0000] {processor.py:914} INFO - Processing file /opt/airflow/dags/sample_dag.py for tasks to queue
[2024-09-08T11:20:45.197+0000] {logging_mixin.py:190} INFO - [2024-09-08T11:20:45.197+0000] {dagbag.py:587} INFO - Filling up the DagBag from /opt/airflow/dags/sample_dag.py
[2024-09-08T11:20:45.228+0000] {processor.py:925} INFO - DAG(s) 'first_sample_dag' retrieved from /opt/airflow/dags/sample_dag.py
[2024-09-08T11:20:45.256+0000] {logging_mixin.py:190} INFO - [2024-09-08T11:20:45.256+0000] {dag.py:3211} INFO - Sync 1 DAGs
[2024-09-08T11:20:45.285+0000] {logging_mixin.py:190} INFO - [2024-09-08T11:20:45.285+0000] {dag.py:4138} INFO - Setting next_dagrun for first_sample_dag to 2024-09-06 23:00:00+00:00, run_after=2024-09-07 23:00:00+00:00
[2024-09-08T11:20:45.331+0000] {processor.py:208} INFO - Processing /opt/airflow/dags/sample_dag.py took 0.148 seconds
[2024-09-08T11:21:16.218+0000] {processor.py:186} INFO - Started process (PID=154) to work on /opt/airflow/dags/sample_dag.py
[2024-09-08T11:21:16.220+0000] {processor.py:914} INFO - Processing file /opt/airflow/dags/sample_dag.py for tasks to queue
[2024-09-08T11:21:16.226+0000] {logging_mixin.py:190} INFO - [2024-09-08T11:21:16.225+0000] {dagbag.py:587} INFO - Filling up the DagBag from /opt/airflow/dags/sample_dag.py
[2024-09-08T11:21:16.270+0000] {processor.py:925} INFO - DAG(s) 'first_sample_dag' retrieved from /opt/airflow/dags/sample_dag.py
[2024-09-08T11:21:16.314+0000] {logging_mixin.py:190} INFO - [2024-09-08T11:21:16.314+0000] {dag.py:3211} INFO - Sync 1 DAGs
[2024-09-08T11:21:16.351+0000] {logging_mixin.py:190} INFO - [2024-09-08T11:21:16.351+0000] {dag.py:4138} INFO - Setting next_dagrun for first_sample_dag to 2024-09-06 23:00:00+00:00, run_after=2024-09-07 23:00:00+00:00
[2024-09-08T11:21:16.410+0000] {processor.py:208} INFO - Processing /opt/airflow/dags/sample_dag.py took 0.205 seconds
[2024-09-08T11:21:47.106+0000] {processor.py:186} INFO - Started process (PID=159) to work on /opt/airflow/dags/sample_dag.py
[2024-09-08T11:21:47.109+0000] {processor.py:914} INFO - Processing file /opt/airflow/dags/sample_dag.py for tasks to queue
[2024-09-08T11:21:47.115+0000] {logging_mixin.py:190} INFO - [2024-09-08T11:21:47.114+0000] {dagbag.py:587} INFO - Filling up the DagBag from /opt/airflow/dags/sample_dag.py
[2024-09-08T11:21:47.143+0000] {processor.py:925} INFO - DAG(s) 'first_sample_dag' retrieved from /opt/airflow/dags/sample_dag.py
[2024-09-08T11:21:47.178+0000] {logging_mixin.py:190} INFO - [2024-09-08T11:21:47.178+0000] {dag.py:3211} INFO - Sync 1 DAGs
[2024-09-08T11:21:47.217+0000] {logging_mixin.py:190} INFO - [2024-09-08T11:21:47.217+0000] {dag.py:4138} INFO - Setting next_dagrun for first_sample_dag to 2024-09-06 23:00:00+00:00, run_after=2024-09-07 23:00:00+00:00
[2024-09-08T11:21:47.265+0000] {processor.py:208} INFO - Processing /opt/airflow/dags/sample_dag.py took 0.181 seconds
[2024-09-08T11:22:17.882+0000] {processor.py:186} INFO - Started process (PID=164) to work on /opt/airflow/dags/sample_dag.py
[2024-09-08T11:22:17.883+0000] {processor.py:914} INFO - Processing file /opt/airflow/dags/sample_dag.py for tasks to queue
[2024-09-08T11:22:17.886+0000] {logging_mixin.py:190} INFO - [2024-09-08T11:22:17.886+0000] {dagbag.py:587} INFO - Filling up the DagBag from /opt/airflow/dags/sample_dag.py
[2024-09-08T11:22:17.911+0000] {processor.py:925} INFO - DAG(s) 'first_sample_dag' retrieved from /opt/airflow/dags/sample_dag.py
[2024-09-08T11:22:17.939+0000] {logging_mixin.py:190} INFO - [2024-09-08T11:22:17.939+0000] {dag.py:3211} INFO - Sync 1 DAGs
[2024-09-08T11:22:17.965+0000] {logging_mixin.py:190} INFO - [2024-09-08T11:22:17.965+0000] {dag.py:4138} INFO - Setting next_dagrun for first_sample_dag to 2024-09-06 23:00:00+00:00, run_after=2024-09-07 23:00:00+00:00
[2024-09-08T11:22:18.007+0000] {processor.py:208} INFO - Processing /opt/airflow/dags/sample_dag.py took 0.132 seconds
[2024-09-08T11:22:48.623+0000] {processor.py:186} INFO - Started process (PID=169) to work on /opt/airflow/dags/sample_dag.py
[2024-09-08T11:22:48.626+0000] {processor.py:914} INFO - Processing file /opt/airflow/dags/sample_dag.py for tasks to queue
[2024-09-08T11:22:48.632+0000] {logging_mixin.py:190} INFO - [2024-09-08T11:22:48.631+0000] {dagbag.py:587} INFO - Filling up the DagBag from /opt/airflow/dags/sample_dag.py
[2024-09-08T11:22:48.683+0000] {processor.py:925} INFO - DAG(s) 'first_sample_dag' retrieved from /opt/airflow/dags/sample_dag.py
[2024-09-08T11:22:48.710+0000] {logging_mixin.py:190} INFO - [2024-09-08T11:22:48.709+0000] {dag.py:3211} INFO - Sync 1 DAGs
[2024-09-08T11:22:48.736+0000] {logging_mixin.py:190} INFO - [2024-09-08T11:22:48.736+0000] {dag.py:4138} INFO - Setting next_dagrun for first_sample_dag to 2024-09-06 23:00:00+00:00, run_after=2024-09-07 23:00:00+00:00
[2024-09-08T11:22:48.776+0000] {processor.py:208} INFO - Processing /opt/airflow/dags/sample_dag.py took 0.166 seconds
[2024-09-08T11:23:19.428+0000] {processor.py:186} INFO - Started process (PID=174) to work on /opt/airflow/dags/sample_dag.py
[2024-09-08T11:23:19.430+0000] {processor.py:914} INFO - Processing file /opt/airflow/dags/sample_dag.py for tasks to queue
[2024-09-08T11:23:19.434+0000] {logging_mixin.py:190} INFO - [2024-09-08T11:23:19.434+0000] {dagbag.py:587} INFO - Filling up the DagBag from /opt/airflow/dags/sample_dag.py
[2024-09-08T11:23:19.464+0000] {processor.py:925} INFO - DAG(s) 'first_sample_dag' retrieved from /opt/airflow/dags/sample_dag.py
[2024-09-08T11:23:19.493+0000] {logging_mixin.py:190} INFO - [2024-09-08T11:23:19.492+0000] {dag.py:3211} INFO - Sync 1 DAGs
[2024-09-08T11:23:19.520+0000] {logging_mixin.py:190} INFO - [2024-09-08T11:23:19.519+0000] {dag.py:4138} INFO - Setting next_dagrun for first_sample_dag to 2024-09-06 23:00:00+00:00, run_after=2024-09-07 23:00:00+00:00
[2024-09-08T11:23:19.559+0000] {processor.py:208} INFO - Processing /opt/airflow/dags/sample_dag.py took 0.143 seconds
[2024-09-08T11:23:50.024+0000] {processor.py:186} INFO - Started process (PID=179) to work on /opt/airflow/dags/sample_dag.py
[2024-09-08T11:23:50.026+0000] {processor.py:914} INFO - Processing file /opt/airflow/dags/sample_dag.py for tasks to queue
[2024-09-08T11:23:50.033+0000] {logging_mixin.py:190} INFO - [2024-09-08T11:23:50.032+0000] {dagbag.py:587} INFO - Filling up the DagBag from /opt/airflow/dags/sample_dag.py
[2024-09-08T11:23:50.078+0000] {processor.py:925} INFO - DAG(s) 'first_sample_dag' retrieved from /opt/airflow/dags/sample_dag.py
[2024-09-08T11:23:50.130+0000] {logging_mixin.py:190} INFO - [2024-09-08T11:23:50.129+0000] {dag.py:3211} INFO - Sync 1 DAGs
[2024-09-08T11:23:50.161+0000] {logging_mixin.py:190} INFO - [2024-09-08T11:23:50.160+0000] {dag.py:4138} INFO - Setting next_dagrun for first_sample_dag to 2024-09-06 23:00:00+00:00, run_after=2024-09-07 23:00:00+00:00
[2024-09-08T11:23:50.200+0000] {processor.py:208} INFO - Processing /opt/airflow/dags/sample_dag.py took 0.188 seconds
[2024-09-08T11:24:21.848+0000] {processor.py:186} INFO - Started process (PID=184) to work on /opt/airflow/dags/sample_dag.py
[2024-09-08T11:24:21.849+0000] {processor.py:914} INFO - Processing file /opt/airflow/dags/sample_dag.py for tasks to queue
[2024-09-08T11:24:21.852+0000] {logging_mixin.py:190} INFO - [2024-09-08T11:24:21.852+0000] {dagbag.py:587} INFO - Filling up the DagBag from /opt/airflow/dags/sample_dag.py
[2024-09-08T11:24:21.885+0000] {processor.py:925} INFO - DAG(s) 'first_sample_dag' retrieved from /opt/airflow/dags/sample_dag.py
[2024-09-08T11:24:21.912+0000] {logging_mixin.py:190} INFO - [2024-09-08T11:24:21.912+0000] {dag.py:3211} INFO - Sync 1 DAGs
[2024-09-08T11:24:21.938+0000] {logging_mixin.py:190} INFO - [2024-09-08T11:24:21.938+0000] {dag.py:4138} INFO - Setting next_dagrun for first_sample_dag to 2024-09-06 23:00:00+00:00, run_after=2024-09-07 23:00:00+00:00
[2024-09-08T11:24:22.020+0000] {processor.py:208} INFO - Processing /opt/airflow/dags/sample_dag.py took 0.179 seconds
[2024-09-08T11:24:52.844+0000] {processor.py:186} INFO - Started process (PID=189) to work on /opt/airflow/dags/sample_dag.py
[2024-09-08T11:24:52.845+0000] {processor.py:914} INFO - Processing file /opt/airflow/dags/sample_dag.py for tasks to queue
[2024-09-08T11:24:52.848+0000] {logging_mixin.py:190} INFO - [2024-09-08T11:24:52.848+0000] {dagbag.py:587} INFO - Filling up the DagBag from /opt/airflow/dags/sample_dag.py
[2024-09-08T11:24:52.877+0000] {processor.py:925} INFO - DAG(s) 'first_sample_dag' retrieved from /opt/airflow/dags/sample_dag.py
[2024-09-08T11:24:52.902+0000] {logging_mixin.py:190} INFO - [2024-09-08T11:24:52.902+0000] {dag.py:3211} INFO - Sync 1 DAGs
[2024-09-08T11:24:52.927+0000] {logging_mixin.py:190} INFO - [2024-09-08T11:24:52.927+0000] {dag.py:4138} INFO - Setting next_dagrun for first_sample_dag to 2024-09-06 23:00:00+00:00, run_after=2024-09-07 23:00:00+00:00
[2024-09-08T11:24:52.967+0000] {processor.py:208} INFO - Processing /opt/airflow/dags/sample_dag.py took 0.129 seconds
[2024-09-08T11:25:23.552+0000] {processor.py:186} INFO - Started process (PID=194) to work on /opt/airflow/dags/sample_dag.py
[2024-09-08T11:25:23.554+0000] {processor.py:914} INFO - Processing file /opt/airflow/dags/sample_dag.py for tasks to queue
[2024-09-08T11:25:23.557+0000] {logging_mixin.py:190} INFO - [2024-09-08T11:25:23.557+0000] {dagbag.py:587} INFO - Filling up the DagBag from /opt/airflow/dags/sample_dag.py
[2024-09-08T11:25:23.595+0000] {processor.py:925} INFO - DAG(s) 'first_sample_dag' retrieved from /opt/airflow/dags/sample_dag.py
[2024-09-08T11:25:23.619+0000] {logging_mixin.py:190} INFO - [2024-09-08T11:25:23.619+0000] {dag.py:3211} INFO - Sync 1 DAGs
[2024-09-08T11:25:23.643+0000] {logging_mixin.py:190} INFO - [2024-09-08T11:25:23.643+0000] {dag.py:4138} INFO - Setting next_dagrun for first_sample_dag to 2024-09-06 23:00:00+00:00, run_after=2024-09-07 23:00:00+00:00
[2024-09-08T11:25:23.685+0000] {processor.py:208} INFO - Processing /opt/airflow/dags/sample_dag.py took 0.139 seconds
[2024-09-08T11:25:55.230+0000] {processor.py:186} INFO - Started process (PID=199) to work on /opt/airflow/dags/sample_dag.py
[2024-09-08T11:25:55.232+0000] {processor.py:914} INFO - Processing file /opt/airflow/dags/sample_dag.py for tasks to queue
[2024-09-08T11:25:55.236+0000] {logging_mixin.py:190} INFO - [2024-09-08T11:25:55.235+0000] {dagbag.py:587} INFO - Filling up the DagBag from /opt/airflow/dags/sample_dag.py
[2024-09-08T11:25:55.262+0000] {processor.py:925} INFO - DAG(s) 'first_sample_dag' retrieved from /opt/airflow/dags/sample_dag.py
[2024-09-08T11:25:55.289+0000] {logging_mixin.py:190} INFO - [2024-09-08T11:25:55.288+0000] {dag.py:3211} INFO - Sync 1 DAGs
[2024-09-08T11:25:55.314+0000] {logging_mixin.py:190} INFO - [2024-09-08T11:25:55.314+0000] {dag.py:4138} INFO - Setting next_dagrun for first_sample_dag to 2024-09-06 23:00:00+00:00, run_after=2024-09-07 23:00:00+00:00
[2024-09-08T11:25:55.360+0000] {processor.py:208} INFO - Processing /opt/airflow/dags/sample_dag.py took 0.136 seconds
[2024-09-08T11:26:25.892+0000] {processor.py:186} INFO - Started process (PID=204) to work on /opt/airflow/dags/sample_dag.py
[2024-09-08T11:26:25.893+0000] {processor.py:914} INFO - Processing file /opt/airflow/dags/sample_dag.py for tasks to queue
[2024-09-08T11:26:25.897+0000] {logging_mixin.py:190} INFO - [2024-09-08T11:26:25.896+0000] {dagbag.py:587} INFO - Filling up the DagBag from /opt/airflow/dags/sample_dag.py
[2024-09-08T11:26:25.929+0000] {processor.py:925} INFO - DAG(s) 'first_sample_dag' retrieved from /opt/airflow/dags/sample_dag.py
[2024-09-08T11:26:25.957+0000] {logging_mixin.py:190} INFO - [2024-09-08T11:26:25.957+0000] {dag.py:3211} INFO - Sync 1 DAGs
[2024-09-08T11:26:25.985+0000] {logging_mixin.py:190} INFO - [2024-09-08T11:26:25.985+0000] {dag.py:4138} INFO - Setting next_dagrun for first_sample_dag to 2024-09-06 23:00:00+00:00, run_after=2024-09-07 23:00:00+00:00
[2024-09-08T11:26:26.027+0000] {processor.py:208} INFO - Processing /opt/airflow/dags/sample_dag.py took 0.141 seconds
[2024-09-08T11:26:57.345+0000] {processor.py:186} INFO - Started process (PID=209) to work on /opt/airflow/dags/sample_dag.py
[2024-09-08T11:26:57.347+0000] {processor.py:914} INFO - Processing file /opt/airflow/dags/sample_dag.py for tasks to queue
[2024-09-08T11:26:57.351+0000] {logging_mixin.py:190} INFO - [2024-09-08T11:26:57.350+0000] {dagbag.py:587} INFO - Filling up the DagBag from /opt/airflow/dags/sample_dag.py
[2024-09-08T11:26:57.383+0000] {processor.py:925} INFO - DAG(s) 'first_sample_dag' retrieved from /opt/airflow/dags/sample_dag.py
[2024-09-08T11:26:57.409+0000] {logging_mixin.py:190} INFO - [2024-09-08T11:26:57.409+0000] {dag.py:3211} INFO - Sync 1 DAGs
[2024-09-08T11:26:57.437+0000] {logging_mixin.py:190} INFO - [2024-09-08T11:26:57.437+0000] {dag.py:4138} INFO - Setting next_dagrun for first_sample_dag to 2024-09-06 23:00:00+00:00, run_after=2024-09-07 23:00:00+00:00
[2024-09-08T11:26:57.478+0000] {processor.py:208} INFO - Processing /opt/airflow/dags/sample_dag.py took 0.139 seconds
[2024-09-08T11:27:27.782+0000] {processor.py:186} INFO - Started process (PID=214) to work on /opt/airflow/dags/sample_dag.py
[2024-09-08T11:27:27.787+0000] {processor.py:914} INFO - Processing file /opt/airflow/dags/sample_dag.py for tasks to queue
[2024-09-08T11:27:27.790+0000] {logging_mixin.py:190} INFO - [2024-09-08T11:27:27.789+0000] {dagbag.py:587} INFO - Filling up the DagBag from /opt/airflow/dags/sample_dag.py
[2024-09-08T11:27:27.820+0000] {processor.py:925} INFO - DAG(s) 'first_sample_dag' retrieved from /opt/airflow/dags/sample_dag.py
[2024-09-08T11:27:27.846+0000] {logging_mixin.py:190} INFO - [2024-09-08T11:27:27.845+0000] {dag.py:3211} INFO - Sync 1 DAGs
[2024-09-08T11:27:27.873+0000] {logging_mixin.py:190} INFO - [2024-09-08T11:27:27.872+0000] {dag.py:4138} INFO - Setting next_dagrun for first_sample_dag to 2024-09-06 23:00:00+00:00, run_after=2024-09-07 23:00:00+00:00
[2024-09-08T11:27:27.918+0000] {processor.py:208} INFO - Processing /opt/airflow/dags/sample_dag.py took 0.142 seconds
[2024-09-08T11:27:58.452+0000] {processor.py:186} INFO - Started process (PID=219) to work on /opt/airflow/dags/sample_dag.py
[2024-09-08T11:27:58.453+0000] {processor.py:914} INFO - Processing file /opt/airflow/dags/sample_dag.py for tasks to queue
[2024-09-08T11:27:58.456+0000] {logging_mixin.py:190} INFO - [2024-09-08T11:27:58.456+0000] {dagbag.py:587} INFO - Filling up the DagBag from /opt/airflow/dags/sample_dag.py
[2024-09-08T11:27:58.488+0000] {processor.py:925} INFO - DAG(s) 'first_sample_dag' retrieved from /opt/airflow/dags/sample_dag.py
[2024-09-08T11:27:58.513+0000] {logging_mixin.py:190} INFO - [2024-09-08T11:27:58.513+0000] {dag.py:3211} INFO - Sync 1 DAGs
[2024-09-08T11:27:58.538+0000] {logging_mixin.py:190} INFO - [2024-09-08T11:27:58.538+0000] {dag.py:4138} INFO - Setting next_dagrun for first_sample_dag to 2024-09-06 23:00:00+00:00, run_after=2024-09-07 23:00:00+00:00
[2024-09-08T11:27:58.579+0000] {processor.py:208} INFO - Processing /opt/airflow/dags/sample_dag.py took 0.134 seconds
[2024-09-08T11:28:29.171+0000] {processor.py:186} INFO - Started process (PID=224) to work on /opt/airflow/dags/sample_dag.py
[2024-09-08T11:28:29.172+0000] {processor.py:914} INFO - Processing file /opt/airflow/dags/sample_dag.py for tasks to queue
[2024-09-08T11:28:29.175+0000] {logging_mixin.py:190} INFO - [2024-09-08T11:28:29.175+0000] {dagbag.py:587} INFO - Filling up the DagBag from /opt/airflow/dags/sample_dag.py
[2024-09-08T11:28:29.207+0000] {processor.py:925} INFO - DAG(s) 'first_sample_dag' retrieved from /opt/airflow/dags/sample_dag.py
[2024-09-08T11:28:29.232+0000] {logging_mixin.py:190} INFO - [2024-09-08T11:28:29.231+0000] {dag.py:3211} INFO - Sync 1 DAGs
[2024-09-08T11:28:29.257+0000] {logging_mixin.py:190} INFO - [2024-09-08T11:28:29.256+0000] {dag.py:4138} INFO - Setting next_dagrun for first_sample_dag to 2024-09-06 23:00:00+00:00, run_after=2024-09-07 23:00:00+00:00
[2024-09-08T11:28:29.297+0000] {processor.py:208} INFO - Processing /opt/airflow/dags/sample_dag.py took 0.133 seconds
[2024-09-08T11:29:00.008+0000] {processor.py:186} INFO - Started process (PID=229) to work on /opt/airflow/dags/sample_dag.py
[2024-09-08T11:29:00.010+0000] {processor.py:914} INFO - Processing file /opt/airflow/dags/sample_dag.py for tasks to queue
[2024-09-08T11:29:00.013+0000] {logging_mixin.py:190} INFO - [2024-09-08T11:29:00.012+0000] {dagbag.py:587} INFO - Filling up the DagBag from /opt/airflow/dags/sample_dag.py
[2024-09-08T11:29:00.047+0000] {processor.py:925} INFO - DAG(s) 'first_sample_dag' retrieved from /opt/airflow/dags/sample_dag.py
[2024-09-08T11:29:00.073+0000] {logging_mixin.py:190} INFO - [2024-09-08T11:29:00.073+0000] {dag.py:3211} INFO - Sync 1 DAGs
[2024-09-08T11:29:00.099+0000] {logging_mixin.py:190} INFO - [2024-09-08T11:29:00.098+0000] {dag.py:4138} INFO - Setting next_dagrun for first_sample_dag to 2024-09-06 23:00:00+00:00, run_after=2024-09-07 23:00:00+00:00
[2024-09-08T11:29:00.139+0000] {processor.py:208} INFO - Processing /opt/airflow/dags/sample_dag.py took 0.140 seconds
[2024-09-08T11:29:30.555+0000] {processor.py:186} INFO - Started process (PID=234) to work on /opt/airflow/dags/sample_dag.py
[2024-09-08T11:29:30.556+0000] {processor.py:914} INFO - Processing file /opt/airflow/dags/sample_dag.py for tasks to queue
[2024-09-08T11:29:30.564+0000] {logging_mixin.py:190} INFO - [2024-09-08T11:29:30.564+0000] {dagbag.py:587} INFO - Filling up the DagBag from /opt/airflow/dags/sample_dag.py
[2024-09-08T11:29:30.597+0000] {processor.py:925} INFO - DAG(s) 'first_sample_dag' retrieved from /opt/airflow/dags/sample_dag.py
[2024-09-08T11:29:30.622+0000] {logging_mixin.py:190} INFO - [2024-09-08T11:29:30.621+0000] {dag.py:3211} INFO - Sync 1 DAGs
[2024-09-08T11:29:30.646+0000] {logging_mixin.py:190} INFO - [2024-09-08T11:29:30.646+0000] {dag.py:4138} INFO - Setting next_dagrun for first_sample_dag to 2024-09-06 23:00:00+00:00, run_after=2024-09-07 23:00:00+00:00
[2024-09-08T11:29:30.696+0000] {processor.py:208} INFO - Processing /opt/airflow/dags/sample_dag.py took 0.149 seconds
[2024-09-08T11:30:02.001+0000] {processor.py:186} INFO - Started process (PID=239) to work on /opt/airflow/dags/sample_dag.py
[2024-09-08T11:30:02.003+0000] {processor.py:914} INFO - Processing file /opt/airflow/dags/sample_dag.py for tasks to queue
[2024-09-08T11:30:02.006+0000] {logging_mixin.py:190} INFO - [2024-09-08T11:30:02.005+0000] {dagbag.py:587} INFO - Filling up the DagBag from /opt/airflow/dags/sample_dag.py
[2024-09-08T11:30:02.036+0000] {processor.py:925} INFO - DAG(s) 'first_sample_dag' retrieved from /opt/airflow/dags/sample_dag.py
[2024-09-08T11:30:02.065+0000] {logging_mixin.py:190} INFO - [2024-09-08T11:30:02.064+0000] {dag.py:3211} INFO - Sync 1 DAGs
[2024-09-08T11:30:02.096+0000] {logging_mixin.py:190} INFO - [2024-09-08T11:30:02.095+0000] {dag.py:4138} INFO - Setting next_dagrun for first_sample_dag to 2024-09-06 23:00:00+00:00, run_after=2024-09-07 23:00:00+00:00
[2024-09-08T11:30:02.136+0000] {processor.py:208} INFO - Processing /opt/airflow/dags/sample_dag.py took 0.145 seconds
[2024-09-08T11:30:33.111+0000] {processor.py:186} INFO - Started process (PID=244) to work on /opt/airflow/dags/sample_dag.py
[2024-09-08T11:30:33.113+0000] {processor.py:914} INFO - Processing file /opt/airflow/dags/sample_dag.py for tasks to queue
[2024-09-08T11:30:33.121+0000] {logging_mixin.py:190} INFO - [2024-09-08T11:30:33.119+0000] {dagbag.py:587} INFO - Filling up the DagBag from /opt/airflow/dags/sample_dag.py
[2024-09-08T11:30:33.163+0000] {processor.py:925} INFO - DAG(s) 'first_sample_dag' retrieved from /opt/airflow/dags/sample_dag.py
[2024-09-08T11:30:33.202+0000] {logging_mixin.py:190} INFO - [2024-09-08T11:30:33.201+0000] {dag.py:3211} INFO - Sync 1 DAGs
[2024-09-08T11:30:33.246+0000] {logging_mixin.py:190} INFO - [2024-09-08T11:30:33.245+0000] {dag.py:4138} INFO - Setting next_dagrun for first_sample_dag to 2024-09-06 23:00:00+00:00, run_after=2024-09-07 23:00:00+00:00
[2024-09-08T11:30:33.290+0000] {processor.py:208} INFO - Processing /opt/airflow/dags/sample_dag.py took 0.191 seconds
[2024-09-08T11:31:03.767+0000] {processor.py:186} INFO - Started process (PID=249) to work on /opt/airflow/dags/sample_dag.py
[2024-09-08T11:31:03.769+0000] {processor.py:914} INFO - Processing file /opt/airflow/dags/sample_dag.py for tasks to queue
[2024-09-08T11:31:03.775+0000] {logging_mixin.py:190} INFO - [2024-09-08T11:31:03.775+0000] {dagbag.py:587} INFO - Filling up the DagBag from /opt/airflow/dags/sample_dag.py
[2024-09-08T11:31:03.815+0000] {processor.py:925} INFO - DAG(s) 'first_sample_dag' retrieved from /opt/airflow/dags/sample_dag.py
[2024-09-08T11:31:03.867+0000] {logging_mixin.py:190} INFO - [2024-09-08T11:31:03.866+0000] {dag.py:3211} INFO - Sync 1 DAGs
[2024-09-08T11:31:03.909+0000] {logging_mixin.py:190} INFO - [2024-09-08T11:31:03.908+0000] {dag.py:4138} INFO - Setting next_dagrun for first_sample_dag to 2024-09-06 23:00:00+00:00, run_after=2024-09-07 23:00:00+00:00
[2024-09-08T11:31:03.947+0000] {processor.py:208} INFO - Processing /opt/airflow/dags/sample_dag.py took 0.191 seconds
[2024-09-08T11:31:34.188+0000] {processor.py:186} INFO - Started process (PID=254) to work on /opt/airflow/dags/sample_dag.py
[2024-09-08T11:31:34.189+0000] {processor.py:914} INFO - Processing file /opt/airflow/dags/sample_dag.py for tasks to queue
[2024-09-08T11:31:34.193+0000] {logging_mixin.py:190} INFO - [2024-09-08T11:31:34.192+0000] {dagbag.py:587} INFO - Filling up the DagBag from /opt/airflow/dags/sample_dag.py
[2024-09-08T11:31:34.225+0000] {processor.py:925} INFO - DAG(s) 'first_sample_dag' retrieved from /opt/airflow/dags/sample_dag.py
[2024-09-08T11:31:34.254+0000] {logging_mixin.py:190} INFO - [2024-09-08T11:31:34.254+0000] {dag.py:3211} INFO - Sync 1 DAGs
[2024-09-08T11:31:34.292+0000] {logging_mixin.py:190} INFO - [2024-09-08T11:31:34.292+0000] {dag.py:4138} INFO - Setting next_dagrun for first_sample_dag to 2024-09-06 23:00:00+00:00, run_after=2024-09-07 23:00:00+00:00
[2024-09-08T11:31:34.336+0000] {processor.py:208} INFO - Processing /opt/airflow/dags/sample_dag.py took 0.155 seconds
[2024-09-08T11:32:06.027+0000] {processor.py:186} INFO - Started process (PID=259) to work on /opt/airflow/dags/sample_dag.py
[2024-09-08T11:32:06.029+0000] {processor.py:914} INFO - Processing file /opt/airflow/dags/sample_dag.py for tasks to queue
[2024-09-08T11:32:06.033+0000] {logging_mixin.py:190} INFO - [2024-09-08T11:32:06.032+0000] {dagbag.py:587} INFO - Filling up the DagBag from /opt/airflow/dags/sample_dag.py
[2024-09-08T11:32:06.072+0000] {processor.py:925} INFO - DAG(s) 'first_sample_dag' retrieved from /opt/airflow/dags/sample_dag.py
[2024-09-08T11:32:06.104+0000] {logging_mixin.py:190} INFO - [2024-09-08T11:32:06.104+0000] {dag.py:3211} INFO - Sync 1 DAGs
[2024-09-08T11:32:06.133+0000] {logging_mixin.py:190} INFO - [2024-09-08T11:32:06.133+0000] {dag.py:4138} INFO - Setting next_dagrun for first_sample_dag to 2024-09-06 23:00:00+00:00, run_after=2024-09-07 23:00:00+00:00
[2024-09-08T11:32:06.178+0000] {processor.py:208} INFO - Processing /opt/airflow/dags/sample_dag.py took 0.157 seconds
[2024-09-08T11:32:38.301+0000] {processor.py:186} INFO - Started process (PID=264) to work on /opt/airflow/dags/sample_dag.py
[2024-09-08T11:32:38.303+0000] {processor.py:914} INFO - Processing file /opt/airflow/dags/sample_dag.py for tasks to queue
[2024-09-08T11:32:38.307+0000] {logging_mixin.py:190} INFO - [2024-09-08T11:32:38.306+0000] {dagbag.py:587} INFO - Filling up the DagBag from /opt/airflow/dags/sample_dag.py
[2024-09-08T11:32:38.337+0000] {processor.py:925} INFO - DAG(s) 'first_sample_dag' retrieved from /opt/airflow/dags/sample_dag.py
[2024-09-08T11:32:38.362+0000] {logging_mixin.py:190} INFO - [2024-09-08T11:32:38.362+0000] {dag.py:3211} INFO - Sync 1 DAGs
[2024-09-08T11:32:38.435+0000] {logging_mixin.py:190} INFO - [2024-09-08T11:32:38.435+0000] {dag.py:4138} INFO - Setting next_dagrun for first_sample_dag to 2024-09-06 23:00:00+00:00, run_after=2024-09-07 23:00:00+00:00
[2024-09-08T11:32:38.476+0000] {processor.py:208} INFO - Processing /opt/airflow/dags/sample_dag.py took 0.181 seconds
[2024-09-08T11:33:09.574+0000] {processor.py:186} INFO - Started process (PID=269) to work on /opt/airflow/dags/sample_dag.py
[2024-09-08T11:33:09.576+0000] {processor.py:914} INFO - Processing file /opt/airflow/dags/sample_dag.py for tasks to queue
[2024-09-08T11:33:09.581+0000] {logging_mixin.py:190} INFO - [2024-09-08T11:33:09.580+0000] {dagbag.py:587} INFO - Filling up the DagBag from /opt/airflow/dags/sample_dag.py
[2024-09-08T11:33:09.615+0000] {processor.py:925} INFO - DAG(s) 'first_sample_dag' retrieved from /opt/airflow/dags/sample_dag.py
[2024-09-08T11:33:09.645+0000] {logging_mixin.py:190} INFO - [2024-09-08T11:33:09.645+0000] {dag.py:3211} INFO - Sync 1 DAGs
[2024-09-08T11:33:09.675+0000] {logging_mixin.py:190} INFO - [2024-09-08T11:33:09.674+0000] {dag.py:4138} INFO - Setting next_dagrun for first_sample_dag to 2024-09-06 23:00:00+00:00, run_after=2024-09-07 23:00:00+00:00
[2024-09-08T11:33:09.751+0000] {processor.py:208} INFO - Processing /opt/airflow/dags/sample_dag.py took 0.184 seconds
