[2024-09-08T09:02:25.395+0000] {processor.py:186} INFO - Started process (PID=40) to work on /opt/airflow/dags/xcom_dag.py
[2024-09-08T09:02:25.495+0000] {processor.py:914} INFO - Processing file /opt/airflow/dags/xcom_dag.py for tasks to queue
[2024-09-08T09:02:26.277+0000] {logging_mixin.py:190} INFO - [2024-09-08T09:02:26.222+0000] {dagbag.py:587} INFO - Filling up the DagBag from /opt/airflow/dags/xcom_dag.py
[2024-09-08T09:02:27.986+0000] {processor.py:925} INFO - DAG(s) 'xcom_dag' retrieved from /opt/airflow/dags/xcom_dag.py
[2024-09-08T09:02:30.117+0000] {logging_mixin.py:190} INFO - [2024-09-08T09:02:30.113+0000] {override.py:1858} INFO - Created Permission View: can edit on DAG:xcom_dag
[2024-09-08T09:02:30.228+0000] {logging_mixin.py:190} INFO - [2024-09-08T09:02:30.227+0000] {override.py:1858} INFO - Created Permission View: can delete on DAG:xcom_dag
[2024-09-08T09:02:30.287+0000] {logging_mixin.py:190} INFO - [2024-09-08T09:02:30.286+0000] {override.py:1858} INFO - Created Permission View: can read on DAG:xcom_dag
[2024-09-08T09:02:30.292+0000] {logging_mixin.py:190} INFO - [2024-09-08T09:02:30.291+0000] {dag.py:3211} INFO - Sync 1 DAGs
[2024-09-08T09:02:30.414+0000] {logging_mixin.py:190} INFO - [2024-09-08T09:02:30.413+0000] {dag.py:3234} INFO - Creating ORM DAG for xcom_dag
[2024-09-08T09:02:30.510+0000] {logging_mixin.py:190} INFO - [2024-09-08T09:02:30.509+0000] {dag.py:4138} INFO - Setting next_dagrun for xcom_dag to 2024-09-07 00:00:00+00:00, run_after=2024-09-08 00:00:00+00:00
[2024-09-08T09:02:37.402+0000] {processor.py:208} INFO - Processing /opt/airflow/dags/xcom_dag.py took 21.711 seconds
[2024-09-08T09:03:10.076+0000] {processor.py:186} INFO - Started process (PID=45) to work on /opt/airflow/dags/xcom_dag.py
[2024-09-08T09:03:10.159+0000] {processor.py:914} INFO - Processing file /opt/airflow/dags/xcom_dag.py for tasks to queue
[2024-09-08T09:03:10.366+0000] {logging_mixin.py:190} INFO - [2024-09-08T09:03:10.330+0000] {dagbag.py:587} INFO - Filling up the DagBag from /opt/airflow/dags/xcom_dag.py
[2024-09-08T09:03:12.169+0000] {processor.py:925} INFO - DAG(s) 'xcom_dag' retrieved from /opt/airflow/dags/xcom_dag.py
[2024-09-08T09:03:13.493+0000] {logging_mixin.py:190} INFO - [2024-09-08T09:03:13.490+0000] {dag.py:3211} INFO - Sync 1 DAGs
[2024-09-08T09:03:14.235+0000] {logging_mixin.py:190} INFO - [2024-09-08T09:03:14.231+0000] {dag.py:4138} INFO - Setting next_dagrun for xcom_dag to 2024-09-07 00:00:00+00:00, run_after=2024-09-08 00:00:00+00:00
[2024-09-08T09:03:14.927+0000] {processor.py:208} INFO - Processing /opt/airflow/dags/xcom_dag.py took 5.373 seconds
[2024-09-08T09:06:38.571+0000] {processor.py:186} INFO - Started process (PID=52) to work on /opt/airflow/dags/xcom_dag.py
[2024-09-08T09:06:38.669+0000] {processor.py:914} INFO - Processing file /opt/airflow/dags/xcom_dag.py for tasks to queue
[2024-09-08T09:06:39.079+0000] {logging_mixin.py:190} INFO - [2024-09-08T09:06:39.033+0000] {dagbag.py:587} INFO - Filling up the DagBag from /opt/airflow/dags/xcom_dag.py
[2024-09-08T09:06:40.358+0000] {processor.py:925} INFO - DAG(s) 'xcom_dag' retrieved from /opt/airflow/dags/xcom_dag.py
[2024-09-08T09:06:42.125+0000] {logging_mixin.py:190} INFO - [2024-09-08T09:06:42.106+0000] {dag.py:3211} INFO - Sync 1 DAGs
[2024-09-08T09:06:42.855+0000] {logging_mixin.py:190} INFO - [2024-09-08T09:06:42.853+0000] {dag.py:4138} INFO - Setting next_dagrun for xcom_dag to 2024-09-07 00:00:00+00:00, run_after=2024-09-08 00:00:00+00:00
[2024-09-08T09:06:43.319+0000] {processor.py:208} INFO - Processing /opt/airflow/dags/xcom_dag.py took 5.965 seconds
[2024-09-08T09:09:32.224+0000] {processor.py:186} INFO - Started process (PID=59) to work on /opt/airflow/dags/xcom_dag.py
[2024-09-08T09:09:32.230+0000] {processor.py:914} INFO - Processing file /opt/airflow/dags/xcom_dag.py for tasks to queue
[2024-09-08T09:09:32.240+0000] {logging_mixin.py:190} INFO - [2024-09-08T09:09:32.239+0000] {dagbag.py:587} INFO - Filling up the DagBag from /opt/airflow/dags/xcom_dag.py
[2024-09-08T09:09:32.299+0000] {processor.py:925} INFO - DAG(s) 'xcom_dag' retrieved from /opt/airflow/dags/xcom_dag.py
[2024-09-08T09:09:32.358+0000] {logging_mixin.py:190} INFO - [2024-09-08T09:09:32.357+0000] {dag.py:3211} INFO - Sync 1 DAGs
[2024-09-08T09:09:32.449+0000] {logging_mixin.py:190} INFO - [2024-09-08T09:09:32.449+0000] {dag.py:4138} INFO - Setting next_dagrun for xcom_dag to 2024-09-07 00:00:00+00:00, run_after=2024-09-08 00:00:00+00:00
[2024-09-08T09:09:33.141+0000] {processor.py:208} INFO - Processing /opt/airflow/dags/xcom_dag.py took 0.930 seconds
[2024-09-08T09:12:07.404+0000] {processor.py:186} INFO - Started process (PID=64) to work on /opt/airflow/dags/xcom_dag.py
[2024-09-08T09:12:07.408+0000] {processor.py:914} INFO - Processing file /opt/airflow/dags/xcom_dag.py for tasks to queue
[2024-09-08T09:12:07.415+0000] {logging_mixin.py:190} INFO - [2024-09-08T09:12:07.414+0000] {dagbag.py:587} INFO - Filling up the DagBag from /opt/airflow/dags/xcom_dag.py
[2024-09-08T09:12:07.514+0000] {processor.py:925} INFO - DAG(s) 'xcom_dag' retrieved from /opt/airflow/dags/xcom_dag.py
[2024-09-08T09:12:07.606+0000] {logging_mixin.py:190} INFO - [2024-09-08T09:12:07.605+0000] {dag.py:3211} INFO - Sync 1 DAGs
[2024-09-08T09:12:07.746+0000] {logging_mixin.py:190} INFO - [2024-09-08T09:12:07.745+0000] {dag.py:4138} INFO - Setting next_dagrun for xcom_dag to 2024-09-07 00:00:00+00:00, run_after=2024-09-08 00:00:00+00:00
[2024-09-08T09:12:07.862+0000] {processor.py:208} INFO - Processing /opt/airflow/dags/xcom_dag.py took 0.486 seconds
[2024-09-08T09:13:02.789+0000] {processor.py:186} INFO - Started process (PID=69) to work on /opt/airflow/dags/xcom_dag.py
[2024-09-08T09:13:02.803+0000] {processor.py:914} INFO - Processing file /opt/airflow/dags/xcom_dag.py for tasks to queue
[2024-09-08T09:13:02.833+0000] {logging_mixin.py:190} INFO - [2024-09-08T09:13:02.825+0000] {dagbag.py:587} INFO - Filling up the DagBag from /opt/airflow/dags/xcom_dag.py
[2024-09-08T09:13:03.120+0000] {processor.py:925} INFO - DAG(s) 'xcom_dag' retrieved from /opt/airflow/dags/xcom_dag.py
[2024-09-08T09:13:03.272+0000] {logging_mixin.py:190} INFO - [2024-09-08T09:13:03.271+0000] {dag.py:3211} INFO - Sync 1 DAGs
[2024-09-08T09:13:03.364+0000] {logging_mixin.py:190} INFO - [2024-09-08T09:13:03.364+0000] {dag.py:4138} INFO - Setting next_dagrun for xcom_dag to 2024-09-07 00:00:00+00:00, run_after=2024-09-08 00:00:00+00:00
[2024-09-08T09:13:03.530+0000] {processor.py:208} INFO - Processing /opt/airflow/dags/xcom_dag.py took 0.846 seconds
[2024-09-08T09:13:51.148+0000] {processor.py:186} INFO - Started process (PID=74) to work on /opt/airflow/dags/xcom_dag.py
[2024-09-08T09:13:51.154+0000] {processor.py:914} INFO - Processing file /opt/airflow/dags/xcom_dag.py for tasks to queue
[2024-09-08T09:13:51.207+0000] {logging_mixin.py:190} INFO - [2024-09-08T09:13:51.204+0000] {dagbag.py:587} INFO - Filling up the DagBag from /opt/airflow/dags/xcom_dag.py
[2024-09-08T09:13:51.368+0000] {processor.py:925} INFO - DAG(s) 'xcom_dag' retrieved from /opt/airflow/dags/xcom_dag.py
[2024-09-08T09:13:51.525+0000] {logging_mixin.py:190} INFO - [2024-09-08T09:13:51.524+0000] {dag.py:3211} INFO - Sync 1 DAGs
[2024-09-08T09:13:51.621+0000] {logging_mixin.py:190} INFO - [2024-09-08T09:13:51.621+0000] {dag.py:4138} INFO - Setting next_dagrun for xcom_dag to 2024-09-07 00:00:00+00:00, run_after=2024-09-08 00:00:00+00:00
[2024-09-08T09:13:51.745+0000] {processor.py:208} INFO - Processing /opt/airflow/dags/xcom_dag.py took 0.658 seconds
[2024-09-08T09:14:25.656+0000] {processor.py:186} INFO - Started process (PID=79) to work on /opt/airflow/dags/xcom_dag.py
[2024-09-08T09:14:25.665+0000] {processor.py:914} INFO - Processing file /opt/airflow/dags/xcom_dag.py for tasks to queue
[2024-09-08T09:14:25.698+0000] {logging_mixin.py:190} INFO - [2024-09-08T09:14:25.680+0000] {dagbag.py:587} INFO - Filling up the DagBag from /opt/airflow/dags/xcom_dag.py
[2024-09-08T09:14:25.814+0000] {processor.py:925} INFO - DAG(s) 'xcom_dag' retrieved from /opt/airflow/dags/xcom_dag.py
[2024-09-08T09:14:25.874+0000] {logging_mixin.py:190} INFO - [2024-09-08T09:14:25.873+0000] {dag.py:3211} INFO - Sync 1 DAGs
[2024-09-08T09:14:25.941+0000] {logging_mixin.py:190} INFO - [2024-09-08T09:14:25.940+0000] {dag.py:4138} INFO - Setting next_dagrun for xcom_dag to 2024-09-07 00:00:00+00:00, run_after=2024-09-08 00:00:00+00:00
[2024-09-08T09:14:26.021+0000] {processor.py:208} INFO - Processing /opt/airflow/dags/xcom_dag.py took 1.234 seconds
[2024-09-08T09:15:36.595+0000] {processor.py:186} INFO - Started process (PID=84) to work on /opt/airflow/dags/xcom_dag.py
[2024-09-08T09:15:36.619+0000] {processor.py:914} INFO - Processing file /opt/airflow/dags/xcom_dag.py for tasks to queue
[2024-09-08T09:15:36.700+0000] {logging_mixin.py:190} INFO - [2024-09-08T09:15:36.685+0000] {dagbag.py:587} INFO - Filling up the DagBag from /opt/airflow/dags/xcom_dag.py
[2024-09-08T09:15:37.263+0000] {processor.py:925} INFO - DAG(s) 'xcom_dag' retrieved from /opt/airflow/dags/xcom_dag.py
[2024-09-08T09:15:39.356+0000] {logging_mixin.py:190} INFO - [2024-09-08T09:15:39.353+0000] {dag.py:3211} INFO - Sync 1 DAGs
[2024-09-08T09:15:39.656+0000] {logging_mixin.py:190} INFO - [2024-09-08T09:15:39.656+0000] {dag.py:4138} INFO - Setting next_dagrun for xcom_dag to 2024-09-07 00:00:00+00:00, run_after=2024-09-08 00:00:00+00:00
[2024-09-08T09:15:39.852+0000] {processor.py:208} INFO - Processing /opt/airflow/dags/xcom_dag.py took 3.431 seconds
[2024-09-08T09:16:11.604+0000] {processor.py:186} INFO - Started process (PID=89) to work on /opt/airflow/dags/xcom_dag.py
[2024-09-08T09:16:11.613+0000] {processor.py:914} INFO - Processing file /opt/airflow/dags/xcom_dag.py for tasks to queue
[2024-09-08T09:16:11.626+0000] {logging_mixin.py:190} INFO - [2024-09-08T09:16:11.625+0000] {dagbag.py:587} INFO - Filling up the DagBag from /opt/airflow/dags/xcom_dag.py
[2024-09-08T09:16:13.200+0000] {processor.py:925} INFO - DAG(s) 'xcom_dag' retrieved from /opt/airflow/dags/xcom_dag.py
[2024-09-08T09:16:14.717+0000] {logging_mixin.py:190} INFO - [2024-09-08T09:16:14.716+0000] {dag.py:3211} INFO - Sync 1 DAGs
[2024-09-08T09:16:15.904+0000] {logging_mixin.py:190} INFO - [2024-09-08T09:16:15.903+0000] {dag.py:4138} INFO - Setting next_dagrun for xcom_dag to 2024-09-07 00:00:00+00:00, run_after=2024-09-08 00:00:00+00:00
[2024-09-08T09:16:17.494+0000] {processor.py:208} INFO - Processing /opt/airflow/dags/xcom_dag.py took 5.928 seconds
[2024-09-08T09:18:53.293+0000] {processor.py:186} INFO - Started process (PID=94) to work on /opt/airflow/dags/xcom_dag.py
[2024-09-08T09:18:53.346+0000] {processor.py:914} INFO - Processing file /opt/airflow/dags/xcom_dag.py for tasks to queue
[2024-09-08T09:18:53.487+0000] {logging_mixin.py:190} INFO - [2024-09-08T09:18:53.471+0000] {dagbag.py:587} INFO - Filling up the DagBag from /opt/airflow/dags/xcom_dag.py
[2024-09-08T09:18:54.324+0000] {processor.py:925} INFO - DAG(s) 'xcom_dag' retrieved from /opt/airflow/dags/xcom_dag.py
[2024-09-08T09:18:55.900+0000] {logging_mixin.py:190} INFO - [2024-09-08T09:18:55.897+0000] {dag.py:3211} INFO - Sync 1 DAGs
[2024-09-08T09:18:56.638+0000] {logging_mixin.py:190} INFO - [2024-09-08T09:18:56.637+0000] {dag.py:4138} INFO - Setting next_dagrun for xcom_dag to 2024-09-07 00:00:00+00:00, run_after=2024-09-08 00:00:00+00:00
[2024-09-08T09:18:56.980+0000] {processor.py:208} INFO - Processing /opt/airflow/dags/xcom_dag.py took 3.894 seconds
[2024-09-08T09:19:39.185+0000] {processor.py:186} INFO - Started process (PID=99) to work on /opt/airflow/dags/xcom_dag.py
[2024-09-08T09:19:39.189+0000] {processor.py:914} INFO - Processing file /opt/airflow/dags/xcom_dag.py for tasks to queue
[2024-09-08T09:19:39.196+0000] {logging_mixin.py:190} INFO - [2024-09-08T09:19:39.194+0000] {dagbag.py:587} INFO - Filling up the DagBag from /opt/airflow/dags/xcom_dag.py
[2024-09-08T09:19:39.305+0000] {processor.py:925} INFO - DAG(s) 'xcom_dag' retrieved from /opt/airflow/dags/xcom_dag.py
[2024-09-08T09:19:39.390+0000] {logging_mixin.py:190} INFO - [2024-09-08T09:19:39.390+0000] {dag.py:3211} INFO - Sync 1 DAGs
[2024-09-08T09:19:39.527+0000] {logging_mixin.py:190} INFO - [2024-09-08T09:19:39.526+0000] {dag.py:4138} INFO - Setting next_dagrun for xcom_dag to 2024-09-07 00:00:00+00:00, run_after=2024-09-08 00:00:00+00:00
[2024-09-08T09:19:39.635+0000] {processor.py:208} INFO - Processing /opt/airflow/dags/xcom_dag.py took 0.464 seconds
[2024-09-08T09:21:08.000+0000] {processor.py:186} INFO - Started process (PID=104) to work on /opt/airflow/dags/xcom_dag.py
[2024-09-08T09:21:08.002+0000] {processor.py:914} INFO - Processing file /opt/airflow/dags/xcom_dag.py for tasks to queue
[2024-09-08T09:21:08.006+0000] {logging_mixin.py:190} INFO - [2024-09-08T09:21:08.006+0000] {dagbag.py:587} INFO - Filling up the DagBag from /opt/airflow/dags/xcom_dag.py
[2024-09-08T09:21:08.101+0000] {processor.py:925} INFO - DAG(s) 'xcom_dag' retrieved from /opt/airflow/dags/xcom_dag.py
[2024-09-08T09:21:08.327+0000] {logging_mixin.py:190} INFO - [2024-09-08T09:21:08.326+0000] {dag.py:3211} INFO - Sync 1 DAGs
[2024-09-08T09:21:08.812+0000] {logging_mixin.py:190} INFO - [2024-09-08T09:21:08.811+0000] {dag.py:4138} INFO - Setting next_dagrun for xcom_dag to 2024-09-07 00:00:00+00:00, run_after=2024-09-08 00:00:00+00:00
[2024-09-08T09:21:09.293+0000] {processor.py:208} INFO - Processing /opt/airflow/dags/xcom_dag.py took 1.302 seconds
[2024-09-08T09:23:37.517+0000] {processor.py:186} INFO - Started process (PID=109) to work on /opt/airflow/dags/xcom_dag.py
[2024-09-08T09:23:37.548+0000] {processor.py:914} INFO - Processing file /opt/airflow/dags/xcom_dag.py for tasks to queue
[2024-09-08T09:23:37.638+0000] {logging_mixin.py:190} INFO - [2024-09-08T09:23:37.627+0000] {dagbag.py:587} INFO - Filling up the DagBag from /opt/airflow/dags/xcom_dag.py
[2024-09-08T09:23:38.128+0000] {processor.py:925} INFO - DAG(s) 'xcom_dag' retrieved from /opt/airflow/dags/xcom_dag.py
[2024-09-08T09:23:38.936+0000] {logging_mixin.py:190} INFO - [2024-09-08T09:23:38.935+0000] {dag.py:3211} INFO - Sync 1 DAGs
[2024-09-08T09:23:39.391+0000] {logging_mixin.py:190} INFO - [2024-09-08T09:23:39.390+0000] {dag.py:4138} INFO - Setting next_dagrun for xcom_dag to 2024-09-07 00:00:00+00:00, run_after=2024-09-08 00:00:00+00:00
[2024-09-08T09:23:39.972+0000] {processor.py:208} INFO - Processing /opt/airflow/dags/xcom_dag.py took 2.717 seconds
[2024-09-08T09:25:45.078+0000] {processor.py:186} INFO - Started process (PID=114) to work on /opt/airflow/dags/xcom_dag.py
[2024-09-08T09:25:45.112+0000] {processor.py:914} INFO - Processing file /opt/airflow/dags/xcom_dag.py for tasks to queue
[2024-09-08T09:25:45.330+0000] {logging_mixin.py:190} INFO - [2024-09-08T09:25:45.311+0000] {dagbag.py:587} INFO - Filling up the DagBag from /opt/airflow/dags/xcom_dag.py
[2024-09-08T09:25:51.345+0000] {processor.py:925} INFO - DAG(s) 'xcom_dag' retrieved from /opt/airflow/dags/xcom_dag.py
[2024-09-08T09:25:54.313+0000] {logging_mixin.py:190} INFO - [2024-09-08T09:25:54.311+0000] {dag.py:3211} INFO - Sync 1 DAGs
[2024-09-08T09:25:55.683+0000] {logging_mixin.py:190} INFO - [2024-09-08T09:25:55.682+0000] {dag.py:4138} INFO - Setting next_dagrun for xcom_dag to 2024-09-07 00:00:00+00:00, run_after=2024-09-08 00:00:00+00:00
[2024-09-08T09:25:57.335+0000] {processor.py:208} INFO - Processing /opt/airflow/dags/xcom_dag.py took 12.426 seconds
[2024-09-08T09:27:25.083+0000] {processor.py:186} INFO - Started process (PID=119) to work on /opt/airflow/dags/xcom_dag.py
[2024-09-08T09:27:25.169+0000] {processor.py:914} INFO - Processing file /opt/airflow/dags/xcom_dag.py for tasks to queue
[2024-09-08T09:27:25.442+0000] {logging_mixin.py:190} INFO - [2024-09-08T09:27:25.419+0000] {dagbag.py:587} INFO - Filling up the DagBag from /opt/airflow/dags/xcom_dag.py
[2024-09-08T09:27:28.093+0000] {processor.py:925} INFO - DAG(s) 'xcom_dag' retrieved from /opt/airflow/dags/xcom_dag.py
[2024-09-08T09:27:35.695+0000] {logging_mixin.py:190} INFO - [2024-09-08T09:27:35.676+0000] {dag.py:3211} INFO - Sync 1 DAGs
[2024-09-08T09:27:36.677+0000] {logging_mixin.py:190} INFO - [2024-09-08T09:27:36.676+0000] {dag.py:4138} INFO - Setting next_dagrun for xcom_dag to 2024-09-07 00:00:00+00:00, run_after=2024-09-08 00:00:00+00:00
[2024-09-08T09:27:37.313+0000] {processor.py:208} INFO - Processing /opt/airflow/dags/xcom_dag.py took 12.482 seconds
[2024-09-08T11:04:49.329+0000] {processor.py:186} INFO - Started process (PID=40) to work on /opt/airflow/dags/xcom_dag.py
[2024-09-08T11:04:49.345+0000] {processor.py:914} INFO - Processing file /opt/airflow/dags/xcom_dag.py for tasks to queue
[2024-09-08T11:04:49.458+0000] {logging_mixin.py:190} INFO - [2024-09-08T11:04:49.448+0000] {dagbag.py:587} INFO - Filling up the DagBag from /opt/airflow/dags/xcom_dag.py
[2024-09-08T11:04:49.744+0000] {processor.py:925} INFO - DAG(s) 'xcom_dag' retrieved from /opt/airflow/dags/xcom_dag.py
[2024-09-08T11:04:50.309+0000] {logging_mixin.py:190} INFO - [2024-09-08T11:04:50.305+0000] {dag.py:3211} INFO - Sync 1 DAGs
[2024-09-08T11:04:50.597+0000] {logging_mixin.py:190} INFO - [2024-09-08T11:04:50.596+0000] {dag.py:4138} INFO - Setting next_dagrun for xcom_dag to 2024-09-07 00:00:00+00:00, run_after=2024-09-08 00:00:00+00:00
[2024-09-08T11:04:50.780+0000] {processor.py:208} INFO - Processing /opt/airflow/dags/xcom_dag.py took 1.526 seconds
[2024-09-08T11:06:10.048+0000] {processor.py:186} INFO - Started process (PID=45) to work on /opt/airflow/dags/xcom_dag.py
[2024-09-08T11:06:10.050+0000] {processor.py:914} INFO - Processing file /opt/airflow/dags/xcom_dag.py for tasks to queue
[2024-09-08T11:06:10.053+0000] {logging_mixin.py:190} INFO - [2024-09-08T11:06:10.052+0000] {dagbag.py:587} INFO - Filling up the DagBag from /opt/airflow/dags/xcom_dag.py
[2024-09-08T11:06:10.085+0000] {processor.py:925} INFO - DAG(s) 'xcom_dag' retrieved from /opt/airflow/dags/xcom_dag.py
[2024-09-08T11:06:10.111+0000] {logging_mixin.py:190} INFO - [2024-09-08T11:06:10.111+0000] {dag.py:3211} INFO - Sync 1 DAGs
[2024-09-08T11:06:10.140+0000] {logging_mixin.py:190} INFO - [2024-09-08T11:06:10.140+0000] {dag.py:4138} INFO - Setting next_dagrun for xcom_dag to 2024-09-07 00:00:00+00:00, run_after=2024-09-08 00:00:00+00:00
[2024-09-08T11:06:10.187+0000] {processor.py:208} INFO - Processing /opt/airflow/dags/xcom_dag.py took 0.146 seconds
[2024-09-08T11:07:04.133+0000] {processor.py:186} INFO - Started process (PID=50) to work on /opt/airflow/dags/xcom_dag.py
[2024-09-08T11:07:04.180+0000] {processor.py:914} INFO - Processing file /opt/airflow/dags/xcom_dag.py for tasks to queue
[2024-09-08T11:07:04.185+0000] {logging_mixin.py:190} INFO - [2024-09-08T11:07:04.184+0000] {dagbag.py:587} INFO - Filling up the DagBag from /opt/airflow/dags/xcom_dag.py
[2024-09-08T11:07:04.285+0000] {processor.py:925} INFO - DAG(s) 'xcom_dag' retrieved from /opt/airflow/dags/xcom_dag.py
[2024-09-08T11:07:04.662+0000] {logging_mixin.py:190} INFO - [2024-09-08T11:07:04.661+0000] {dag.py:3211} INFO - Sync 1 DAGs
[2024-09-08T11:07:05.330+0000] {logging_mixin.py:190} INFO - [2024-09-08T11:07:05.329+0000] {dag.py:4138} INFO - Setting next_dagrun for xcom_dag to 2024-09-07 00:00:00+00:00, run_after=2024-09-08 00:00:00+00:00
[2024-09-08T11:07:05.957+0000] {processor.py:208} INFO - Processing /opt/airflow/dags/xcom_dag.py took 1.834 seconds
[2024-09-08T11:08:08.690+0000] {processor.py:186} INFO - Started process (PID=55) to work on /opt/airflow/dags/xcom_dag.py
[2024-09-08T11:08:08.738+0000] {processor.py:914} INFO - Processing file /opt/airflow/dags/xcom_dag.py for tasks to queue
[2024-09-08T11:08:08.839+0000] {logging_mixin.py:190} INFO - [2024-09-08T11:08:08.838+0000] {dagbag.py:587} INFO - Filling up the DagBag from /opt/airflow/dags/xcom_dag.py
[2024-09-08T11:08:09.238+0000] {processor.py:925} INFO - DAG(s) 'xcom_dag' retrieved from /opt/airflow/dags/xcom_dag.py
[2024-09-08T11:08:09.709+0000] {logging_mixin.py:190} INFO - [2024-09-08T11:08:09.709+0000] {dag.py:3211} INFO - Sync 1 DAGs
[2024-09-08T11:08:10.231+0000] {logging_mixin.py:190} INFO - [2024-09-08T11:08:10.231+0000] {dag.py:4138} INFO - Setting next_dagrun for xcom_dag to 2024-09-07 00:00:00+00:00, run_after=2024-09-08 00:00:00+00:00
[2024-09-08T11:08:10.443+0000] {processor.py:208} INFO - Processing /opt/airflow/dags/xcom_dag.py took 1.822 seconds
[2024-09-08T11:09:03.136+0000] {processor.py:186} INFO - Started process (PID=60) to work on /opt/airflow/dags/xcom_dag.py
[2024-09-08T11:09:03.196+0000] {processor.py:914} INFO - Processing file /opt/airflow/dags/xcom_dag.py for tasks to queue
[2024-09-08T11:09:03.275+0000] {logging_mixin.py:190} INFO - [2024-09-08T11:09:03.265+0000] {dagbag.py:587} INFO - Filling up the DagBag from /opt/airflow/dags/xcom_dag.py
[2024-09-08T11:09:03.953+0000] {processor.py:925} INFO - DAG(s) 'xcom_dag' retrieved from /opt/airflow/dags/xcom_dag.py
[2024-09-08T11:09:04.186+0000] {logging_mixin.py:190} INFO - [2024-09-08T11:09:04.186+0000] {dag.py:3211} INFO - Sync 1 DAGs
[2024-09-08T11:09:04.549+0000] {logging_mixin.py:190} INFO - [2024-09-08T11:09:04.548+0000] {dag.py:4138} INFO - Setting next_dagrun for xcom_dag to 2024-09-07 00:00:00+00:00, run_after=2024-09-08 00:00:00+00:00
[2024-09-08T11:09:05.919+0000] {processor.py:208} INFO - Processing /opt/airflow/dags/xcom_dag.py took 3.212 seconds
[2024-09-08T11:09:44.175+0000] {processor.py:186} INFO - Started process (PID=65) to work on /opt/airflow/dags/xcom_dag.py
[2024-09-08T11:09:44.178+0000] {processor.py:914} INFO - Processing file /opt/airflow/dags/xcom_dag.py for tasks to queue
[2024-09-08T11:09:44.181+0000] {logging_mixin.py:190} INFO - [2024-09-08T11:09:44.180+0000] {dagbag.py:587} INFO - Filling up the DagBag from /opt/airflow/dags/xcom_dag.py
[2024-09-08T11:09:44.213+0000] {processor.py:925} INFO - DAG(s) 'xcom_dag' retrieved from /opt/airflow/dags/xcom_dag.py
[2024-09-08T11:09:44.239+0000] {logging_mixin.py:190} INFO - [2024-09-08T11:09:44.239+0000] {dag.py:3211} INFO - Sync 1 DAGs
[2024-09-08T11:09:44.270+0000] {logging_mixin.py:190} INFO - [2024-09-08T11:09:44.270+0000] {dag.py:4138} INFO - Setting next_dagrun for xcom_dag to 2024-09-07 00:00:00+00:00, run_after=2024-09-08 00:00:00+00:00
[2024-09-08T11:09:44.315+0000] {processor.py:208} INFO - Processing /opt/airflow/dags/xcom_dag.py took 0.147 seconds
[2024-09-08T11:10:18.564+0000] {processor.py:186} INFO - Started process (PID=70) to work on /opt/airflow/dags/xcom_dag.py
[2024-09-08T11:10:18.566+0000] {processor.py:914} INFO - Processing file /opt/airflow/dags/xcom_dag.py for tasks to queue
[2024-09-08T11:10:18.570+0000] {logging_mixin.py:190} INFO - [2024-09-08T11:10:18.570+0000] {dagbag.py:587} INFO - Filling up the DagBag from /opt/airflow/dags/xcom_dag.py
[2024-09-08T11:10:18.628+0000] {processor.py:925} INFO - DAG(s) 'xcom_dag' retrieved from /opt/airflow/dags/xcom_dag.py
[2024-09-08T11:10:18.668+0000] {logging_mixin.py:190} INFO - [2024-09-08T11:10:18.667+0000] {dag.py:3211} INFO - Sync 1 DAGs
[2024-09-08T11:10:18.715+0000] {logging_mixin.py:190} INFO - [2024-09-08T11:10:18.714+0000] {dag.py:4138} INFO - Setting next_dagrun for xcom_dag to 2024-09-07 00:00:00+00:00, run_after=2024-09-08 00:00:00+00:00
[2024-09-08T11:10:18.770+0000] {processor.py:208} INFO - Processing /opt/airflow/dags/xcom_dag.py took 0.215 seconds
[2024-09-08T11:11:10.012+0000] {processor.py:186} INFO - Started process (PID=75) to work on /opt/airflow/dags/xcom_dag.py
[2024-09-08T11:11:10.014+0000] {processor.py:914} INFO - Processing file /opt/airflow/dags/xcom_dag.py for tasks to queue
[2024-09-08T11:11:10.018+0000] {logging_mixin.py:190} INFO - [2024-09-08T11:11:10.017+0000] {dagbag.py:587} INFO - Filling up the DagBag from /opt/airflow/dags/xcom_dag.py
[2024-09-08T11:11:10.052+0000] {processor.py:925} INFO - DAG(s) 'xcom_dag' retrieved from /opt/airflow/dags/xcom_dag.py
[2024-09-08T11:11:10.080+0000] {logging_mixin.py:190} INFO - [2024-09-08T11:11:10.080+0000] {dag.py:3211} INFO - Sync 1 DAGs
[2024-09-08T11:11:10.106+0000] {logging_mixin.py:190} INFO - [2024-09-08T11:11:10.106+0000] {dag.py:4138} INFO - Setting next_dagrun for xcom_dag to 2024-09-07 00:00:00+00:00, run_after=2024-09-08 00:00:00+00:00
[2024-09-08T11:11:10.167+0000] {processor.py:208} INFO - Processing /opt/airflow/dags/xcom_dag.py took 0.161 seconds
[2024-09-08T11:12:47.115+0000] {processor.py:186} INFO - Started process (PID=80) to work on /opt/airflow/dags/xcom_dag.py
[2024-09-08T11:12:47.117+0000] {processor.py:914} INFO - Processing file /opt/airflow/dags/xcom_dag.py for tasks to queue
[2024-09-08T11:12:47.121+0000] {logging_mixin.py:190} INFO - [2024-09-08T11:12:47.121+0000] {dagbag.py:587} INFO - Filling up the DagBag from /opt/airflow/dags/xcom_dag.py
[2024-09-08T11:12:47.161+0000] {processor.py:925} INFO - DAG(s) 'xcom_dag' retrieved from /opt/airflow/dags/xcom_dag.py
[2024-09-08T11:12:47.189+0000] {logging_mixin.py:190} INFO - [2024-09-08T11:12:47.189+0000] {dag.py:3211} INFO - Sync 1 DAGs
[2024-09-08T11:12:47.508+0000] {logging_mixin.py:190} INFO - [2024-09-08T11:12:47.508+0000] {dag.py:4138} INFO - Setting next_dagrun for xcom_dag to 2024-09-07 00:00:00+00:00, run_after=2024-09-08 00:00:00+00:00
[2024-09-08T11:12:47.717+0000] {processor.py:208} INFO - Processing /opt/airflow/dags/xcom_dag.py took 0.609 seconds
[2024-09-08T11:13:34.760+0000] {processor.py:186} INFO - Started process (PID=85) to work on /opt/airflow/dags/xcom_dag.py
[2024-09-08T11:13:34.765+0000] {processor.py:914} INFO - Processing file /opt/airflow/dags/xcom_dag.py for tasks to queue
[2024-09-08T11:13:34.769+0000] {logging_mixin.py:190} INFO - [2024-09-08T11:13:34.768+0000] {dagbag.py:587} INFO - Filling up the DagBag from /opt/airflow/dags/xcom_dag.py
[2024-09-08T11:13:34.811+0000] {processor.py:925} INFO - DAG(s) 'xcom_dag' retrieved from /opt/airflow/dags/xcom_dag.py
[2024-09-08T11:13:34.844+0000] {logging_mixin.py:190} INFO - [2024-09-08T11:13:34.844+0000] {dag.py:3211} INFO - Sync 1 DAGs
[2024-09-08T11:13:34.874+0000] {logging_mixin.py:190} INFO - [2024-09-08T11:13:34.873+0000] {dag.py:4138} INFO - Setting next_dagrun for xcom_dag to 2024-09-07 00:00:00+00:00, run_after=2024-09-08 00:00:00+00:00
[2024-09-08T11:13:35.097+0000] {processor.py:208} INFO - Processing /opt/airflow/dags/xcom_dag.py took 0.346 seconds
[2024-09-08T11:14:11.835+0000] {processor.py:186} INFO - Started process (PID=90) to work on /opt/airflow/dags/xcom_dag.py
[2024-09-08T11:14:11.837+0000] {processor.py:914} INFO - Processing file /opt/airflow/dags/xcom_dag.py for tasks to queue
[2024-09-08T11:14:11.841+0000] {logging_mixin.py:190} INFO - [2024-09-08T11:14:11.840+0000] {dagbag.py:587} INFO - Filling up the DagBag from /opt/airflow/dags/xcom_dag.py
[2024-09-08T11:14:11.876+0000] {processor.py:925} INFO - DAG(s) 'xcom_dag' retrieved from /opt/airflow/dags/xcom_dag.py
[2024-09-08T11:14:11.903+0000] {logging_mixin.py:190} INFO - [2024-09-08T11:14:11.903+0000] {dag.py:3211} INFO - Sync 1 DAGs
[2024-09-08T11:14:11.933+0000] {logging_mixin.py:190} INFO - [2024-09-08T11:14:11.932+0000] {dag.py:4138} INFO - Setting next_dagrun for xcom_dag to 2024-09-07 00:00:00+00:00, run_after=2024-09-08 00:00:00+00:00
[2024-09-08T11:14:12.149+0000] {processor.py:208} INFO - Processing /opt/airflow/dags/xcom_dag.py took 0.327 seconds
[2024-09-08T11:14:46.841+0000] {processor.py:186} INFO - Started process (PID=95) to work on /opt/airflow/dags/xcom_dag.py
[2024-09-08T11:14:46.844+0000] {processor.py:914} INFO - Processing file /opt/airflow/dags/xcom_dag.py for tasks to queue
[2024-09-08T11:14:46.847+0000] {logging_mixin.py:190} INFO - [2024-09-08T11:14:46.847+0000] {dagbag.py:587} INFO - Filling up the DagBag from /opt/airflow/dags/xcom_dag.py
[2024-09-08T11:14:46.887+0000] {processor.py:925} INFO - DAG(s) 'xcom_dag' retrieved from /opt/airflow/dags/xcom_dag.py
[2024-09-08T11:14:46.913+0000] {logging_mixin.py:190} INFO - [2024-09-08T11:14:46.913+0000] {dag.py:3211} INFO - Sync 1 DAGs
[2024-09-08T11:14:47.130+0000] {logging_mixin.py:190} INFO - [2024-09-08T11:14:47.130+0000] {dag.py:4138} INFO - Setting next_dagrun for xcom_dag to 2024-09-07 00:00:00+00:00, run_after=2024-09-08 00:00:00+00:00
[2024-09-08T11:14:47.184+0000] {processor.py:208} INFO - Processing /opt/airflow/dags/xcom_dag.py took 0.350 seconds
[2024-09-08T11:15:21.560+0000] {processor.py:186} INFO - Started process (PID=100) to work on /opt/airflow/dags/xcom_dag.py
[2024-09-08T11:15:21.562+0000] {processor.py:914} INFO - Processing file /opt/airflow/dags/xcom_dag.py for tasks to queue
[2024-09-08T11:15:21.566+0000] {logging_mixin.py:190} INFO - [2024-09-08T11:15:21.565+0000] {dagbag.py:587} INFO - Filling up the DagBag from /opt/airflow/dags/xcom_dag.py
[2024-09-08T11:15:21.610+0000] {processor.py:925} INFO - DAG(s) 'xcom_dag' retrieved from /opt/airflow/dags/xcom_dag.py
[2024-09-08T11:15:21.641+0000] {logging_mixin.py:190} INFO - [2024-09-08T11:15:21.640+0000] {dag.py:3211} INFO - Sync 1 DAGs
[2024-09-08T11:15:21.861+0000] {logging_mixin.py:190} INFO - [2024-09-08T11:15:21.861+0000] {dag.py:4138} INFO - Setting next_dagrun for xcom_dag to 2024-09-07 00:00:00+00:00, run_after=2024-09-08 00:00:00+00:00
[2024-09-08T11:15:21.902+0000] {processor.py:208} INFO - Processing /opt/airflow/dags/xcom_dag.py took 0.350 seconds
[2024-09-08T11:15:52.245+0000] {processor.py:186} INFO - Started process (PID=105) to work on /opt/airflow/dags/xcom_dag.py
[2024-09-08T11:15:52.247+0000] {processor.py:914} INFO - Processing file /opt/airflow/dags/xcom_dag.py for tasks to queue
[2024-09-08T11:15:52.251+0000] {logging_mixin.py:190} INFO - [2024-09-08T11:15:52.250+0000] {dagbag.py:587} INFO - Filling up the DagBag from /opt/airflow/dags/xcom_dag.py
[2024-09-08T11:15:52.285+0000] {processor.py:925} INFO - DAG(s) 'xcom_dag' retrieved from /opt/airflow/dags/xcom_dag.py
[2024-09-08T11:15:52.314+0000] {logging_mixin.py:190} INFO - [2024-09-08T11:15:52.314+0000] {dag.py:3211} INFO - Sync 1 DAGs
[2024-09-08T11:15:52.539+0000] {logging_mixin.py:190} INFO - [2024-09-08T11:15:52.538+0000] {dag.py:4138} INFO - Setting next_dagrun for xcom_dag to 2024-09-07 00:00:00+00:00, run_after=2024-09-08 00:00:00+00:00
[2024-09-08T11:15:52.580+0000] {processor.py:208} INFO - Processing /opt/airflow/dags/xcom_dag.py took 0.341 seconds
[2024-09-08T11:16:22.932+0000] {processor.py:186} INFO - Started process (PID=110) to work on /opt/airflow/dags/xcom_dag.py
[2024-09-08T11:16:22.935+0000] {processor.py:914} INFO - Processing file /opt/airflow/dags/xcom_dag.py for tasks to queue
[2024-09-08T11:16:22.941+0000] {logging_mixin.py:190} INFO - [2024-09-08T11:16:22.939+0000] {dagbag.py:587} INFO - Filling up the DagBag from /opt/airflow/dags/xcom_dag.py
[2024-09-08T11:16:22.988+0000] {processor.py:925} INFO - DAG(s) 'xcom_dag' retrieved from /opt/airflow/dags/xcom_dag.py
[2024-09-08T11:16:23.212+0000] {logging_mixin.py:190} INFO - [2024-09-08T11:16:23.211+0000] {dag.py:3211} INFO - Sync 1 DAGs
[2024-09-08T11:16:23.233+0000] {logging_mixin.py:190} INFO - [2024-09-08T11:16:23.233+0000] {dag.py:4138} INFO - Setting next_dagrun for xcom_dag to 2024-09-07 00:00:00+00:00, run_after=2024-09-08 00:00:00+00:00
[2024-09-08T11:16:23.279+0000] {processor.py:208} INFO - Processing /opt/airflow/dags/xcom_dag.py took 0.358 seconds
[2024-09-08T11:17:06.796+0000] {processor.py:186} INFO - Started process (PID=115) to work on /opt/airflow/dags/xcom_dag.py
[2024-09-08T11:17:06.799+0000] {processor.py:914} INFO - Processing file /opt/airflow/dags/xcom_dag.py for tasks to queue
[2024-09-08T11:17:06.803+0000] {logging_mixin.py:190} INFO - [2024-09-08T11:17:06.803+0000] {dagbag.py:587} INFO - Filling up the DagBag from /opt/airflow/dags/xcom_dag.py
[2024-09-08T11:17:06.837+0000] {processor.py:925} INFO - DAG(s) 'xcom_dag' retrieved from /opt/airflow/dags/xcom_dag.py
[2024-09-08T11:17:07.052+0000] {logging_mixin.py:190} INFO - [2024-09-08T11:17:07.051+0000] {dag.py:3211} INFO - Sync 1 DAGs
[2024-09-08T11:17:07.081+0000] {logging_mixin.py:190} INFO - [2024-09-08T11:17:07.080+0000] {dag.py:4138} INFO - Setting next_dagrun for xcom_dag to 2024-09-07 00:00:00+00:00, run_after=2024-09-08 00:00:00+00:00
[2024-09-08T11:17:07.122+0000] {processor.py:208} INFO - Processing /opt/airflow/dags/xcom_dag.py took 0.336 seconds
[2024-09-08T11:17:37.711+0000] {processor.py:186} INFO - Started process (PID=120) to work on /opt/airflow/dags/xcom_dag.py
[2024-09-08T11:17:37.713+0000] {processor.py:914} INFO - Processing file /opt/airflow/dags/xcom_dag.py for tasks to queue
[2024-09-08T11:17:37.890+0000] {logging_mixin.py:190} INFO - [2024-09-08T11:17:37.890+0000] {dagbag.py:587} INFO - Filling up the DagBag from /opt/airflow/dags/xcom_dag.py
[2024-09-08T11:17:37.929+0000] {processor.py:925} INFO - DAG(s) 'xcom_dag' retrieved from /opt/airflow/dags/xcom_dag.py
[2024-09-08T11:17:37.950+0000] {logging_mixin.py:190} INFO - [2024-09-08T11:17:37.950+0000] {dag.py:3211} INFO - Sync 1 DAGs
[2024-09-08T11:17:37.975+0000] {logging_mixin.py:190} INFO - [2024-09-08T11:17:37.975+0000] {dag.py:4138} INFO - Setting next_dagrun for xcom_dag to 2024-09-07 00:00:00+00:00, run_after=2024-09-08 00:00:00+00:00
[2024-09-08T11:17:38.017+0000] {processor.py:208} INFO - Processing /opt/airflow/dags/xcom_dag.py took 0.312 seconds
[2024-09-08T11:18:09.186+0000] {processor.py:186} INFO - Started process (PID=125) to work on /opt/airflow/dags/xcom_dag.py
[2024-09-08T11:18:09.189+0000] {processor.py:914} INFO - Processing file /opt/airflow/dags/xcom_dag.py for tasks to queue
[2024-09-08T11:18:09.192+0000] {logging_mixin.py:190} INFO - [2024-09-08T11:18:09.192+0000] {dagbag.py:587} INFO - Filling up the DagBag from /opt/airflow/dags/xcom_dag.py
[2024-09-08T11:18:09.230+0000] {processor.py:925} INFO - DAG(s) 'xcom_dag' retrieved from /opt/airflow/dags/xcom_dag.py
[2024-09-08T11:18:09.262+0000] {logging_mixin.py:190} INFO - [2024-09-08T11:18:09.262+0000] {dag.py:3211} INFO - Sync 1 DAGs
[2024-09-08T11:18:09.290+0000] {logging_mixin.py:190} INFO - [2024-09-08T11:18:09.289+0000] {dag.py:4138} INFO - Setting next_dagrun for xcom_dag to 2024-09-07 00:00:00+00:00, run_after=2024-09-08 00:00:00+00:00
[2024-09-08T11:18:09.332+0000] {processor.py:208} INFO - Processing /opt/airflow/dags/xcom_dag.py took 0.153 seconds
[2024-09-08T11:18:39.974+0000] {processor.py:186} INFO - Started process (PID=130) to work on /opt/airflow/dags/xcom_dag.py
[2024-09-08T11:18:39.976+0000] {processor.py:914} INFO - Processing file /opt/airflow/dags/xcom_dag.py for tasks to queue
[2024-09-08T11:18:39.979+0000] {logging_mixin.py:190} INFO - [2024-09-08T11:18:39.979+0000] {dagbag.py:587} INFO - Filling up the DagBag from /opt/airflow/dags/xcom_dag.py
[2024-09-08T11:18:40.012+0000] {processor.py:925} INFO - DAG(s) 'xcom_dag' retrieved from /opt/airflow/dags/xcom_dag.py
[2024-09-08T11:18:40.037+0000] {logging_mixin.py:190} INFO - [2024-09-08T11:18:40.037+0000] {dag.py:3211} INFO - Sync 1 DAGs
[2024-09-08T11:18:40.064+0000] {logging_mixin.py:190} INFO - [2024-09-08T11:18:40.064+0000] {dag.py:4138} INFO - Setting next_dagrun for xcom_dag to 2024-09-07 00:00:00+00:00, run_after=2024-09-08 00:00:00+00:00
[2024-09-08T11:18:40.102+0000] {processor.py:208} INFO - Processing /opt/airflow/dags/xcom_dag.py took 0.134 seconds
[2024-09-08T11:19:13.245+0000] {processor.py:186} INFO - Started process (PID=135) to work on /opt/airflow/dags/xcom_dag.py
[2024-09-08T11:19:13.247+0000] {processor.py:914} INFO - Processing file /opt/airflow/dags/xcom_dag.py for tasks to queue
[2024-09-08T11:19:13.252+0000] {logging_mixin.py:190} INFO - [2024-09-08T11:19:13.251+0000] {dagbag.py:587} INFO - Filling up the DagBag from /opt/airflow/dags/xcom_dag.py
[2024-09-08T11:19:13.291+0000] {processor.py:925} INFO - DAG(s) 'xcom_dag' retrieved from /opt/airflow/dags/xcom_dag.py
[2024-09-08T11:19:13.322+0000] {logging_mixin.py:190} INFO - [2024-09-08T11:19:13.322+0000] {dag.py:3211} INFO - Sync 1 DAGs
[2024-09-08T11:19:13.355+0000] {logging_mixin.py:190} INFO - [2024-09-08T11:19:13.355+0000] {dag.py:4138} INFO - Setting next_dagrun for xcom_dag to 2024-09-07 00:00:00+00:00, run_after=2024-09-08 00:00:00+00:00
[2024-09-08T11:19:13.395+0000] {processor.py:208} INFO - Processing /opt/airflow/dags/xcom_dag.py took 0.161 seconds
[2024-09-08T11:19:44.021+0000] {processor.py:186} INFO - Started process (PID=140) to work on /opt/airflow/dags/xcom_dag.py
[2024-09-08T11:19:44.023+0000] {processor.py:914} INFO - Processing file /opt/airflow/dags/xcom_dag.py for tasks to queue
[2024-09-08T11:19:44.026+0000] {logging_mixin.py:190} INFO - [2024-09-08T11:19:44.025+0000] {dagbag.py:587} INFO - Filling up the DagBag from /opt/airflow/dags/xcom_dag.py
[2024-09-08T11:19:44.050+0000] {processor.py:925} INFO - DAG(s) 'xcom_dag' retrieved from /opt/airflow/dags/xcom_dag.py
[2024-09-08T11:19:44.076+0000] {logging_mixin.py:190} INFO - [2024-09-08T11:19:44.076+0000] {dag.py:3211} INFO - Sync 1 DAGs
[2024-09-08T11:19:44.112+0000] {logging_mixin.py:190} INFO - [2024-09-08T11:19:44.112+0000] {dag.py:4138} INFO - Setting next_dagrun for xcom_dag to 2024-09-07 00:00:00+00:00, run_after=2024-09-08 00:00:00+00:00
[2024-09-08T11:19:44.154+0000] {processor.py:208} INFO - Processing /opt/airflow/dags/xcom_dag.py took 0.141 seconds
[2024-09-08T11:20:15.598+0000] {processor.py:186} INFO - Started process (PID=145) to work on /opt/airflow/dags/xcom_dag.py
[2024-09-08T11:20:15.600+0000] {processor.py:914} INFO - Processing file /opt/airflow/dags/xcom_dag.py for tasks to queue
[2024-09-08T11:20:15.604+0000] {logging_mixin.py:190} INFO - [2024-09-08T11:20:15.603+0000] {dagbag.py:587} INFO - Filling up the DagBag from /opt/airflow/dags/xcom_dag.py
[2024-09-08T11:20:15.640+0000] {processor.py:925} INFO - DAG(s) 'xcom_dag' retrieved from /opt/airflow/dags/xcom_dag.py
[2024-09-08T11:20:15.666+0000] {logging_mixin.py:190} INFO - [2024-09-08T11:20:15.666+0000] {dag.py:3211} INFO - Sync 1 DAGs
[2024-09-08T11:20:15.699+0000] {logging_mixin.py:190} INFO - [2024-09-08T11:20:15.699+0000] {dag.py:4138} INFO - Setting next_dagrun for xcom_dag to 2024-09-07 00:00:00+00:00, run_after=2024-09-08 00:00:00+00:00
[2024-09-08T11:20:15.739+0000] {processor.py:208} INFO - Processing /opt/airflow/dags/xcom_dag.py took 0.148 seconds
[2024-09-08T11:20:46.458+0000] {processor.py:186} INFO - Started process (PID=150) to work on /opt/airflow/dags/xcom_dag.py
[2024-09-08T11:20:46.460+0000] {processor.py:914} INFO - Processing file /opt/airflow/dags/xcom_dag.py for tasks to queue
[2024-09-08T11:20:46.463+0000] {logging_mixin.py:190} INFO - [2024-09-08T11:20:46.463+0000] {dagbag.py:587} INFO - Filling up the DagBag from /opt/airflow/dags/xcom_dag.py
[2024-09-08T11:20:46.501+0000] {processor.py:925} INFO - DAG(s) 'xcom_dag' retrieved from /opt/airflow/dags/xcom_dag.py
[2024-09-08T11:20:46.527+0000] {logging_mixin.py:190} INFO - [2024-09-08T11:20:46.527+0000] {dag.py:3211} INFO - Sync 1 DAGs
[2024-09-08T11:20:46.553+0000] {logging_mixin.py:190} INFO - [2024-09-08T11:20:46.553+0000] {dag.py:4138} INFO - Setting next_dagrun for xcom_dag to 2024-09-07 00:00:00+00:00, run_after=2024-09-08 00:00:00+00:00
[2024-09-08T11:20:46.593+0000] {processor.py:208} INFO - Processing /opt/airflow/dags/xcom_dag.py took 0.141 seconds
[2024-09-08T11:21:17.578+0000] {processor.py:186} INFO - Started process (PID=155) to work on /opt/airflow/dags/xcom_dag.py
[2024-09-08T11:21:17.579+0000] {processor.py:914} INFO - Processing file /opt/airflow/dags/xcom_dag.py for tasks to queue
[2024-09-08T11:21:17.582+0000] {logging_mixin.py:190} INFO - [2024-09-08T11:21:17.582+0000] {dagbag.py:587} INFO - Filling up the DagBag from /opt/airflow/dags/xcom_dag.py
[2024-09-08T11:21:17.614+0000] {processor.py:925} INFO - DAG(s) 'xcom_dag' retrieved from /opt/airflow/dags/xcom_dag.py
[2024-09-08T11:21:17.640+0000] {logging_mixin.py:190} INFO - [2024-09-08T11:21:17.640+0000] {dag.py:3211} INFO - Sync 1 DAGs
[2024-09-08T11:21:17.665+0000] {logging_mixin.py:190} INFO - [2024-09-08T11:21:17.664+0000] {dag.py:4138} INFO - Setting next_dagrun for xcom_dag to 2024-09-07 00:00:00+00:00, run_after=2024-09-08 00:00:00+00:00
[2024-09-08T11:21:17.707+0000] {processor.py:208} INFO - Processing /opt/airflow/dags/xcom_dag.py took 0.136 seconds
[2024-09-08T11:21:48.450+0000] {processor.py:186} INFO - Started process (PID=160) to work on /opt/airflow/dags/xcom_dag.py
[2024-09-08T11:21:48.452+0000] {processor.py:914} INFO - Processing file /opt/airflow/dags/xcom_dag.py for tasks to queue
[2024-09-08T11:21:48.456+0000] {logging_mixin.py:190} INFO - [2024-09-08T11:21:48.455+0000] {dagbag.py:587} INFO - Filling up the DagBag from /opt/airflow/dags/xcom_dag.py
[2024-09-08T11:21:48.491+0000] {processor.py:925} INFO - DAG(s) 'xcom_dag' retrieved from /opt/airflow/dags/xcom_dag.py
[2024-09-08T11:21:48.516+0000] {logging_mixin.py:190} INFO - [2024-09-08T11:21:48.516+0000] {dag.py:3211} INFO - Sync 1 DAGs
[2024-09-08T11:21:48.541+0000] {logging_mixin.py:190} INFO - [2024-09-08T11:21:48.541+0000] {dag.py:4138} INFO - Setting next_dagrun for xcom_dag to 2024-09-07 00:00:00+00:00, run_after=2024-09-08 00:00:00+00:00
[2024-09-08T11:21:48.580+0000] {processor.py:208} INFO - Processing /opt/airflow/dags/xcom_dag.py took 0.141 seconds
[2024-09-08T11:22:19.156+0000] {processor.py:186} INFO - Started process (PID=165) to work on /opt/airflow/dags/xcom_dag.py
[2024-09-08T11:22:19.158+0000] {processor.py:914} INFO - Processing file /opt/airflow/dags/xcom_dag.py for tasks to queue
[2024-09-08T11:22:19.161+0000] {logging_mixin.py:190} INFO - [2024-09-08T11:22:19.161+0000] {dagbag.py:587} INFO - Filling up the DagBag from /opt/airflow/dags/xcom_dag.py
[2024-09-08T11:22:19.193+0000] {processor.py:925} INFO - DAG(s) 'xcom_dag' retrieved from /opt/airflow/dags/xcom_dag.py
[2024-09-08T11:22:19.219+0000] {logging_mixin.py:190} INFO - [2024-09-08T11:22:19.218+0000] {dag.py:3211} INFO - Sync 1 DAGs
[2024-09-08T11:22:19.244+0000] {logging_mixin.py:190} INFO - [2024-09-08T11:22:19.243+0000] {dag.py:4138} INFO - Setting next_dagrun for xcom_dag to 2024-09-07 00:00:00+00:00, run_after=2024-09-08 00:00:00+00:00
[2024-09-08T11:22:19.284+0000] {processor.py:208} INFO - Processing /opt/airflow/dags/xcom_dag.py took 0.137 seconds
[2024-09-08T11:22:49.881+0000] {processor.py:186} INFO - Started process (PID=170) to work on /opt/airflow/dags/xcom_dag.py
[2024-09-08T11:22:49.882+0000] {processor.py:914} INFO - Processing file /opt/airflow/dags/xcom_dag.py for tasks to queue
[2024-09-08T11:22:49.887+0000] {logging_mixin.py:190} INFO - [2024-09-08T11:22:49.886+0000] {dagbag.py:587} INFO - Filling up the DagBag from /opt/airflow/dags/xcom_dag.py
[2024-09-08T11:22:49.924+0000] {processor.py:925} INFO - DAG(s) 'xcom_dag' retrieved from /opt/airflow/dags/xcom_dag.py
[2024-09-08T11:22:49.953+0000] {logging_mixin.py:190} INFO - [2024-09-08T11:22:49.953+0000] {dag.py:3211} INFO - Sync 1 DAGs
[2024-09-08T11:22:49.980+0000] {logging_mixin.py:190} INFO - [2024-09-08T11:22:49.979+0000] {dag.py:4138} INFO - Setting next_dagrun for xcom_dag to 2024-09-07 00:00:00+00:00, run_after=2024-09-08 00:00:00+00:00
[2024-09-08T11:22:50.020+0000] {processor.py:208} INFO - Processing /opt/airflow/dags/xcom_dag.py took 0.149 seconds
[2024-09-08T11:23:20.667+0000] {processor.py:186} INFO - Started process (PID=175) to work on /opt/airflow/dags/xcom_dag.py
[2024-09-08T11:23:20.669+0000] {processor.py:914} INFO - Processing file /opt/airflow/dags/xcom_dag.py for tasks to queue
[2024-09-08T11:23:20.672+0000] {logging_mixin.py:190} INFO - [2024-09-08T11:23:20.671+0000] {dagbag.py:587} INFO - Filling up the DagBag from /opt/airflow/dags/xcom_dag.py
[2024-09-08T11:23:20.704+0000] {processor.py:925} INFO - DAG(s) 'xcom_dag' retrieved from /opt/airflow/dags/xcom_dag.py
[2024-09-08T11:23:20.732+0000] {logging_mixin.py:190} INFO - [2024-09-08T11:23:20.732+0000] {dag.py:3211} INFO - Sync 1 DAGs
[2024-09-08T11:23:20.759+0000] {logging_mixin.py:190} INFO - [2024-09-08T11:23:20.759+0000] {dag.py:4138} INFO - Setting next_dagrun for xcom_dag to 2024-09-07 00:00:00+00:00, run_after=2024-09-08 00:00:00+00:00
[2024-09-08T11:23:20.804+0000] {processor.py:208} INFO - Processing /opt/airflow/dags/xcom_dag.py took 0.144 seconds
[2024-09-08T11:23:51.375+0000] {processor.py:186} INFO - Started process (PID=180) to work on /opt/airflow/dags/xcom_dag.py
[2024-09-08T11:23:51.377+0000] {processor.py:914} INFO - Processing file /opt/airflow/dags/xcom_dag.py for tasks to queue
[2024-09-08T11:23:51.380+0000] {logging_mixin.py:190} INFO - [2024-09-08T11:23:51.380+0000] {dagbag.py:587} INFO - Filling up the DagBag from /opt/airflow/dags/xcom_dag.py
[2024-09-08T11:23:51.410+0000] {processor.py:925} INFO - DAG(s) 'xcom_dag' retrieved from /opt/airflow/dags/xcom_dag.py
[2024-09-08T11:23:51.443+0000] {logging_mixin.py:190} INFO - [2024-09-08T11:23:51.442+0000] {dag.py:3211} INFO - Sync 1 DAGs
[2024-09-08T11:23:51.468+0000] {logging_mixin.py:190} INFO - [2024-09-08T11:23:51.468+0000] {dag.py:4138} INFO - Setting next_dagrun for xcom_dag to 2024-09-07 00:00:00+00:00, run_after=2024-09-08 00:00:00+00:00
[2024-09-08T11:23:51.510+0000] {processor.py:208} INFO - Processing /opt/airflow/dags/xcom_dag.py took 0.141 seconds
[2024-09-08T11:24:22.603+0000] {processor.py:186} INFO - Started process (PID=185) to work on /opt/airflow/dags/xcom_dag.py
[2024-09-08T11:24:22.604+0000] {processor.py:914} INFO - Processing file /opt/airflow/dags/xcom_dag.py for tasks to queue
[2024-09-08T11:24:22.607+0000] {logging_mixin.py:190} INFO - [2024-09-08T11:24:22.607+0000] {dagbag.py:587} INFO - Filling up the DagBag from /opt/airflow/dags/xcom_dag.py
[2024-09-08T11:24:22.640+0000] {processor.py:925} INFO - DAG(s) 'xcom_dag' retrieved from /opt/airflow/dags/xcom_dag.py
[2024-09-08T11:24:22.667+0000] {logging_mixin.py:190} INFO - [2024-09-08T11:24:22.667+0000] {dag.py:3211} INFO - Sync 1 DAGs
[2024-09-08T11:24:22.693+0000] {logging_mixin.py:190} INFO - [2024-09-08T11:24:22.693+0000] {dag.py:4138} INFO - Setting next_dagrun for xcom_dag to 2024-09-07 00:00:00+00:00, run_after=2024-09-08 00:00:00+00:00
[2024-09-08T11:24:22.736+0000] {processor.py:208} INFO - Processing /opt/airflow/dags/xcom_dag.py took 0.139 seconds
[2024-09-08T11:24:53.380+0000] {processor.py:186} INFO - Started process (PID=190) to work on /opt/airflow/dags/xcom_dag.py
[2024-09-08T11:24:53.382+0000] {processor.py:914} INFO - Processing file /opt/airflow/dags/xcom_dag.py for tasks to queue
[2024-09-08T11:24:53.385+0000] {logging_mixin.py:190} INFO - [2024-09-08T11:24:53.384+0000] {dagbag.py:587} INFO - Filling up the DagBag from /opt/airflow/dags/xcom_dag.py
[2024-09-08T11:24:53.416+0000] {processor.py:925} INFO - DAG(s) 'xcom_dag' retrieved from /opt/airflow/dags/xcom_dag.py
[2024-09-08T11:24:53.441+0000] {logging_mixin.py:190} INFO - [2024-09-08T11:24:53.441+0000] {dag.py:3211} INFO - Sync 1 DAGs
[2024-09-08T11:24:53.472+0000] {logging_mixin.py:190} INFO - [2024-09-08T11:24:53.471+0000] {dag.py:4138} INFO - Setting next_dagrun for xcom_dag to 2024-09-07 00:00:00+00:00, run_after=2024-09-08 00:00:00+00:00
[2024-09-08T11:24:53.513+0000] {processor.py:208} INFO - Processing /opt/airflow/dags/xcom_dag.py took 0.140 seconds
[2024-09-08T11:25:24.117+0000] {processor.py:186} INFO - Started process (PID=195) to work on /opt/airflow/dags/xcom_dag.py
[2024-09-08T11:25:24.119+0000] {processor.py:914} INFO - Processing file /opt/airflow/dags/xcom_dag.py for tasks to queue
[2024-09-08T11:25:24.122+0000] {logging_mixin.py:190} INFO - [2024-09-08T11:25:24.122+0000] {dagbag.py:587} INFO - Filling up the DagBag from /opt/airflow/dags/xcom_dag.py
[2024-09-08T11:25:24.155+0000] {processor.py:925} INFO - DAG(s) 'xcom_dag' retrieved from /opt/airflow/dags/xcom_dag.py
[2024-09-08T11:25:24.178+0000] {logging_mixin.py:190} INFO - [2024-09-08T11:25:24.178+0000] {dag.py:3211} INFO - Sync 1 DAGs
[2024-09-08T11:25:24.203+0000] {logging_mixin.py:190} INFO - [2024-09-08T11:25:24.203+0000] {dag.py:4138} INFO - Setting next_dagrun for xcom_dag to 2024-09-07 00:00:00+00:00, run_after=2024-09-08 00:00:00+00:00
[2024-09-08T11:25:24.245+0000] {processor.py:208} INFO - Processing /opt/airflow/dags/xcom_dag.py took 0.134 seconds
[2024-09-08T11:25:56.513+0000] {processor.py:186} INFO - Started process (PID=200) to work on /opt/airflow/dags/xcom_dag.py
[2024-09-08T11:25:56.514+0000] {processor.py:914} INFO - Processing file /opt/airflow/dags/xcom_dag.py for tasks to queue
[2024-09-08T11:25:56.517+0000] {logging_mixin.py:190} INFO - [2024-09-08T11:25:56.517+0000] {dagbag.py:587} INFO - Filling up the DagBag from /opt/airflow/dags/xcom_dag.py
[2024-09-08T11:25:56.549+0000] {processor.py:925} INFO - DAG(s) 'xcom_dag' retrieved from /opt/airflow/dags/xcom_dag.py
[2024-09-08T11:25:56.579+0000] {logging_mixin.py:190} INFO - [2024-09-08T11:25:56.579+0000] {dag.py:3211} INFO - Sync 1 DAGs
[2024-09-08T11:25:56.620+0000] {logging_mixin.py:190} INFO - [2024-09-08T11:25:56.620+0000] {dag.py:4138} INFO - Setting next_dagrun for xcom_dag to 2024-09-07 00:00:00+00:00, run_after=2024-09-08 00:00:00+00:00
[2024-09-08T11:25:56.665+0000] {processor.py:208} INFO - Processing /opt/airflow/dags/xcom_dag.py took 0.159 seconds
[2024-09-08T11:26:27.182+0000] {processor.py:186} INFO - Started process (PID=205) to work on /opt/airflow/dags/xcom_dag.py
[2024-09-08T11:26:27.183+0000] {processor.py:914} INFO - Processing file /opt/airflow/dags/xcom_dag.py for tasks to queue
[2024-09-08T11:26:27.187+0000] {logging_mixin.py:190} INFO - [2024-09-08T11:26:27.186+0000] {dagbag.py:587} INFO - Filling up the DagBag from /opt/airflow/dags/xcom_dag.py
[2024-09-08T11:26:27.220+0000] {processor.py:925} INFO - DAG(s) 'xcom_dag' retrieved from /opt/airflow/dags/xcom_dag.py
[2024-09-08T11:26:27.248+0000] {logging_mixin.py:190} INFO - [2024-09-08T11:26:27.247+0000] {dag.py:3211} INFO - Sync 1 DAGs
[2024-09-08T11:26:27.275+0000] {logging_mixin.py:190} INFO - [2024-09-08T11:26:27.275+0000] {dag.py:4138} INFO - Setting next_dagrun for xcom_dag to 2024-09-07 00:00:00+00:00, run_after=2024-09-08 00:00:00+00:00
[2024-09-08T11:26:27.319+0000] {processor.py:208} INFO - Processing /opt/airflow/dags/xcom_dag.py took 0.144 seconds
[2024-09-08T11:26:58.644+0000] {processor.py:186} INFO - Started process (PID=210) to work on /opt/airflow/dags/xcom_dag.py
[2024-09-08T11:26:58.646+0000] {processor.py:914} INFO - Processing file /opt/airflow/dags/xcom_dag.py for tasks to queue
[2024-09-08T11:26:58.649+0000] {logging_mixin.py:190} INFO - [2024-09-08T11:26:58.648+0000] {dagbag.py:587} INFO - Filling up the DagBag from /opt/airflow/dags/xcom_dag.py
[2024-09-08T11:26:58.680+0000] {processor.py:925} INFO - DAG(s) 'xcom_dag' retrieved from /opt/airflow/dags/xcom_dag.py
[2024-09-08T11:26:58.706+0000] {logging_mixin.py:190} INFO - [2024-09-08T11:26:58.706+0000] {dag.py:3211} INFO - Sync 1 DAGs
[2024-09-08T11:26:58.738+0000] {logging_mixin.py:190} INFO - [2024-09-08T11:26:58.738+0000] {dag.py:4138} INFO - Setting next_dagrun for xcom_dag to 2024-09-07 00:00:00+00:00, run_after=2024-09-08 00:00:00+00:00
[2024-09-08T11:26:58.823+0000] {processor.py:208} INFO - Processing /opt/airflow/dags/xcom_dag.py took 0.185 seconds
[2024-09-08T11:27:29.074+0000] {processor.py:186} INFO - Started process (PID=215) to work on /opt/airflow/dags/xcom_dag.py
[2024-09-08T11:27:29.076+0000] {processor.py:914} INFO - Processing file /opt/airflow/dags/xcom_dag.py for tasks to queue
[2024-09-08T11:27:29.083+0000] {logging_mixin.py:190} INFO - [2024-09-08T11:27:29.082+0000] {dagbag.py:587} INFO - Filling up the DagBag from /opt/airflow/dags/xcom_dag.py
[2024-09-08T11:27:29.128+0000] {processor.py:925} INFO - DAG(s) 'xcom_dag' retrieved from /opt/airflow/dags/xcom_dag.py
[2024-09-08T11:27:29.197+0000] {logging_mixin.py:190} INFO - [2024-09-08T11:27:29.197+0000] {dag.py:3211} INFO - Sync 1 DAGs
[2024-09-08T11:27:29.236+0000] {logging_mixin.py:190} INFO - [2024-09-08T11:27:29.236+0000] {dag.py:4138} INFO - Setting next_dagrun for xcom_dag to 2024-09-07 00:00:00+00:00, run_after=2024-09-08 00:00:00+00:00
[2024-09-08T11:27:29.283+0000] {processor.py:208} INFO - Processing /opt/airflow/dags/xcom_dag.py took 0.223 seconds
[2024-09-08T11:27:59.741+0000] {processor.py:186} INFO - Started process (PID=220) to work on /opt/airflow/dags/xcom_dag.py
[2024-09-08T11:27:59.742+0000] {processor.py:914} INFO - Processing file /opt/airflow/dags/xcom_dag.py for tasks to queue
[2024-09-08T11:27:59.749+0000] {logging_mixin.py:190} INFO - [2024-09-08T11:27:59.747+0000] {dagbag.py:587} INFO - Filling up the DagBag from /opt/airflow/dags/xcom_dag.py
[2024-09-08T11:27:59.800+0000] {processor.py:925} INFO - DAG(s) 'xcom_dag' retrieved from /opt/airflow/dags/xcom_dag.py
[2024-09-08T11:27:59.832+0000] {logging_mixin.py:190} INFO - [2024-09-08T11:27:59.832+0000] {dag.py:3211} INFO - Sync 1 DAGs
[2024-09-08T11:27:59.863+0000] {logging_mixin.py:190} INFO - [2024-09-08T11:27:59.863+0000] {dag.py:4138} INFO - Setting next_dagrun for xcom_dag to 2024-09-07 00:00:00+00:00, run_after=2024-09-08 00:00:00+00:00
[2024-09-08T11:27:59.907+0000] {processor.py:208} INFO - Processing /opt/airflow/dags/xcom_dag.py took 0.177 seconds
[2024-09-08T11:28:30.437+0000] {processor.py:186} INFO - Started process (PID=225) to work on /opt/airflow/dags/xcom_dag.py
[2024-09-08T11:28:30.440+0000] {processor.py:914} INFO - Processing file /opt/airflow/dags/xcom_dag.py for tasks to queue
[2024-09-08T11:28:30.446+0000] {logging_mixin.py:190} INFO - [2024-09-08T11:28:30.445+0000] {dagbag.py:587} INFO - Filling up the DagBag from /opt/airflow/dags/xcom_dag.py
[2024-09-08T11:28:30.489+0000] {processor.py:925} INFO - DAG(s) 'xcom_dag' retrieved from /opt/airflow/dags/xcom_dag.py
[2024-09-08T11:28:30.523+0000] {logging_mixin.py:190} INFO - [2024-09-08T11:28:30.523+0000] {dag.py:3211} INFO - Sync 1 DAGs
[2024-09-08T11:28:30.556+0000] {logging_mixin.py:190} INFO - [2024-09-08T11:28:30.555+0000] {dag.py:4138} INFO - Setting next_dagrun for xcom_dag to 2024-09-07 00:00:00+00:00, run_after=2024-09-08 00:00:00+00:00
[2024-09-08T11:28:30.596+0000] {processor.py:208} INFO - Processing /opt/airflow/dags/xcom_dag.py took 0.169 seconds
[2024-09-08T11:29:01.267+0000] {processor.py:186} INFO - Started process (PID=230) to work on /opt/airflow/dags/xcom_dag.py
[2024-09-08T11:29:01.269+0000] {processor.py:914} INFO - Processing file /opt/airflow/dags/xcom_dag.py for tasks to queue
[2024-09-08T11:29:01.274+0000] {logging_mixin.py:190} INFO - [2024-09-08T11:29:01.273+0000] {dagbag.py:587} INFO - Filling up the DagBag from /opt/airflow/dags/xcom_dag.py
[2024-09-08T11:29:01.306+0000] {processor.py:925} INFO - DAG(s) 'xcom_dag' retrieved from /opt/airflow/dags/xcom_dag.py
[2024-09-08T11:29:01.341+0000] {logging_mixin.py:190} INFO - [2024-09-08T11:29:01.341+0000] {dag.py:3211} INFO - Sync 1 DAGs
[2024-09-08T11:29:01.370+0000] {logging_mixin.py:190} INFO - [2024-09-08T11:29:01.370+0000] {dag.py:4138} INFO - Setting next_dagrun for xcom_dag to 2024-09-07 00:00:00+00:00, run_after=2024-09-08 00:00:00+00:00
[2024-09-08T11:29:01.409+0000] {processor.py:208} INFO - Processing /opt/airflow/dags/xcom_dag.py took 0.153 seconds
[2024-09-08T11:29:31.818+0000] {processor.py:186} INFO - Started process (PID=235) to work on /opt/airflow/dags/xcom_dag.py
[2024-09-08T11:29:31.819+0000] {processor.py:914} INFO - Processing file /opt/airflow/dags/xcom_dag.py for tasks to queue
[2024-09-08T11:29:31.822+0000] {logging_mixin.py:190} INFO - [2024-09-08T11:29:31.822+0000] {dagbag.py:587} INFO - Filling up the DagBag from /opt/airflow/dags/xcom_dag.py
[2024-09-08T11:29:31.845+0000] {processor.py:925} INFO - DAG(s) 'xcom_dag' retrieved from /opt/airflow/dags/xcom_dag.py
[2024-09-08T11:29:31.873+0000] {logging_mixin.py:190} INFO - [2024-09-08T11:29:31.873+0000] {dag.py:3211} INFO - Sync 1 DAGs
[2024-09-08T11:29:31.914+0000] {logging_mixin.py:190} INFO - [2024-09-08T11:29:31.914+0000] {dag.py:4138} INFO - Setting next_dagrun for xcom_dag to 2024-09-07 00:00:00+00:00, run_after=2024-09-08 00:00:00+00:00
[2024-09-08T11:29:31.959+0000] {processor.py:208} INFO - Processing /opt/airflow/dags/xcom_dag.py took 0.147 seconds
[2024-09-08T11:30:03.301+0000] {processor.py:186} INFO - Started process (PID=240) to work on /opt/airflow/dags/xcom_dag.py
[2024-09-08T11:30:03.302+0000] {processor.py:914} INFO - Processing file /opt/airflow/dags/xcom_dag.py for tasks to queue
[2024-09-08T11:30:03.305+0000] {logging_mixin.py:190} INFO - [2024-09-08T11:30:03.305+0000] {dagbag.py:587} INFO - Filling up the DagBag from /opt/airflow/dags/xcom_dag.py
[2024-09-08T11:30:03.340+0000] {processor.py:925} INFO - DAG(s) 'xcom_dag' retrieved from /opt/airflow/dags/xcom_dag.py
[2024-09-08T11:30:03.364+0000] {logging_mixin.py:190} INFO - [2024-09-08T11:30:03.364+0000] {dag.py:3211} INFO - Sync 1 DAGs
[2024-09-08T11:30:03.389+0000] {logging_mixin.py:190} INFO - [2024-09-08T11:30:03.389+0000] {dag.py:4138} INFO - Setting next_dagrun for xcom_dag to 2024-09-07 00:00:00+00:00, run_after=2024-09-08 00:00:00+00:00
[2024-09-08T11:30:03.429+0000] {processor.py:208} INFO - Processing /opt/airflow/dags/xcom_dag.py took 0.134 seconds
[2024-09-08T11:30:34.473+0000] {processor.py:186} INFO - Started process (PID=245) to work on /opt/airflow/dags/xcom_dag.py
[2024-09-08T11:30:34.474+0000] {processor.py:914} INFO - Processing file /opt/airflow/dags/xcom_dag.py for tasks to queue
[2024-09-08T11:30:34.478+0000] {logging_mixin.py:190} INFO - [2024-09-08T11:30:34.478+0000] {dagbag.py:587} INFO - Filling up the DagBag from /opt/airflow/dags/xcom_dag.py
[2024-09-08T11:30:34.513+0000] {processor.py:925} INFO - DAG(s) 'xcom_dag' retrieved from /opt/airflow/dags/xcom_dag.py
[2024-09-08T11:30:34.538+0000] {logging_mixin.py:190} INFO - [2024-09-08T11:30:34.538+0000] {dag.py:3211} INFO - Sync 1 DAGs
[2024-09-08T11:30:34.571+0000] {logging_mixin.py:190} INFO - [2024-09-08T11:30:34.570+0000] {dag.py:4138} INFO - Setting next_dagrun for xcom_dag to 2024-09-07 00:00:00+00:00, run_after=2024-09-08 00:00:00+00:00
[2024-09-08T11:30:34.612+0000] {processor.py:208} INFO - Processing /opt/airflow/dags/xcom_dag.py took 0.146 seconds
[2024-09-08T11:31:05.122+0000] {processor.py:186} INFO - Started process (PID=250) to work on /opt/airflow/dags/xcom_dag.py
[2024-09-08T11:31:05.124+0000] {processor.py:914} INFO - Processing file /opt/airflow/dags/xcom_dag.py for tasks to queue
[2024-09-08T11:31:05.127+0000] {logging_mixin.py:190} INFO - [2024-09-08T11:31:05.126+0000] {dagbag.py:587} INFO - Filling up the DagBag from /opt/airflow/dags/xcom_dag.py
[2024-09-08T11:31:05.164+0000] {processor.py:925} INFO - DAG(s) 'xcom_dag' retrieved from /opt/airflow/dags/xcom_dag.py
[2024-09-08T11:31:05.193+0000] {logging_mixin.py:190} INFO - [2024-09-08T11:31:05.193+0000] {dag.py:3211} INFO - Sync 1 DAGs
[2024-09-08T11:31:05.222+0000] {logging_mixin.py:190} INFO - [2024-09-08T11:31:05.221+0000] {dag.py:4138} INFO - Setting next_dagrun for xcom_dag to 2024-09-07 00:00:00+00:00, run_after=2024-09-08 00:00:00+00:00
[2024-09-08T11:31:05.268+0000] {processor.py:208} INFO - Processing /opt/airflow/dags/xcom_dag.py took 0.152 seconds
[2024-09-08T11:31:35.494+0000] {processor.py:186} INFO - Started process (PID=255) to work on /opt/airflow/dags/xcom_dag.py
[2024-09-08T11:31:35.495+0000] {processor.py:914} INFO - Processing file /opt/airflow/dags/xcom_dag.py for tasks to queue
[2024-09-08T11:31:35.499+0000] {logging_mixin.py:190} INFO - [2024-09-08T11:31:35.499+0000] {dagbag.py:587} INFO - Filling up the DagBag from /opt/airflow/dags/xcom_dag.py
[2024-09-08T11:31:35.529+0000] {processor.py:925} INFO - DAG(s) 'xcom_dag' retrieved from /opt/airflow/dags/xcom_dag.py
[2024-09-08T11:31:35.554+0000] {logging_mixin.py:190} INFO - [2024-09-08T11:31:35.554+0000] {dag.py:3211} INFO - Sync 1 DAGs
[2024-09-08T11:31:35.581+0000] {logging_mixin.py:190} INFO - [2024-09-08T11:31:35.581+0000] {dag.py:4138} INFO - Setting next_dagrun for xcom_dag to 2024-09-07 00:00:00+00:00, run_after=2024-09-08 00:00:00+00:00
[2024-09-08T11:31:35.622+0000] {processor.py:208} INFO - Processing /opt/airflow/dags/xcom_dag.py took 0.135 seconds
[2024-09-08T11:32:07.289+0000] {processor.py:186} INFO - Started process (PID=260) to work on /opt/airflow/dags/xcom_dag.py
[2024-09-08T11:32:07.293+0000] {processor.py:914} INFO - Processing file /opt/airflow/dags/xcom_dag.py for tasks to queue
[2024-09-08T11:32:07.298+0000] {logging_mixin.py:190} INFO - [2024-09-08T11:32:07.298+0000] {dagbag.py:587} INFO - Filling up the DagBag from /opt/airflow/dags/xcom_dag.py
[2024-09-08T11:32:07.334+0000] {processor.py:925} INFO - DAG(s) 'xcom_dag' retrieved from /opt/airflow/dags/xcom_dag.py
[2024-09-08T11:32:07.370+0000] {logging_mixin.py:190} INFO - [2024-09-08T11:32:07.370+0000] {dag.py:3211} INFO - Sync 1 DAGs
[2024-09-08T11:32:07.406+0000] {logging_mixin.py:190} INFO - [2024-09-08T11:32:07.405+0000] {dag.py:4138} INFO - Setting next_dagrun for xcom_dag to 2024-09-07 00:00:00+00:00, run_after=2024-09-08 00:00:00+00:00
[2024-09-08T11:32:07.448+0000] {processor.py:208} INFO - Processing /opt/airflow/dags/xcom_dag.py took 0.170 seconds
[2024-09-08T11:32:39.599+0000] {processor.py:186} INFO - Started process (PID=265) to work on /opt/airflow/dags/xcom_dag.py
[2024-09-08T11:32:39.601+0000] {processor.py:914} INFO - Processing file /opt/airflow/dags/xcom_dag.py for tasks to queue
[2024-09-08T11:32:39.606+0000] {logging_mixin.py:190} INFO - [2024-09-08T11:32:39.605+0000] {dagbag.py:587} INFO - Filling up the DagBag from /opt/airflow/dags/xcom_dag.py
[2024-09-08T11:32:39.647+0000] {processor.py:925} INFO - DAG(s) 'xcom_dag' retrieved from /opt/airflow/dags/xcom_dag.py
[2024-09-08T11:32:39.692+0000] {logging_mixin.py:190} INFO - [2024-09-08T11:32:39.692+0000] {dag.py:3211} INFO - Sync 1 DAGs
[2024-09-08T11:32:39.735+0000] {logging_mixin.py:190} INFO - [2024-09-08T11:32:39.735+0000] {dag.py:4138} INFO - Setting next_dagrun for xcom_dag to 2024-09-07 00:00:00+00:00, run_after=2024-09-08 00:00:00+00:00
[2024-09-08T11:32:39.776+0000] {processor.py:208} INFO - Processing /opt/airflow/dags/xcom_dag.py took 0.189 seconds
[2024-09-08T11:33:10.973+0000] {processor.py:186} INFO - Started process (PID=270) to work on /opt/airflow/dags/xcom_dag.py
[2024-09-08T11:33:10.978+0000] {processor.py:914} INFO - Processing file /opt/airflow/dags/xcom_dag.py for tasks to queue
[2024-09-08T11:33:10.989+0000] {logging_mixin.py:190} INFO - [2024-09-08T11:33:10.988+0000] {dagbag.py:587} INFO - Filling up the DagBag from /opt/airflow/dags/xcom_dag.py
[2024-09-08T11:33:11.063+0000] {processor.py:925} INFO - DAG(s) 'xcom_dag' retrieved from /opt/airflow/dags/xcom_dag.py
[2024-09-08T11:33:11.149+0000] {logging_mixin.py:190} INFO - [2024-09-08T11:33:11.149+0000] {dag.py:3211} INFO - Sync 1 DAGs
[2024-09-08T11:33:11.196+0000] {logging_mixin.py:190} INFO - [2024-09-08T11:33:11.196+0000] {dag.py:4138} INFO - Setting next_dagrun for xcom_dag to 2024-09-07 00:00:00+00:00, run_after=2024-09-08 00:00:00+00:00
[2024-09-08T11:33:11.774+0000] {processor.py:208} INFO - Processing /opt/airflow/dags/xcom_dag.py took 0.817 seconds
