[2024-09-08T08:58:59.175+0000] {manager.py:483} INFO - Processing files using up to 1 processes at a time 
[2024-09-08T08:58:59.190+0000] {manager.py:484} INFO - Process each file at most once every 30 seconds
[2024-09-08T08:58:59.191+0000] {manager.py:485} INFO - Checking for new files in /opt/airflow/dags every 300 seconds
[2024-09-08T08:58:59.195+0000] {manager.py:821} INFO - Searching for files in /opt/airflow/dags
[2024-09-08T08:58:59.385+0000] {manager.py:824} INFO - There are 4 files in /opt/airflow/dags
[2024-09-08T09:00:17.182+0000] {manager.py:997} INFO - 
================================================================================
DAG File Processing Stats

File Path                                        PID    Runtime      # DAGs    # Errors  Last Runtime    Last Run               Last # of DB Queries
-----------------------------------------------  -----  ---------  --------  ----------  --------------  -------------------  ----------------------
/opt/airflow/dags/d_1_batch_processing_spark.py                           0           1  73.94s          2024-09-08T09:00:15                       3
/opt/airflow/dags/example_bash_operator.py                                0           0                                                            0
/opt/airflow/dags/sample_dag.py                                           0           0                                                            0
/opt/airflow/dags/xcom_dag.py                                             0           0                                                            0
================================================================================
[2024-09-08T09:01:17.977+0000] {manager.py:997} INFO - 
================================================================================
DAG File Processing Stats

File Path                                        PID    Runtime      # DAGs    # Errors  Last Runtime    Last Run               Last # of DB Queries
-----------------------------------------------  -----  ---------  --------  ----------  --------------  -------------------  ----------------------
/opt/airflow/dags/d_1_batch_processing_spark.py                           0           1  73.94s          2024-09-08T09:00:15                       3
/opt/airflow/dags/example_bash_operator.py                                1           0  50.25s          2024-09-08T09:01:17                      26
/opt/airflow/dags/sample_dag.py                                           0           0                                                            0
/opt/airflow/dags/xcom_dag.py                                             0           0                                                            0
================================================================================
[2024-09-08T09:02:37.430+0000] {manager.py:997} INFO - 
================================================================================
DAG File Processing Stats

File Path                                        PID    Runtime      # DAGs    # Errors  Last Runtime    Last Run               Last # of DB Queries
-----------------------------------------------  -----  ---------  --------  ----------  --------------  -------------------  ----------------------
/opt/airflow/dags/d_1_batch_processing_spark.py                           0           1  73.94s          2024-09-08T09:00:15                       3
/opt/airflow/dags/example_bash_operator.py                                1           0  50.25s          2024-09-08T09:01:17                      26
/opt/airflow/dags/xcom_dag.py                                             1           0  22.16s          2024-09-08T09:02:37                      26
/opt/airflow/dags/sample_dag.py                                           1           0  21.90s          2024-09-08T09:01:48                      26
================================================================================
[2024-09-08T09:03:15.150+0000] {manager.py:997} INFO - 
================================================================================
DAG File Processing Stats

File Path                                        PID    Runtime      # DAGs    # Errors  Last Runtime    Last Run               Last # of DB Queries
-----------------------------------------------  -----  ---------  --------  ----------  --------------  -------------------  ----------------------
/opt/airflow/dags/xcom_dag.py                                             1           0  6.42s           2024-09-08T09:03:15                      12
/opt/airflow/dags/d_1_batch_processing_spark.py                           0           1  5.43s           2024-09-08T09:02:44                       5
/opt/airflow/dags/example_bash_operator.py                                1           0  0.41s           2024-09-08T09:02:45                      12
/opt/airflow/dags/sample_dag.py                                           1           0  0.32s           2024-09-08T09:02:47                      12
================================================================================
[2024-09-08T09:05:05.014+0000] {manager.py:997} INFO - 
================================================================================
DAG File Processing Stats

File Path                                        PID    Runtime      # DAGs    # Errors  Last Runtime    Last Run               Last # of DB Queries
-----------------------------------------------  -----  ---------  --------  ----------  --------------  -------------------  ----------------------
/opt/airflow/dags/d_1_batch_processing_spark.py                           0           1  102.44s         2024-09-08T09:05:03                       5
/opt/airflow/dags/xcom_dag.py                                             1           0  6.42s           2024-09-08T09:03:15                      12
/opt/airflow/dags/example_bash_operator.py                                1           0  0.41s           2024-09-08T09:02:45                      12
/opt/airflow/dags/sample_dag.py                                           1           0  0.32s           2024-09-08T09:02:47                      12
================================================================================
[2024-09-08T09:05:13.770+0000] {manager.py:821} INFO - Searching for files in /opt/airflow/dags
[2024-09-08T09:05:14.269+0000] {manager.py:824} INFO - There are 4 files in /opt/airflow/dags
[2024-09-08T09:06:28.191+0000] {manager.py:997} INFO - 
================================================================================
DAG File Processing Stats

File Path                                        PID    Runtime      # DAGs    # Errors  Last Runtime    Last Run               Last # of DB Queries
-----------------------------------------------  -----  ---------  --------  ----------  --------------  -------------------  ----------------------
/opt/airflow/dags/d_1_batch_processing_spark.py                           0           1  53.41s          2024-09-08T09:06:27                       5
/opt/airflow/dags/example_bash_operator.py                                1           0  10.54s          2024-09-08T09:05:26                      12
/opt/airflow/dags/xcom_dag.py                                             1           0  6.42s           2024-09-08T09:03:15                      12
/opt/airflow/dags/sample_dag.py                                           1           0  2.66s           2024-09-08T09:05:33                      12
================================================================================
[2024-09-08T09:07:10.690+0000] {manager.py:997} INFO - 
================================================================================
DAG File Processing Stats

File Path                                        PID    Runtime      # DAGs    # Errors  Last Runtime    Last Run               Last # of DB Queries
-----------------------------------------------  -----  ---------  --------  ----------  --------------  -------------------  ----------------------
/opt/airflow/dags/d_1_batch_processing_spark.py                           0           1  53.41s          2024-09-08T09:06:27                       5
/opt/airflow/dags/sample_dag.py                                           1           0  13.87s          2024-09-08T09:07:10                      12
/opt/airflow/dags/example_bash_operator.py                                1           0  7.68s           2024-09-08T09:06:53                      12
/opt/airflow/dags/xcom_dag.py                                             1           0  6.69s           2024-09-08T09:06:43                      12
================================================================================
[2024-09-08T09:09:17.303+0000] {manager.py:997} INFO - 
================================================================================
DAG File Processing Stats

File Path                                        PID    Runtime      # DAGs    # Errors  Last Runtime    Last Run               Last # of DB Queries
-----------------------------------------------  -----  ---------  --------  ----------  --------------  -------------------  ----------------------
/opt/airflow/dags/d_1_batch_processing_spark.py                           0           1  85.33s          2024-09-08T09:09:17                       5
/opt/airflow/dags/sample_dag.py                                           1           0  13.87s          2024-09-08T09:07:10                      12
/opt/airflow/dags/example_bash_operator.py                                1           0  7.68s           2024-09-08T09:06:53                      12
/opt/airflow/dags/xcom_dag.py                                             1           0  6.69s           2024-09-08T09:06:43                      12
================================================================================
[2024-09-08T09:11:49.584+0000] {manager.py:997} INFO - 
================================================================================
DAG File Processing Stats

File Path                                        PID    Runtime      # DAGs    # Errors  Last Runtime    Last Run               Last # of DB Queries
-----------------------------------------------  -----  ---------  --------  ----------  --------------  -------------------  ----------------------
/opt/airflow/dags/d_1_batch_processing_spark.py                           0           1  120.78s         2024-09-08T09:11:48                       5
/opt/airflow/dags/example_bash_operator.py                                1           0  4.04s           2024-09-08T09:09:26                      12
/opt/airflow/dags/sample_dag.py                                           1           0  3.55s           2024-09-08T09:09:31                      12
/opt/airflow/dags/xcom_dag.py                                             1           0  1.13s           2024-09-08T09:09:33                      12
================================================================================
[2024-09-08T09:12:02.321+0000] {manager.py:821} INFO - Searching for files in /opt/airflow/dags
[2024-09-08T09:12:02.474+0000] {manager.py:824} INFO - There are 4 files in /opt/airflow/dags
[2024-09-08T09:12:33.900+0000] {manager.py:997} INFO - 
================================================================================
DAG File Processing Stats

File Path                                        PID    Runtime      # DAGs    # Errors  Last Runtime    Last Run               Last # of DB Queries
-----------------------------------------------  -----  ---------  --------  ----------  --------------  -------------------  ----------------------
/opt/airflow/dags/d_1_batch_processing_spark.py                           0           1  13.78s          2024-09-08T09:12:33                       5
/opt/airflow/dags/example_bash_operator.py                                1           0  2.23s           2024-09-08T09:12:04                      12
/opt/airflow/dags/xcom_dag.py                                             1           0  0.61s           2024-09-08T09:12:07                      12
/opt/airflow/dags/sample_dag.py                                           1           0  0.41s           2024-09-08T09:12:06                      12
================================================================================
[2024-09-08T09:13:29.989+0000] {manager.py:997} INFO - 
================================================================================
DAG File Processing Stats

File Path                                        PID    Runtime      # DAGs    # Errors  Last Runtime    Last Run               Last # of DB Queries
-----------------------------------------------  -----  ---------  --------  ----------  --------------  -------------------  ----------------------
/opt/airflow/dags/d_1_batch_processing_spark.py                           0           1  23.75s          2024-09-08T09:13:29                       5
/opt/airflow/dags/example_bash_operator.py                                1           0  10.36s          2024-09-08T09:12:46                      12
/opt/airflow/dags/sample_dag.py                                           1           0  8.83s           2024-09-08T09:12:58                      12
/opt/airflow/dags/xcom_dag.py                                             1           0  1.74s           2024-09-08T09:13:03                      12
================================================================================
[2024-09-08T09:14:17.692+0000] {manager.py:997} INFO - 
================================================================================
DAG File Processing Stats

File Path                                        PID    Runtime      # DAGs    # Errors  Last Runtime    Last Run               Last # of DB Queries
-----------------------------------------------  -----  ---------  --------  ----------  --------------  -------------------  ----------------------
/opt/airflow/dags/d_1_batch_processing_spark.py                           0           1  17.65s          2024-09-08T09:14:17                       5
/opt/airflow/dags/example_bash_operator.py                                1           0  7.06s           2024-09-08T09:13:42                      12
/opt/airflow/dags/sample_dag.py                                           1           0  5.01s           2024-09-08T09:13:49                      12
/opt/airflow/dags/xcom_dag.py                                             1           0  0.83s           2024-09-08T09:13:51                      12
================================================================================
[2024-09-08T09:15:14.581+0000] {manager.py:997} INFO - 
================================================================================
DAG File Processing Stats

File Path                                        PID    Runtime      # DAGs    # Errors  Last Runtime    Last Run               Last # of DB Queries
-----------------------------------------------  -----  ---------  --------  ----------  --------------  -------------------  ----------------------
/opt/airflow/dags/d_1_batch_processing_spark.py                           0           1  25.88s          2024-09-08T09:15:14                       5
/opt/airflow/dags/xcom_dag.py                                             1           0  1.41s           2024-09-08T09:14:26                      12
/opt/airflow/dags/example_bash_operator.py                                1           0  0.92s           2024-09-08T09:14:22                      12
/opt/airflow/dags/sample_dag.py                                           1           0  0.32s           2024-09-08T09:14:23                      12
================================================================================
[2024-09-08T09:16:04.476+0000] {manager.py:997} INFO - 
================================================================================
DAG File Processing Stats

File Path                                        PID    Runtime      # DAGs    # Errors  Last Runtime    Last Run               Last # of DB Queries
-----------------------------------------------  -----  ---------  --------  ----------  --------------  -------------------  ----------------------
/opt/airflow/dags/d_1_batch_processing_spark.py                           0           1  19.36s          2024-09-08T09:16:04                       5
/opt/airflow/dags/example_bash_operator.py                                1           0  8.51s           2024-09-08T09:15:27                      12
/opt/airflow/dags/sample_dag.py                                           1           0  4.19s           2024-09-08T09:15:33                      12
/opt/airflow/dags/xcom_dag.py                                             1           0  3.68s           2024-09-08T09:15:39                      12
================================================================================
[2024-09-08T09:18:17.564+0000] {manager.py:997} INFO - 
================================================================================
DAG File Processing Stats

File Path                                        PID    Runtime      # DAGs    # Errors  Last Runtime    Last Run               Last # of DB Queries
-----------------------------------------------  -----  ---------  --------  ----------  --------------  -------------------  ----------------------
/opt/airflow/dags/d_1_batch_processing_spark.py                           0           1  100.40s         2024-09-08T09:18:15                       5
/opt/airflow/dags/xcom_dag.py                                             1           0  6.25s           2024-09-08T09:16:17                      12
/opt/airflow/dags/example_bash_operator.py                                1           0  1.64s           2024-09-08T09:16:08                      12
/opt/airflow/dags/sample_dag.py                                           1           0  0.72s           2024-09-08T09:16:10                      12
================================================================================
[2024-09-08T09:18:27.337+0000] {manager.py:821} INFO - Searching for files in /opt/airflow/dags
[2024-09-08T09:18:28.654+0000] {manager.py:824} INFO - There are 4 files in /opt/airflow/dags
[2024-09-08T09:18:49.515+0000] {manager.py:997} INFO - 
================================================================================
DAG File Processing Stats

File Path                                        PID    Runtime      # DAGs    # Errors  Last Runtime    Last Run               Last # of DB Queries
-----------------------------------------------  -----  ---------  --------  ----------  --------------  -------------------  ----------------------
/opt/airflow/dags/d_1_batch_processing_spark.py                           0           1  100.40s         2024-09-08T09:18:15                       5
/opt/airflow/dags/example_bash_operator.py                                1           0  9.92s           2024-09-08T09:18:39                      12
/opt/airflow/dags/sample_dag.py                                           1           0  6.85s           2024-09-08T09:18:49                      12
/opt/airflow/dags/xcom_dag.py                                             1           0  6.25s           2024-09-08T09:16:17                      12
================================================================================
[2024-09-08T09:19:29.825+0000] {manager.py:1146} ERROR - Processor for /opt/airflow/dags/d_1_batch_processing_spark.py exited with return code 1.
[2024-09-08T09:19:30.881+0000] {manager.py:997} INFO - 
================================================================================
DAG File Processing Stats

File Path                                        PID    Runtime      # DAGs    # Errors  Last Runtime    Last Run               Last # of DB Queries
-----------------------------------------------  -----  ---------  --------  ----------  --------------  -------------------  ----------------------
/opt/airflow/dags/d_1_batch_processing_spark.py                           0          -1  30.87s          2024-09-08T09:19:29                       0
/opt/airflow/dags/example_bash_operator.py                                1           0  9.92s           2024-09-08T09:18:39                      12
/opt/airflow/dags/sample_dag.py                                           1           0  6.85s           2024-09-08T09:18:49                      12
/opt/airflow/dags/xcom_dag.py                                             1           0  4.18s           2024-09-08T09:18:57                      12
================================================================================
[2024-09-08T09:20:55.020+0000] {manager.py:997} INFO - 
================================================================================
DAG File Processing Stats

File Path                                        PID    Runtime      # DAGs    # Errors  Last Runtime    Last Run               Last # of DB Queries
-----------------------------------------------  -----  ---------  --------  ----------  --------------  -------------------  ----------------------
/opt/airflow/dags/d_1_batch_processing_spark.py                           0           1  53.92s          2024-09-08T09:20:54                       5
/opt/airflow/dags/example_bash_operator.py                                1           0  3.04s           2024-09-08T09:19:36                      12
/opt/airflow/dags/xcom_dag.py                                             1           0  0.63s           2024-09-08T09:19:39                      12
/opt/airflow/dags/sample_dag.py                                           1           0  0.41s           2024-09-08T09:19:37                      12
================================================================================
[2024-09-08T09:23:24.999+0000] {manager.py:997} INFO - 
================================================================================
DAG File Processing Stats

File Path                                        PID    Runtime      # DAGs    # Errors  Last Runtime    Last Run               Last # of DB Queries
-----------------------------------------------  -----  ---------  --------  ----------  --------------  -------------------  ----------------------
/opt/airflow/dags/d_1_batch_processing_spark.py                           0           1  119.50s         2024-09-08T09:23:24                       5
/opt/airflow/dags/example_bash_operator.py                                1           0  2.97s           2024-09-08T09:21:04                      12
/opt/airflow/dags/xcom_dag.py                                             1           0  1.42s           2024-09-08T09:21:09                      12
/opt/airflow/dags/sample_dag.py                                           1           0  0.96s           2024-09-08T09:21:06                      12
================================================================================
[2024-09-08T09:23:32.008+0000] {manager.py:821} INFO - Searching for files in /opt/airflow/dags
[2024-09-08T09:23:32.214+0000] {manager.py:824} INFO - There are 4 files in /opt/airflow/dags
[2024-09-08T09:25:23.415+0000] {manager.py:997} INFO - 
================================================================================
DAG File Processing Stats

File Path                                        PID    Runtime      # DAGs    # Errors  Last Runtime    Last Run               Last # of DB Queries
-----------------------------------------------  -----  ---------  --------  ----------  --------------  -------------------  ----------------------
/opt/airflow/dags/d_1_batch_processing_spark.py                           0           1  87.03s          2024-09-08T09:25:23                       5
/opt/airflow/dags/xcom_dag.py                                             1           0  2.96s           2024-09-08T09:23:40                      12
/opt/airflow/dags/example_bash_operator.py                                1           0  2.03s           2024-09-08T09:23:34                      12
/opt/airflow/dags/sample_dag.py                                           1           0  0.71s           2024-09-08T09:23:35                      12
================================================================================
[2024-09-08T09:25:57.775+0000] {manager.py:997} INFO - 
================================================================================
DAG File Processing Stats

File Path                                        PID    Runtime      # DAGs    # Errors  Last Runtime    Last Run               Last # of DB Queries
-----------------------------------------------  -----  ---------  --------  ----------  --------------  -------------------  ----------------------
/opt/airflow/dags/d_1_batch_processing_spark.py                           0           1  87.03s          2024-09-08T09:25:23                       5
/opt/airflow/dags/xcom_dag.py                                             1           0  13.02s          2024-09-08T09:25:57                      12
/opt/airflow/dags/example_bash_operator.py                                1           0  6.46s           2024-09-08T09:25:40                      12
/opt/airflow/dags/sample_dag.py                                           1           0  1.52s           2024-09-08T09:25:42                      12
================================================================================
[2024-09-08T09:26:50.622+0000] {manager.py:997} INFO - 
================================================================================
DAG File Processing Stats

File Path                                        PID    Runtime      # DAGs    # Errors  Last Runtime    Last Run               Last # of DB Queries
-----------------------------------------------  -----  ---------  --------  ----------  --------------  -------------------  ----------------------
/opt/airflow/dags/d_1_batch_processing_spark.py                           0           1  47.67s          2024-09-08T09:26:50                       5
/opt/airflow/dags/xcom_dag.py                                             1           0  13.02s          2024-09-08T09:25:57                      12
/opt/airflow/dags/example_bash_operator.py                                1           0  6.46s           2024-09-08T09:25:40                      12
/opt/airflow/dags/sample_dag.py                                           1           0  1.52s           2024-09-08T09:25:42                      12
================================================================================
[2024-09-08T09:27:37.507+0000] {manager.py:997} INFO - 
================================================================================
DAG File Processing Stats

File Path                                        PID    Runtime      # DAGs    # Errors  Last Runtime    Last Run               Last # of DB Queries
-----------------------------------------------  -----  ---------  --------  ----------  --------------  -------------------  ----------------------
/opt/airflow/dags/d_1_batch_processing_spark.py                           0           1  47.67s          2024-09-08T09:26:50                       5
/opt/airflow/dags/xcom_dag.py                                             1           0  12.84s          2024-09-08T09:27:37                      12
/opt/airflow/dags/example_bash_operator.py                                1           0  7.11s           2024-09-08T09:27:05                      12
/opt/airflow/dags/sample_dag.py                                           1           0  7.07s           2024-09-08T09:27:19                      12
================================================================================
[2024-09-08T09:28:17.394+0000] {manager.py:1146} ERROR - Processor for /opt/airflow/dags/d_1_batch_processing_spark.py exited with return code 1.
[2024-09-08T09:28:17.828+0000] {manager.py:997} INFO - 
================================================================================
DAG File Processing Stats

File Path                                        PID    Runtime      # DAGs    # Errors  Last Runtime    Last Run               Last # of DB Queries
-----------------------------------------------  -----  ---------  --------  ----------  --------------  -------------------  ----------------------
/opt/airflow/dags/d_1_batch_processing_spark.py                           0          -1  32.86s          2024-09-08T09:28:17                       0
/opt/airflow/dags/xcom_dag.py                                             1           0  12.84s          2024-09-08T09:27:37                      12
/opt/airflow/dags/example_bash_operator.py                                1           0  7.11s           2024-09-08T09:27:05                      12
/opt/airflow/dags/sample_dag.py                                           1           0  7.07s           2024-09-08T09:27:19                      12
================================================================================
[2024-09-08T09:28:40.499+0000] {manager.py:465} INFO - Exiting gracefully upon receiving signal 15
[2024-09-08T11:04:30.375+0000] {manager.py:483} INFO - Processing files using up to 1 processes at a time 
[2024-09-08T11:04:30.377+0000] {manager.py:484} INFO - Process each file at most once every 30 seconds
[2024-09-08T11:04:30.380+0000] {manager.py:485} INFO - Checking for new files in /opt/airflow/dags every 300 seconds
[2024-09-08T11:04:30.382+0000] {manager.py:821} INFO - Searching for files in /opt/airflow/dags
[2024-09-08T11:04:30.738+0000] {manager.py:824} INFO - There are 4 files in /opt/airflow/dags
[2024-09-08T11:04:44.009+0000] {manager.py:997} INFO - 
================================================================================
DAG File Processing Stats

File Path                                        PID    Runtime      # DAGs    # Errors  Last Runtime    Last Run               Last # of DB Queries
-----------------------------------------------  -----  ---------  --------  ----------  --------------  -------------------  ----------------------
/opt/airflow/dags/d_1_batch_processing_spark.py                           0           1  12.57s          2024-09-08T11:04:43                       5
/opt/airflow/dags/example_bash_operator.py                                0           0                                                            0
/opt/airflow/dags/sample_dag.py                                           0           0                                                            0
/opt/airflow/dags/xcom_dag.py                                             0           0                                                            0
================================================================================
[2024-09-08T11:06:02.885+0000] {manager.py:997} INFO - 
================================================================================
DAG File Processing Stats

File Path                                        PID    Runtime      # DAGs    # Errors  Last Runtime    Last Run               Last # of DB Queries
-----------------------------------------------  -----  ---------  --------  ----------  --------------  -------------------  ----------------------
/opt/airflow/dags/d_1_batch_processing_spark.py                           0           1  47.07s          2024-09-08T11:06:02                       5
/opt/airflow/dags/xcom_dag.py                                             1           0  1.65s           2024-09-08T11:04:50                      12
/opt/airflow/dags/sample_dag.py                                           1           0  1.36s           2024-09-08T11:04:48                      12
/opt/airflow/dags/example_bash_operator.py                                1           0  0.53s           2024-09-08T11:04:45                      12
================================================================================
[2024-09-08T11:06:53.535+0000] {manager.py:997} INFO - 
================================================================================
DAG File Processing Stats

File Path                                        PID    Runtime      # DAGs    # Errors  Last Runtime    Last Run               Last # of DB Queries
-----------------------------------------------  -----  ---------  --------  ----------  --------------  -------------------  ----------------------
/opt/airflow/dags/d_1_batch_processing_spark.py                           0           1  19.93s          2024-09-08T11:06:53                       5
/opt/airflow/dags/example_bash_operator.py                                1           0  1.52s           2024-09-08T11:06:06                      12
/opt/airflow/dags/sample_dag.py                                           1           0  0.75s           2024-09-08T11:06:08                      12
/opt/airflow/dags/xcom_dag.py                                             1           0  0.21s           2024-09-08T11:06:10                      12
================================================================================
[2024-09-08T11:07:48.266+0000] {manager.py:997} INFO - 
================================================================================
DAG File Processing Stats

File Path                                        PID    Runtime      # DAGs    # Errors  Last Runtime    Last Run               Last # of DB Queries
-----------------------------------------------  -----  ---------  --------  ----------  --------------  -------------------  ----------------------
/opt/airflow/dags/d_1_batch_processing_spark.py                           0           1  23.72s          2024-09-08T11:07:48                       5
/opt/airflow/dags/example_bash_operator.py                                1           0  2.36s           2024-09-08T11:07:00                      12
/opt/airflow/dags/xcom_dag.py                                             1           0  2.02s           2024-09-08T11:07:05                      12
/opt/airflow/dags/sample_dag.py                                           1           0  0.75s           2024-09-08T11:07:02                      12
================================================================================
[2024-09-08T11:08:50.759+0000] {manager.py:1146} ERROR - Processor for /opt/airflow/dags/d_1_batch_processing_spark.py exited with return code 1.
[2024-09-08T11:08:50.998+0000] {manager.py:997} INFO - 
================================================================================
DAG File Processing Stats

File Path                                        PID    Runtime      # DAGs    # Errors  Last Runtime    Last Run               Last # of DB Queries
-----------------------------------------------  -----  ---------  --------  ----------  --------------  -------------------  ----------------------
/opt/airflow/dags/d_1_batch_processing_spark.py                           0          -1  31.44s          2024-09-08T11:08:50                       0
/opt/airflow/dags/example_bash_operator.py                                1           0  9.16s           2024-09-08T11:08:03                      12
/opt/airflow/dags/sample_dag.py                                           1           0  3.06s           2024-09-08T11:08:07                      12
/opt/airflow/dags/xcom_dag.py                                             1           0  2.07s           2024-09-08T11:08:10                      12
================================================================================
[2024-09-08T11:09:39.391+0000] {manager.py:997} INFO - 
================================================================================
DAG File Processing Stats

File Path                                        PID    Runtime      # DAGs    # Errors  Last Runtime    Last Run               Last # of DB Queries
-----------------------------------------------  -----  ---------  --------  ----------  --------------  -------------------  ----------------------
/opt/airflow/dags/d_1_batch_processing_spark.py                           0           1  18.31s          2024-09-08T11:09:39                       5
/opt/airflow/dags/xcom_dag.py                                             1           0  3.37s           2024-09-08T11:09:05                      12
/opt/airflow/dags/example_bash_operator.py                                1           0  2.65s           2024-09-08T11:08:58                      12
/opt/airflow/dags/sample_dag.py                                           1           0  2.30s           2024-09-08T11:09:01                      12
================================================================================
[2024-09-08T11:09:40.575+0000] {manager.py:821} INFO - Searching for files in /opt/airflow/dags
[2024-09-08T11:09:40.856+0000] {manager.py:824} INFO - There are 4 files in /opt/airflow/dags
[2024-09-08T11:10:14.149+0000] {manager.py:997} INFO - 
================================================================================
DAG File Processing Stats

File Path                                        PID    Runtime      # DAGs    # Errors  Last Runtime    Last Run               Last # of DB Queries
-----------------------------------------------  -----  ---------  --------  ----------  --------------  -------------------  ----------------------
/opt/airflow/dags/d_1_batch_processing_spark.py                           0           1  4.73s           2024-09-08T11:10:14                       5
/opt/airflow/dags/example_bash_operator.py                                1           0  0.61s           2024-09-08T11:09:41                      12
/opt/airflow/dags/xcom_dag.py                                             1           0  0.31s           2024-09-08T11:09:44                      12
/opt/airflow/dags/sample_dag.py                                           1           0  0.21s           2024-09-08T11:09:42                      12
================================================================================
[2024-09-08T11:11:05.164+0000] {manager.py:997} INFO - 
================================================================================
DAG File Processing Stats

File Path                                        PID    Runtime      # DAGs    # Errors  Last Runtime    Last Run               Last # of DB Queries
-----------------------------------------------  -----  ---------  --------  ----------  --------------  -------------------  ----------------------
/opt/airflow/dags/d_1_batch_processing_spark.py                           0           1  20.71s          2024-09-08T11:11:05                       5
/opt/airflow/dags/example_bash_operator.py                                1           0  0.61s           2024-09-08T11:10:15                      12
/opt/airflow/dags/sample_dag.py                                           1           0  0.40s           2024-09-08T11:10:17                      12
/opt/airflow/dags/xcom_dag.py                                             1           0  0.28s           2024-09-08T11:10:18                      12
================================================================================
[2024-09-08T11:12:33.340+0000] {manager.py:997} INFO - 
================================================================================
DAG File Processing Stats

File Path                                        PID    Runtime      # DAGs    # Errors  Last Runtime    Last Run               Last # of DB Queries
-----------------------------------------------  -----  ---------  --------  ----------  --------------  -------------------  ----------------------
/opt/airflow/dags/d_1_batch_processing_spark.py                           0           1  57.37s          2024-09-08T11:12:32                       5
/opt/airflow/dags/example_bash_operator.py                                1           0  1.43s           2024-09-08T11:11:08                      12
/opt/airflow/dags/sample_dag.py                                           1           0  0.64s           2024-09-08T11:11:08                      12
/opt/airflow/dags/xcom_dag.py                                             1           0  0.21s           2024-09-08T11:11:10                      12
================================================================================
[2024-09-08T11:13:29.540+0000] {manager.py:997} INFO - 
================================================================================
DAG File Processing Stats

File Path                                        PID    Runtime      # DAGs    # Errors  Last Runtime    Last Run               Last # of DB Queries
-----------------------------------------------  -----  ---------  --------  ----------  --------------  -------------------  ----------------------
/opt/airflow/dags/d_1_batch_processing_spark.py                           0           1  25.72s          2024-09-08T11:13:29                       5
/opt/airflow/dags/example_bash_operator.py                                1           0  4.31s           2024-09-08T11:12:44                      12
/opt/airflow/dags/sample_dag.py                                           1           0  1.31s           2024-09-08T11:12:46                      12
/opt/airflow/dags/xcom_dag.py                                             1           0  0.71s           2024-09-08T11:12:47                      12
================================================================================
[2024-09-08T11:14:07.071+0000] {manager.py:997} INFO - 
================================================================================
DAG File Processing Stats

File Path                                        PID    Runtime      # DAGs    # Errors  Last Runtime    Last Run               Last # of DB Queries
-----------------------------------------------  -----  ---------  --------  ----------  --------------  -------------------  ----------------------
/opt/airflow/dags/d_1_batch_processing_spark.py                           0           1  6.73s           2024-09-08T11:14:07                       5
/opt/airflow/dags/example_bash_operator.py                                1           0  1.58s           2024-09-08T11:13:32                      12
/opt/airflow/dags/sample_dag.py                                           1           0  0.51s           2024-09-08T11:13:34                      12
/opt/airflow/dags/xcom_dag.py                                             1           0  0.41s           2024-09-08T11:13:35                      12
================================================================================
[2024-09-08T11:14:42.213+0000] {manager.py:997} INFO - 
================================================================================
DAG File Processing Stats

File Path                                        PID    Runtime      # DAGs    # Errors  Last Runtime    Last Run               Last # of DB Queries
-----------------------------------------------  -----  ---------  --------  ----------  --------------  -------------------  ----------------------
/opt/airflow/dags/d_1_batch_processing_spark.py                           0           1  4.94s           2024-09-08T11:14:42                       5
/opt/airflow/dags/example_bash_operator.py                                1           0  1.01s           2024-09-08T11:14:09                      12
/opt/airflow/dags/sample_dag.py                                           1           0  0.51s           2024-09-08T11:14:10                      12
/opt/airflow/dags/xcom_dag.py                                             1           0  0.40s           2024-09-08T11:14:12                      12
================================================================================
[2024-09-08T11:14:43.526+0000] {manager.py:821} INFO - Searching for files in /opt/airflow/dags
[2024-09-08T11:14:43.829+0000] {manager.py:824} INFO - There are 4 files in /opt/airflow/dags
[2024-09-08T11:15:16.633+0000] {manager.py:997} INFO - 
================================================================================
DAG File Processing Stats

File Path                                        PID    Runtime      # DAGs    # Errors  Last Runtime    Last Run               Last # of DB Queries
-----------------------------------------------  -----  ---------  --------  ----------  --------------  -------------------  ----------------------
/opt/airflow/dags/d_1_batch_processing_spark.py                           0           1  4.18s           2024-09-08T11:15:16                       5
/opt/airflow/dags/sample_dag.py                                           1           0  0.41s           2024-09-08T11:14:45                      12
/opt/airflow/dags/example_bash_operator.py                                1           0  0.41s           2024-09-08T11:14:44                      12
/opt/airflow/dags/xcom_dag.py                                             1           0  0.41s           2024-09-08T11:14:47                      12
================================================================================
[2024-09-08T11:15:47.772+0000] {manager.py:997} INFO - 
================================================================================
DAG File Processing Stats

File Path                                        PID    Runtime      # DAGs    # Errors  Last Runtime    Last Run               Last # of DB Queries
-----------------------------------------------  -----  ---------  --------  ----------  --------------  -------------------  ----------------------
/opt/airflow/dags/example_bash_operator.py                                1           0  1.01s           2024-09-08T11:15:18                      12
/opt/airflow/dags/d_1_batch_processing_spark.py                           0           1  1.01s           2024-09-08T11:15:47                       5
/opt/airflow/dags/sample_dag.py                                           1           0  0.53s           2024-09-08T11:15:20                      12
/opt/airflow/dags/xcom_dag.py                                             1           0  0.41s           2024-09-08T11:15:21                      12
================================================================================
[2024-09-08T11:16:18.835+0000] {manager.py:997} INFO - 
================================================================================
DAG File Processing Stats

File Path                                        PID    Runtime      # DAGs    # Errors  Last Runtime    Last Run               Last # of DB Queries
-----------------------------------------------  -----  ---------  --------  ----------  --------------  -------------------  ----------------------
/opt/airflow/dags/d_1_batch_processing_spark.py                           0           1  0.92s           2024-09-08T11:16:18                       5
/opt/airflow/dags/example_bash_operator.py                                1           0  0.74s           2024-09-08T11:15:49                      12
/opt/airflow/dags/sample_dag.py                                           1           0  0.41s           2024-09-08T11:15:51                      12
/opt/airflow/dags/xcom_dag.py                                             1           0  0.41s           2024-09-08T11:15:52                      12
================================================================================
[2024-09-08T11:16:59.291+0000] {manager.py:997} INFO - 
================================================================================
DAG File Processing Stats

File Path                                        PID    Runtime      # DAGs    # Errors  Last Runtime    Last Run               Last # of DB Queries
-----------------------------------------------  -----  ---------  --------  ----------  --------------  -------------------  ----------------------
/opt/airflow/dags/d_1_batch_processing_spark.py                           0           1  10.28s          2024-09-08T11:16:59                       5
/opt/airflow/dags/sample_dag.py                                           1           0  0.41s           2024-09-08T11:16:21                      12
/opt/airflow/dags/example_bash_operator.py                                1           0  0.41s           2024-09-08T11:16:20                      12
/opt/airflow/dags/xcom_dag.py                                             1           0  0.41s           2024-09-08T11:16:23                      12
================================================================================
[2024-09-08T11:17:32.803+0000] {manager.py:997} INFO - 
================================================================================
DAG File Processing Stats

File Path                                        PID    Runtime      # DAGs    # Errors  Last Runtime    Last Run               Last # of DB Queries
-----------------------------------------------  -----  ---------  --------  ----------  --------------  -------------------  ----------------------
/opt/airflow/dags/d_1_batch_processing_spark.py                           0           1  3.32s           2024-09-08T11:17:32                       5
/opt/airflow/dags/example_bash_operator.py                                1           0  2.63s           2024-09-08T11:17:03                      12
/opt/airflow/dags/sample_dag.py                                           1           0  1.35s           2024-09-08T11:17:05                      12
/opt/airflow/dags/xcom_dag.py                                             1           0  0.45s           2024-09-08T11:17:07                      12
================================================================================
[2024-09-08T11:18:03.698+0000] {manager.py:997} INFO - 
================================================================================
DAG File Processing Stats

File Path                                        PID    Runtime      # DAGs    # Errors  Last Runtime    Last Run               Last # of DB Queries
-----------------------------------------------  -----  ---------  --------  ----------  --------------  -------------------  ----------------------
/opt/airflow/dags/example_bash_operator.py                                1           0  1.12s           2024-09-08T11:17:35                      12
/opt/airflow/dags/d_1_batch_processing_spark.py                           0           1  0.71s           2024-09-08T11:18:03                       5
/opt/airflow/dags/sample_dag.py                                           1           0  0.51s           2024-09-08T11:17:36                      12
/opt/airflow/dags/xcom_dag.py                                             1           0  0.41s           2024-09-08T11:17:38                      12
================================================================================
[2024-09-08T11:18:36.837+0000] {manager.py:997} INFO - 
================================================================================
DAG File Processing Stats

File Path                                        PID    Runtime      # DAGs    # Errors  Last Runtime    Last Run               Last # of DB Queries
-----------------------------------------------  -----  ---------  --------  ----------  --------------  -------------------  ----------------------
/opt/airflow/dags/d_1_batch_processing_spark.py                           0           1  2.61s           2024-09-08T11:18:36                       5
/opt/airflow/dags/example_bash_operator.py                                1           0  0.61s           2024-09-08T11:18:05                      12
/opt/airflow/dags/xcom_dag.py                                             1           0  0.21s           2024-09-08T11:18:09                      12
/opt/airflow/dags/sample_dag.py                                           1           0  0.21s           2024-09-08T11:18:07                      12
================================================================================
[2024-09-08T11:19:09.489+0000] {manager.py:997} INFO - 
================================================================================
DAG File Processing Stats

File Path                                        PID    Runtime      # DAGs    # Errors  Last Runtime    Last Run               Last # of DB Queries
-----------------------------------------------  -----  ---------  --------  ----------  --------------  -------------------  ----------------------
/opt/airflow/dags/d_1_batch_processing_spark.py                           0           1  2.51s           2024-09-08T11:19:09                       5
/opt/airflow/dags/example_bash_operator.py                                1           0  0.21s           2024-09-08T11:18:37                      12
/opt/airflow/dags/sample_dag.py                                           1           0  0.21s           2024-09-08T11:18:38                      12
/opt/airflow/dags/xcom_dag.py                                             1           0  0.21s           2024-09-08T11:18:40                      12
================================================================================
[2024-09-08T11:19:40.325+0000] {manager.py:997} INFO - 
================================================================================
DAG File Processing Stats

File Path                                        PID    Runtime      # DAGs    # Errors  Last Runtime    Last Run               Last # of DB Queries
-----------------------------------------------  -----  ---------  --------  ----------  --------------  -------------------  ----------------------
/opt/airflow/dags/d_1_batch_processing_spark.py                           0           1  0.71s           2024-09-08T11:19:40                       5
/opt/airflow/dags/sample_dag.py                                           1           0  0.31s           2024-09-08T11:19:12                      12
/opt/airflow/dags/example_bash_operator.py                                1           0  0.21s           2024-09-08T11:19:10                      12
/opt/airflow/dags/xcom_dag.py                                             1           0  0.21s           2024-09-08T11:19:13                      12
================================================================================
[2024-09-08T11:19:43.839+0000] {manager.py:821} INFO - Searching for files in /opt/airflow/dags
[2024-09-08T11:19:43.948+0000] {manager.py:824} INFO - There are 4 files in /opt/airflow/dags
[2024-09-08T11:20:11.173+0000] {manager.py:997} INFO - 
================================================================================
DAG File Processing Stats

File Path                                        PID    Runtime      # DAGs    # Errors  Last Runtime    Last Run               Last # of DB Queries
-----------------------------------------------  -----  ---------  --------  ----------  --------------  -------------------  ----------------------
/opt/airflow/dags/d_1_batch_processing_spark.py                           0           1  0.72s           2024-09-08T11:20:11                       5
/opt/airflow/dags/example_bash_operator.py                                1           0  0.31s           2024-09-08T11:19:41                      12
/opt/airflow/dags/xcom_dag.py                                             1           0  0.21s           2024-09-08T11:19:44                      12
/opt/airflow/dags/sample_dag.py                                           1           0  0.21s           2024-09-08T11:19:42                      12
================================================================================
[2024-09-08T11:20:41.926+0000] {manager.py:997} INFO - 
================================================================================
DAG File Processing Stats

File Path                                        PID    Runtime      # DAGs    # Errors  Last Runtime    Last Run               Last # of DB Queries
-----------------------------------------------  -----  ---------  --------  ----------  --------------  -------------------  ----------------------
/opt/airflow/dags/example_bash_operator.py                                1           0  0.93s           2024-09-08T11:20:13                      12
/opt/airflow/dags/d_1_batch_processing_spark.py                           0           1  0.62s           2024-09-08T11:20:41                       5
/opt/airflow/dags/xcom_dag.py                                             1           0  0.21s           2024-09-08T11:20:15                      12
/opt/airflow/dags/sample_dag.py                                           1           0  0.21s           2024-09-08T11:20:14                      12
================================================================================
[2024-09-08T11:21:12.766+0000] {manager.py:997} INFO - 
================================================================================
DAG File Processing Stats

File Path                                        PID    Runtime      # DAGs    # Errors  Last Runtime    Last Run               Last # of DB Queries
-----------------------------------------------  -----  ---------  --------  ----------  --------------  -------------------  ----------------------
/opt/airflow/dags/d_1_batch_processing_spark.py                           0           1  0.72s           2024-09-08T11:21:12                       5
/opt/airflow/dags/sample_dag.py                                           1           0  0.21s           2024-09-08T11:20:45                      12
/opt/airflow/dags/example_bash_operator.py                                1           0  0.21s           2024-09-08T11:20:44                      12
/opt/airflow/dags/xcom_dag.py                                             1           0  0.21s           2024-09-08T11:20:46                      12
================================================================================
[2024-09-08T11:21:43.603+0000] {manager.py:997} INFO - 
================================================================================
DAG File Processing Stats

File Path                                        PID    Runtime      # DAGs    # Errors  Last Runtime    Last Run               Last # of DB Queries
-----------------------------------------------  -----  ---------  --------  ----------  --------------  -------------------  ----------------------
/opt/airflow/dags/d_1_batch_processing_spark.py                           0           1  0.72s           2024-09-08T11:21:43                       5
/opt/airflow/dags/sample_dag.py                                           1           0  0.31s           2024-09-08T11:21:16                      12
/opt/airflow/dags/example_bash_operator.py                                1           0  0.21s           2024-09-08T11:21:15                      12
/opt/airflow/dags/xcom_dag.py                                             1           0  0.21s           2024-09-08T11:21:17                      12
================================================================================
[2024-09-08T11:22:14.339+0000] {manager.py:997} INFO - 
================================================================================
DAG File Processing Stats

File Path                                        PID    Runtime      # DAGs    # Errors  Last Runtime    Last Run               Last # of DB Queries
-----------------------------------------------  -----  ---------  --------  ----------  --------------  -------------------  ----------------------
/opt/airflow/dags/d_1_batch_processing_spark.py                           0           1  0.62s           2024-09-08T11:22:14                       5
/opt/airflow/dags/sample_dag.py                                           1           0  0.31s           2024-09-08T11:21:47                      12
/opt/airflow/dags/example_bash_operator.py                                1           0  0.21s           2024-09-08T11:21:45                      12
/opt/airflow/dags/xcom_dag.py                                             1           0  0.21s           2024-09-08T11:21:48                      12
================================================================================
[2024-09-08T11:22:45.175+0000] {manager.py:997} INFO - 
================================================================================
DAG File Processing Stats

File Path                                        PID    Runtime      # DAGs    # Errors  Last Runtime    Last Run               Last # of DB Queries
-----------------------------------------------  -----  ---------  --------  ----------  --------------  -------------------  ----------------------
/opt/airflow/dags/d_1_batch_processing_spark.py                           0           1  0.71s           2024-09-08T11:22:45                       5
/opt/airflow/dags/example_bash_operator.py                                1           0  0.31s           2024-09-08T11:22:16                      12
/opt/airflow/dags/sample_dag.py                                           1           0  0.21s           2024-09-08T11:22:18                      12
/opt/airflow/dags/xcom_dag.py                                             1           0  0.21s           2024-09-08T11:22:19                      12
================================================================================
[2024-09-08T11:23:15.944+0000] {manager.py:997} INFO - 
================================================================================
DAG File Processing Stats

File Path                                        PID    Runtime      # DAGs    # Errors  Last Runtime    Last Run               Last # of DB Queries
-----------------------------------------------  -----  ---------  --------  ----------  --------------  -------------------  ----------------------
/opt/airflow/dags/d_1_batch_processing_spark.py                           0           1  0.62s           2024-09-08T11:23:15                       5
/opt/airflow/dags/sample_dag.py                                           1           0  0.21s           2024-09-08T11:22:48                      12
/opt/airflow/dags/example_bash_operator.py                                1           0  0.21s           2024-09-08T11:22:47                      12
/opt/airflow/dags/xcom_dag.py                                             1           0  0.21s           2024-09-08T11:22:50                      12
================================================================================
[2024-09-08T11:23:46.582+0000] {manager.py:997} INFO - 
================================================================================
DAG File Processing Stats

File Path                                        PID    Runtime      # DAGs    # Errors  Last Runtime    Last Run               Last # of DB Queries
-----------------------------------------------  -----  ---------  --------  ----------  --------------  -------------------  ----------------------
/opt/airflow/dags/d_1_batch_processing_spark.py                           0           1  0.51s           2024-09-08T11:23:46                       5
/opt/airflow/dags/sample_dag.py                                           1           0  0.21s           2024-09-08T11:23:19                      12
/opt/airflow/dags/xcom_dag.py                                             1           0  0.21s           2024-09-08T11:23:20                      12
/opt/airflow/dags/example_bash_operator.py                                1           0  0.21s           2024-09-08T11:23:18                      12
================================================================================
[2024-09-08T11:24:17.492+0000] {manager.py:997} INFO - 
================================================================================
DAG File Processing Stats

File Path                                        PID    Runtime      # DAGs    # Errors  Last Runtime    Last Run               Last # of DB Queries
-----------------------------------------------  -----  ---------  --------  ----------  --------------  -------------------  ----------------------
/opt/airflow/dags/d_1_batch_processing_spark.py                           0           1  0.74s           2024-09-08T11:24:17                       5
/opt/airflow/dags/sample_dag.py                                           1           0  0.31s           2024-09-08T11:23:50                      12
/opt/airflow/dags/example_bash_operator.py                                1           0  0.21s           2024-09-08T11:23:48                      12
/opt/airflow/dags/xcom_dag.py                                             1           0  0.21s           2024-09-08T11:23:51                      12
================================================================================
[2024-09-08T11:24:44.794+0000] {manager.py:821} INFO - Searching for files in /opt/airflow/dags
[2024-09-08T11:24:44.866+0000] {manager.py:824} INFO - There are 4 files in /opt/airflow/dags
[2024-09-08T11:24:48.267+0000] {manager.py:997} INFO - 
================================================================================
DAG File Processing Stats

File Path                                        PID    Runtime      # DAGs    # Errors  Last Runtime    Last Run               Last # of DB Queries
-----------------------------------------------  -----  ---------  --------  ----------  --------------  -------------------  ----------------------
/opt/airflow/dags/example_bash_operator.py                                1           0  1.11s           2024-09-08T11:24:20                      12
/opt/airflow/dags/d_1_batch_processing_spark.py                           0           1  0.61s           2024-09-08T11:24:48                       5
/opt/airflow/dags/sample_dag.py                                           1           0  0.21s           2024-09-08T11:24:22                      12
/opt/airflow/dags/xcom_dag.py                                             1           0  0.21s           2024-09-08T11:24:22                      12
================================================================================
[2024-09-08T11:25:19.000+0000] {manager.py:997} INFO - 
================================================================================
DAG File Processing Stats

File Path                                        PID    Runtime      # DAGs    # Errors  Last Runtime    Last Run               Last # of DB Queries
-----------------------------------------------  -----  ---------  --------  ----------  --------------  -------------------  ----------------------
/opt/airflow/dags/d_1_batch_processing_spark.py                           0           1  0.61s           2024-09-08T11:25:18                       5
/opt/airflow/dags/example_bash_operator.py                                1           0  0.31s           2024-09-08T11:24:51                      12
/opt/airflow/dags/xcom_dag.py                                             1           0  0.21s           2024-09-08T11:24:53                      12
/opt/airflow/dags/sample_dag.py                                           1           0  0.21s           2024-09-08T11:24:53                      12
================================================================================
[2024-09-08T11:25:50.110+0000] {manager.py:997} INFO - 
================================================================================
DAG File Processing Stats

File Path                                        PID    Runtime      # DAGs    # Errors  Last Runtime    Last Run               Last # of DB Queries
-----------------------------------------------  -----  ---------  --------  ----------  --------------  -------------------  ----------------------
/opt/airflow/dags/d_1_batch_processing_spark.py                           0           1  1.01s           2024-09-08T11:25:50                       5
/opt/airflow/dags/example_bash_operator.py                                1           0  0.25s           2024-09-08T11:25:22                      12
/opt/airflow/dags/xcom_dag.py                                             1           0  0.23s           2024-09-08T11:25:24                      12
/opt/airflow/dags/sample_dag.py                                           1           0  0.21s           2024-09-08T11:25:23                      12
================================================================================
[2024-09-08T11:26:20.786+0000] {manager.py:997} INFO - 
================================================================================
DAG File Processing Stats

File Path                                        PID    Runtime      # DAGs    # Errors  Last Runtime    Last Run               Last # of DB Queries
-----------------------------------------------  -----  ---------  --------  ----------  --------------  -------------------  ----------------------
/opt/airflow/dags/example_bash_operator.py                                1           0  0.91s           2024-09-08T11:25:54                      12
/opt/airflow/dags/d_1_batch_processing_spark.py                           0           1  0.51s           2024-09-08T11:26:20                       5
/opt/airflow/dags/sample_dag.py                                           1           0  0.21s           2024-09-08T11:25:55                      12
/opt/airflow/dags/xcom_dag.py                                             1           0  0.21s           2024-09-08T11:25:56                      12
================================================================================
[2024-09-08T11:26:51.756+0000] {manager.py:997} INFO - 
================================================================================
DAG File Processing Stats

File Path                                        PID    Runtime      # DAGs    # Errors  Last Runtime    Last Run               Last # of DB Queries
-----------------------------------------------  -----  ---------  --------  ----------  --------------  -------------------  ----------------------
/opt/airflow/dags/d_1_batch_processing_spark.py                           0           1  0.81s           2024-09-08T11:26:51                       5
/opt/airflow/dags/example_bash_operator.py                                1           0  0.21s           2024-09-08T11:26:25                      12
/opt/airflow/dags/xcom_dag.py                                             1           0  0.21s           2024-09-08T11:26:27                      12
/opt/airflow/dags/sample_dag.py                                           1           0  0.21s           2024-09-08T11:26:26                      12
================================================================================
[2024-09-08T11:27:25.229+0000] {manager.py:997} INFO - 
================================================================================
DAG File Processing Stats

File Path                                        PID    Runtime      # DAGs    # Errors  Last Runtime    Last Run               Last # of DB Queries
-----------------------------------------------  -----  ---------  --------  ----------  --------------  -------------------  ----------------------
/opt/airflow/dags/d_1_batch_processing_spark.py                           0           1  2.81s           2024-09-08T11:27:25                       5
/opt/airflow/dags/example_bash_operator.py                                1           0  0.81s           2024-09-08T11:26:56                      12
/opt/airflow/dags/xcom_dag.py                                             1           0  0.31s           2024-09-08T11:26:58                      12
/opt/airflow/dags/sample_dag.py                                           1           0  0.21s           2024-09-08T11:26:57                      12
================================================================================
[2024-09-08T11:27:56.045+0000] {manager.py:997} INFO - 
================================================================================
DAG File Processing Stats

File Path                                        PID    Runtime      # DAGs    # Errors  Last Runtime    Last Run               Last # of DB Queries
-----------------------------------------------  -----  ---------  --------  ----------  --------------  -------------------  ----------------------
/opt/airflow/dags/d_1_batch_processing_spark.py                           0           1  0.61s           2024-09-08T11:27:56                       5
/opt/airflow/dags/example_bash_operator.py                                1           0  0.31s           2024-09-08T11:27:26                      12
/opt/airflow/dags/xcom_dag.py                                             1           0  0.31s           2024-09-08T11:27:29                      12
/opt/airflow/dags/sample_dag.py                                           1           0  0.21s           2024-09-08T11:27:27                      12
================================================================================
[2024-09-08T11:28:26.743+0000] {manager.py:997} INFO - 
================================================================================
DAG File Processing Stats

File Path                                        PID    Runtime      # DAGs    # Errors  Last Runtime    Last Run               Last # of DB Queries
-----------------------------------------------  -----  ---------  --------  ----------  --------------  -------------------  ----------------------
/opt/airflow/dags/d_1_batch_processing_spark.py                           0           1  0.51s           2024-09-08T11:28:26                       5
/opt/airflow/dags/xcom_dag.py                                             1           0  0.31s           2024-09-08T11:28:00                      12
/opt/airflow/dags/sample_dag.py                                           1           0  0.21s           2024-09-08T11:27:58                      12
/opt/airflow/dags/example_bash_operator.py                                1           0  0.21s           2024-09-08T11:27:57                      12
================================================================================
[2024-09-08T11:28:57.479+0000] {manager.py:997} INFO - 
================================================================================
DAG File Processing Stats

File Path                                        PID    Runtime      # DAGs    # Errors  Last Runtime    Last Run               Last # of DB Queries
-----------------------------------------------  -----  ---------  --------  ----------  --------------  -------------------  ----------------------
/opt/airflow/dags/d_1_batch_processing_spark.py                           0           1  0.61s           2024-09-08T11:28:57                       5
/opt/airflow/dags/example_bash_operator.py                                1           0  0.21s           2024-09-08T11:28:28                      12
/opt/airflow/dags/xcom_dag.py                                             1           0  0.21s           2024-09-08T11:28:30                      12
/opt/airflow/dags/sample_dag.py                                           1           0  0.21s           2024-09-08T11:28:29                      12
================================================================================
[2024-09-08T11:29:28.145+0000] {manager.py:997} INFO - 
================================================================================
DAG File Processing Stats

File Path                                        PID    Runtime      # DAGs    # Errors  Last Runtime    Last Run               Last # of DB Queries
-----------------------------------------------  -----  ---------  --------  ----------  --------------  -------------------  ----------------------
/opt/airflow/dags/d_1_batch_processing_spark.py                           0           1  0.51s           2024-09-08T11:29:28                       5
/opt/airflow/dags/example_bash_operator.py                                1           0  0.31s           2024-09-08T11:28:58                      12
/opt/airflow/dags/sample_dag.py                                           1           0  0.21s           2024-09-08T11:29:00                      12
/opt/airflow/dags/xcom_dag.py                                             1           0  0.21s           2024-09-08T11:29:01                      12
================================================================================
[2024-09-08T11:29:44.951+0000] {manager.py:821} INFO - Searching for files in /opt/airflow/dags
[2024-09-08T11:29:45.015+0000] {manager.py:824} INFO - There are 4 files in /opt/airflow/dags
[2024-09-08T11:29:58.943+0000] {manager.py:997} INFO - 
================================================================================
DAG File Processing Stats

File Path                                        PID    Runtime      # DAGs    # Errors  Last Runtime    Last Run               Last # of DB Queries
-----------------------------------------------  -----  ---------  --------  ----------  --------------  -------------------  ----------------------
/opt/airflow/dags/d_1_batch_processing_spark.py                           0           1  0.61s           2024-09-08T11:29:58                       5
/opt/airflow/dags/xcom_dag.py                                             1           0  0.21s           2024-09-08T11:29:31                      12
/opt/airflow/dags/example_bash_operator.py                                1           0  0.21s           2024-09-08T11:29:29                      12
/opt/airflow/dags/sample_dag.py                                           1           0  0.21s           2024-09-08T11:29:30                      12
================================================================================
[2024-09-08T11:30:29.673+0000] {manager.py:997} INFO - 
================================================================================
DAG File Processing Stats

File Path                                        PID    Runtime      # DAGs    # Errors  Last Runtime    Last Run               Last # of DB Queries
-----------------------------------------------  -----  ---------  --------  ----------  --------------  -------------------  ----------------------
/opt/airflow/dags/d_1_batch_processing_spark.py                           0           1  0.61s           2024-09-08T11:30:29                       5
/opt/airflow/dags/example_bash_operator.py                                1           0  0.61s           2024-09-08T11:30:00                      12
/opt/airflow/dags/sample_dag.py                                           1           0  0.51s           2024-09-08T11:30:02                      12
/opt/airflow/dags/xcom_dag.py                                             1           0  0.21s           2024-09-08T11:30:03                      12
================================================================================
[2024-09-08T11:31:00.332+0000] {manager.py:997} INFO - 
================================================================================
DAG File Processing Stats

File Path                                        PID    Runtime      # DAGs    # Errors  Last Runtime    Last Run               Last # of DB Queries
-----------------------------------------------  -----  ---------  --------  ----------  --------------  -------------------  ----------------------
/opt/airflow/dags/d_1_batch_processing_spark.py                           0           1  0.51s           2024-09-08T11:31:00                       5
/opt/airflow/dags/sample_dag.py                                           1           0  0.31s           2024-09-08T11:30:33                      12
/opt/airflow/dags/xcom_dag.py                                             1           0  0.21s           2024-09-08T11:30:34                      12
/opt/airflow/dags/example_bash_operator.py                                1           0  0.21s           2024-09-08T11:30:30                      12
================================================================================
[2024-09-08T11:31:31.103+0000] {manager.py:997} INFO - 
================================================================================
DAG File Processing Stats

File Path                                        PID    Runtime      # DAGs    # Errors  Last Runtime    Last Run               Last # of DB Queries
-----------------------------------------------  -----  ---------  --------  ----------  --------------  -------------------  ----------------------
/opt/airflow/dags/d_1_batch_processing_spark.py                           0           1  0.62s           2024-09-08T11:31:31                       5
/opt/airflow/dags/sample_dag.py                                           1           0  0.31s           2024-09-08T11:31:04                      12
/opt/airflow/dags/example_bash_operator.py                                1           0  0.21s           2024-09-08T11:31:01                      12
/opt/airflow/dags/xcom_dag.py                                             1           0  0.20s           2024-09-08T11:31:05                      12
================================================================================
[2024-09-08T11:32:03.651+0000] {manager.py:997} INFO - 
================================================================================
DAG File Processing Stats

File Path                                        PID    Runtime      # DAGs    # Errors  Last Runtime    Last Run               Last # of DB Queries
-----------------------------------------------  -----  ---------  --------  ----------  --------------  -------------------  ----------------------
/opt/airflow/dags/d_1_batch_processing_spark.py                           0           1  2.22s           2024-09-08T11:32:03                       5
/opt/airflow/dags/example_bash_operator.py                                1           0  0.71s           2024-09-08T11:31:33                      12
/opt/airflow/dags/xcom_dag.py                                             1           0  0.21s           2024-09-08T11:31:35                      12
/opt/airflow/dags/sample_dag.py                                           1           0  0.21s           2024-09-08T11:31:34                      12
================================================================================
[2024-09-08T11:32:35.789+0000] {manager.py:997} INFO - 
================================================================================
DAG File Processing Stats

File Path                                        PID    Runtime      # DAGs    # Errors  Last Runtime    Last Run               Last # of DB Queries
-----------------------------------------------  -----  ---------  --------  ----------  --------------  -------------------  ----------------------
/opt/airflow/dags/d_1_batch_processing_spark.py                           0           1  2.01s           2024-09-08T11:32:35                       5
/opt/airflow/dags/xcom_dag.py                                             1           0  0.21s           2024-09-08T11:32:07                      12
/opt/airflow/dags/sample_dag.py                                           1           0  0.21s           2024-09-08T11:32:06                      12
/opt/airflow/dags/example_bash_operator.py                                1           0  0.21s           2024-09-08T11:32:04                      12
================================================================================
[2024-09-08T11:33:07.182+0000] {manager.py:997} INFO - 
================================================================================
DAG File Processing Stats

File Path                                        PID    Runtime      # DAGs    # Errors  Last Runtime    Last Run               Last # of DB Queries
-----------------------------------------------  -----  ---------  --------  ----------  --------------  -------------------  ----------------------
/opt/airflow/dags/d_1_batch_processing_spark.py                           0           1  1.21s           2024-09-08T11:33:07                       5
/opt/airflow/dags/xcom_dag.py                                             1           0  0.31s           2024-09-08T11:32:39                      12
/opt/airflow/dags/example_bash_operator.py                                1           0  0.31s           2024-09-08T11:32:37                      12
/opt/airflow/dags/sample_dag.py                                           1           0  0.21s           2024-09-08T11:32:38                      12
================================================================================
[2024-09-08T11:33:30.128+0000] {manager.py:465} INFO - Exiting gracefully upon receiving signal 15
